-7.25715 -7.25857
-6.72272 -6.72101
-7.02945 -7.02633
-7.03867 -7.04073
-7.08143 -7.08168
-7.01953 -7.02101
-7.26039 -7.25979
-6.7456 -6.7428
-7.06051 -7.06052
-7.26091 -7.26259
-6.8131 -6.81359
-6.76198 -6.76542
-7.28612 -7.287
-6.61873 -6.61474
-7.24859 -7.24697
-7.29619 -7.29623
-7.08585 -7.08637
-7.00851 -7.01057
-7.36776 -7.36876
-7.22479 -7.22803
-7.03733 -7.03852
-6.88837 -6.88682
-6.77064 -6.76936
-7.1252 -7.12506
-7.26653 -7.26708
-7.08922 -7.08926
-7.04236 -7.04251
-7.24238 -7.24392
-7.04363 -7.04291
-7.14488 -7.14515
-7.03849 -7.03693
-7.09675 -7.09598
-7.0333 -7.03319
-7.3124 -7.31282
-7.04836 -7.04891
-7.04877 -7.04589
-7.3113 -7.31167
-7.06382 -7.06375
-7.03697 -7.03655
-7.06245 -7.0619
-7.00437 -7.00482
-7.03795 -7.03662
-7.04404 -7.04217
-6.71282 -6.71534
-6.81685 -6.81835
-6.87399 -6.87477
-7.25035 -7.25076
-6.93123 -6.92997
-7.05758 -7.05666
-7.22306 -7.22245
-7.05157 -7.05208
-7.26326 -7.26423
-7.02286 -7.025
-7.03643 -7.03784
-7.26273 -7.26376
-7.22189 -7.22512
-6.99221 -6.99278
-7.24279 -7.2444
-6.93026 -6.93181
-7.10087 -7.10073
-7.09609 -7.09642
-7.01567 -7.01675
-7.03091 -7.02726
-7.04028 -7.04048
-7.05636 -7.05454
-7.23919 -7.23921
-7.14025 -7.14047
-7.01035 -7.01062
-7.28045 -7.28079
-7.02554 -7.02493
-7.02403 -7.02406
-7.22098 -7.22219
-7.0398 -7.04043
-7.0329 -7.03382
-6.69088 -6.68794
-6.79526 -6.79435
-7.03759 -7.03643
-7.31039 -7.31146
-7.27526 -7.27427
-6.73507 -6.73278
-7.3747 -7.37574
-7.25039 -7.25058
-7.3765 -7.37757
-7.05101 -7.05118
-7.22973 -7.22978
-6.99408 -6.99292
-7.27371 -7.27453
-6.86768 -6.87072
-7.23927 -7.24289
-7.04764 -7.04854
-6.86339 -6.86375
-7.14022 -7.14061
-7.10934 -7.10928
-7.04451 -7.04464
-7.07301 -7.07379
-7.04391 -7.0437
-7.22918 -7.22784
-7.01669 -7.01656
-7.25247 -7.2539
-6.65312 -6.65374
-7.31908 -7.31962
-6.84149 -6.84373
-6.80451 -6.80113
-7.28318 -7.2827
-7.34883 -7.34979
-7.24435 -7.24631
-7.29698 -7.29754
-6.68565 -6.6815
-6.71244 -6.71414
-6.8339 -6.83564
-7.1245 -7.12463
-6.54202 -6.54076
-7.06811 -7.069
-7.00656 -7.00635
-7.1553 -7.15561
-7.10905 -7.10888
-7.31881 -7.32014
-7.27269 -7.27409
-7.23017 -7.22975
-7.20718 -7.20763
-7.03874 -7.03996
-6.99546 -6.99523
-7.30336 -7.30432
-6.74501 -6.74685
-7.03434 -7.03295
-7.04483 -7.04389
-7.28941 -7.29075
-7.06005 -7.05813
-7.31879 -7.3195
-7.15422 -7.1546
-7.11302 -7.11273
-7.00054 -6.9998
-7.05584 -7.0539
-7.03429 -7.03698
-7.36764 -7.3686
-7.02984 -7.0296
-7.27096 -7.27097
-7.07418 -7.07351
-6.9833 -6.98454
-7.08638 -7.08534
-7.03839 -7.03978
-7.22526 -7.22593
-7.27847 -7.27933
-7.04653 -7.04609
-7.04976 -7.04849
-7.04453 -7.0447
-7.14653 -7.14681
-7.00575 -7.00465
-7.24294 -7.24433
-7.04089 -7.04097
-7.01745 -7.01777
-7.23737 -7.23895
-6.86003 -6.86162
-7.28065 -7.27998
-7.34304 -7.34383
-7.27881 -7.28027
-6.94706 -6.94223
-7.12925 -7.12941
-7.2384 -7.23897
-7.25855 -7.25816
-6.71964 -6.7175
-7.03954 -7.03679
-6.83437 -6.83179
-6.70686 -6.70796
-6.58417 -6.58137
-7.15607 -7.15639
-7.24421 -7.24397
-7.02501 -7.02491
-6.56002 -6.56488
-7.09211 -7.0918
-7.3465 -7.34747
-6.80803 -6.80443
-7.2178 -7.21747
-6.73002 -6.72792
-7.26097 -7.26145
-7.26344 -7.26305
-6.85745 -6.85789
-7.05238 -7.05194
-6.74115 -6.74119
-7.1074 -7.10735
-7.07012 -7.07075
-6.84134 -6.84179
-6.78137 -6.78441
-7.33279 -7.33434
-7.10447 -7.10391
-7.02211 -7.02248
-6.77141 -6.77181
-7.014 -7.01432
-7.23556 -7.23652
-6.70801 -6.7071
-7.00941 -7.00823
-6.73958 -6.74182
-7.22677 -7.22934
-7.25348 -7.25499
-7.37465 -7.37573
-7.34671 -7.34775
-6.80675 -6.80702
-6.7749 -6.77346
-7.37099 -7.372
-6.75838 -6.75554
-7.29847 -7.29901
-6.90449 -6.90148
-7.0403 -7.04043
-7.12513 -7.12515
-7.23362 -7.23316
-7.10983 -7.10913
-6.76166 -6.75954
-7.00337 -7.00285
-6.33999 -6.33936
-7.06517 -7.06496
-6.97204 -6.96786
-7.00751 -7.00827
-7.28281 -7.28399
-7.0484 -7.04674
-7.14725 -7.14753
-7.13735 -7.1373
-7.01471 -7.01191
-7.26834 -7.26714
-7.3425 -7.34333
-6.91194 -6.91357
-7.15543 -7.15575
-7.27092 -7.27032
-6.97533 -6.97491
-7.07667 -7.07737
-7.04617 -7.0472
-7.07764 -7.07818
-6.70523 -6.70366
-7.2687 -7.26949
-7.26602 -7.26602
-7.24576 -7.24727
-7.28359 -7.28357
-6.99084 -6.99133
-7.2342 -7.23654
-7.04261 -7.04093
-6.86481 -6.86145
-7.0693 -7.06985
-7.37545 -7.3765
-7.2698 -7.27007
-7.2494 -7.24972
-7.02792 -7.02758
-7.02413 -7.02248
-7.37475 -7.37583
-6.74563 -6.74351
-7.19686 -7.19882
-7.24273 -7.24161
-6.82808 -6.82996
-7.32114 -7.32173
-7.0002 -7.00112
-7.02954 -7.03008
-6.78863 -6.78903
-7.02991 -7.02947
-7.03729 -7.03878
-6.78689 -6.78603
-7.36792 -7.36875
-7.01006 -7.00698
-7.25794 -7.25825
-7.21398 -7.21513
-7.24218 -7.24303
-6.67218 -6.67076
-7.25921 -7.25936
-6.65835 -6.65719
-6.59464 -6.5978
-7.36772 -7.36868
-7.13081 -7.13076
-7.21551 -7.21665
-7.31853 -7.31942
-7.01583 -7.01431
-7.05714 -7.05521
-7.37348 -7.37454
-7.26544 -7.26431
-7.0011 -7.00111
-7.04977 -7.05092
-7.22932 -7.23079
-7.27025 -7.27058
-7.34633 -7.34707
-7.21227 -7.21205
-7.35301 -7.3538
-7.29006 -7.29113
-7.08648 -7.08611
-7.26141 -7.26175
-7.3372 -7.33777
-7.04977 -7.05092
-7.35527 -7.35605
-6.97218 -6.97454
-6.87073 -6.87155
-6.58405 -6.58468
-6.81868 -6.81658
-7.0279 -7.02564
-7.0463 -7.0448
-7.06949 -7.06966
-7.06318 -7.0634
-6.85104 -6.85227
-7.26318 -7.2647
-7.04019 -7.03853
-7.06225 -7.05891
-6.99954 -6.99969
-7.14819 -7.1485
-6.62258 -6.62358
-7.0374 -7.03491
-7.26996 -7.2708
-7.31425 -7.31461
-7.02523 -7.02427
-6.94844 -6.94661
-7.02424 -7.02191
-7.05714 -7.05521
-6.9481 -6.94669
-7.23844 -7.23787
-7.34852 -7.34916
-7.27145 -7.27263
-7.09192 -7.0914
-7.07169 -7.07165
-7.09577 -7.09614
-7.27216 -7.27327
-7.27838 -7.27834
-7.23518 -7.23517
-7.08244 -7.08354
-7.20191 -7.19916
-7.08049 -7.08028
-7.27876 -7.27793
-7.24597 -7.24683
-7.06426 -7.06277
-6.96523 -6.96573
-7.21111 -7.21082
-7.24774 -7.24619
-7.03525 -7.03548
-7.23996 -7.23938
-7.01192 -7.00957
-7.33756 -7.33848
-6.83521 -6.83343
-7.24823 -7.24687
-7.37386 -7.375
-6.60872 -6.60555
-6.71417 -6.71076
-6.93966 -6.94173
-7.04619 -7.04586
-7.03947 -7.04023
-7.30125 -7.30236
-7.05168 -7.05169
-7.07491 -7.07625
-7.04191 -7.04034
-7.14549 -7.14576
-7.24231 -7.24292
-6.79905 -6.7983
-7.14189 -7.1422
-6.76409 -6.76641
-7.03545 -7.03358
-7.03175 -7.03124
-7.03369 -7.03321
-7.03577 -7.03459
-7.00375 -7.00421
-6.95758 -6.95778
-7.0309 -7.02965
-7.00375 -7.0033
-7.01413 -7.01607
-7.13219 -7.13255
-7.06867 -7.06849
-7.22087 -7.21797
-7.0642 -7.06593
-7.0713 -7.06956
-7.07397 -7.07372
-6.99669 -7.0002
-7.24614 -7.24732
-6.73791 -6.73925
-7.15325 -7.15352
-7.11142 -7.11097
-7.01758 -7.0165
-7.24849 -7.24545
-7.04125 -7.04213
-7.01098 -7.01138
-7.0684 -7.06952
-6.99252 -6.99449
-7.06766 -7.06746
-6.82497 -6.82433
-7.24524 -7.24355
-6.73208 -6.72845
-7.28839 -7.28943
-7.19911 -7.19663
-7.29946 -7.30042
-7.10741 -7.10748
-7.30459 -7.30515
-6.99752 -7.00046
-7.26523 -7.26579
-7.24664 -7.2496
-6.87569 -6.87724
-7.36423 -7.36499
-7.25421 -7.25591
-6.81625 -6.81281
-6.99537 -6.99592
-7.02299 -7.02247
-7.0325 -7.03332
-7.29461 -7.29479
-7.27069 -7.27214
-6.94538 -6.94396
-7.02179 -7.02345
-7.36719 -7.3681
-6.96555 -6.96739
-7.21061 -7.21177
-7.26843 -7.26851
-7.30043 -7.30063
-7.05303 -7.05354
-7.09978 -7.09891
-7.32314 -7.32384
-7.03867 -7.03804
-6.25785 -6.27053
-7.03332 -7.03183
-7.05084 -7.05003
-7.04713 -7.04748
-7.35765 -7.35855
-7.0481 -7.04854
-7.04845 -7.04903
-6.73011 -6.73098
-7.00805 -7.00473
-7.3135 -7.31426
-6.91977 -6.91891
-6.93982 -6.93392
-7.06688 -7.06403
-7.01377 -7.01594
-7.06027 -7.05878
-7.08033 -7.07999
-7.31427 -7.31485
-7.26025 -7.25884
-7.04539 -7.04592
-7.03671 -7.03809
-6.82585 -6.82603
-7.01481 -7.01234
-6.98261 -6.98083
-7.01871 -7.01962
-7.0441 -7.04401
-7.05525 -7.056
-6.99932 -6.99819
-7.07304 -7.07272
-6.68634 -6.68466
-7.03745 -7.0402
-7.28414 -7.28636
-7.27605 -7.27722
-7.25142 -7.25317
-6.75243 -6.75032
-7.01576 -7.01721
-7.23501 -7.23572
-7.24094 -7.23979
-7.03893 -7.03621
-7.07226 -7.07252
-7.35811 -7.35866
-7.23047 -7.2291
-7.15001 -7.15029
-7.34927 -7.35016
-7.12183 -7.12182
-7.06688 -7.06403
-6.94232 -6.94261
-7.25267 -7.25213
-6.99192 -6.99314
-7.31173 -7.31234
-7.13329 -7.13298
-7.26901 -7.26891
-7.03615 -7.03691
-7.02201 -7.02364
-7.2618 -7.26278
-7.34499 -7.34559
-7.37251 -7.37347
-6.70335 -6.70299
-7.23716 -7.23848
-7.24726 -7.24897
-7.02369 -7.02244
-7.34142 -7.34204
-6.82919 -6.82861
-7.04395 -7.04407
-6.98678 -6.98607
-7.07442 -7.07532
-7.1332 -7.13282
-7.2286 -7.22829
-7.21045 -7.2144
-7.03828 -7.0393
-7.09965 -7.09933
-7.31784 -7.31819
-6.96899 -6.96837
-6.5627 -6.55984
-7.12188 -7.12173
-7.26978 -7.26972
-7.0333 -7.0355
-7.04186 -7.0423
-6.72464 -6.72076
-7.03066 -7.03045
-7.04851 -7.04869
-6.90799 -6.90554
-7.31847 -7.31913
-7.08433 -7.08478
-7.0799 -7.07972
-7.27913 -7.27907
-7.30611 -7.30658
-7.08931 -7.08883
-6.61501 -6.61216
-7.24522 -7.24678
-6.80733 -6.80738
-7.28338 -7.28307
-7.27474 -7.27544
-7.05672 -7.05644
-6.78968 -6.78909
-7.15746 -7.1578
-6.99395 -6.99367
-6.90343 -6.90399
-6.81523 -6.81756
-7.28273 -7.28265
-7.00313 -7.00216
-6.74152 -6.74159
-7.245 -7.24594
-7.26859 -7.2691
-6.98883 -6.98691
-7.03634 -7.03875
-7.24835 -7.24928
-7.26298 -7.26378
-7.12289 -7.12285
-7.06108 -7.06114
-6.57459 -6.57756
-7.0581 -7.05544
-6.65435 -6.65574
-6.52242 -6.52368
-7.1246 -7.12474
-7.04619 -7.04586
-7.32412 -7.32529
-7.24358 -7.24417
-7.00815 -7.00834
-7.05604 -7.05662
-7.22904 -7.23011
-6.99803 -6.99873
-7.25535 -7.25528
-6.52269 -6.52126
-7.03382 -7.03294
-7.34919 -7.3502
-7.02572 -7.02536
-7.0311 -7.02971
-7.07102 -7.07076
-6.86289 -6.86552
-6.72773 -6.72562
-7.10308 -7.10306
-6.81841 -6.82109
-6.90249 -6.89754
-6.94398 -6.94373
-7.26958 -7.27022
-7.21721 -7.21851
-7.00764 -7.00662
-7.37755 -7.37865
-7.04744 -7.04679
-7.06234 -7.06175
-7.368 -7.36889
-7.25135 -7.25178
-7.21439 -7.21332
-7.24343 -7.24521
-7.09817 -7.09786
-7.04996 -7.04925
-7.15406 -7.15438
-7.11819 -7.1179
-6.85215 -6.84861
-6.77205 -6.7711
-6.59264 -6.59035
-7.2621 -7.2628
-6.85177 -6.85069
-7.24966 -7.25068
-7.14383 -7.14391
-7.15656 -7.15686
-7.24938 -7.25015
-6.79093 -6.79058
-7.02506 -7.02242
-6.97428 -6.97232
-7.30912 -7.31024
-7.00731 -7.00899
-7.23332 -7.23427
-7.27084 -7.27213
-7.10103 -7.10094
-7.09045 -7.08939
-7.0352 -7.03318
-6.91319 -6.91089
-7.03778 -7.03727
-7.36665 -7.36754
-7.03376 -7.035
-6.85636 -6.85573
-6.99529 -6.99568
-7.06931 -7.06846
-7.04242 -7.04209
-7.37577 -7.37685
-7.02595 -7.02523
-6.95349 -6.952
-7.02729 -7.02945
-7.02025 -7.02302
-6.77586 -6.77713
-7.02607 -7.02644
-7.00179 -7.00252
-7.03007 -7.02809
-7.04539 -7.04592
-7.29825 -7.30009
-7.2381 -7.23904
-6.80547 -6.8064
-7.13157 -7.13196
-6.93538 -6.93347
-7.24692 -7.24603
-7.27131 -7.27203
-7.10305 -7.10289
-7.06341 -7.06357
-7.04597 -7.0453
-7.34551 -7.34624
-7.04718 -7.04848
-7.32458 -7.32543
-7.25869 -7.25842
-7.0695 -7.06976
-6.97306 -6.97037
-6.88848 -6.89015
-7.35403 -7.35491
-7.08984 -7.0902
-7.04316 -7.04342
-6.92282 -6.92464
-7.01017 -7.00941
-7.25345 -7.25636
-7.27406 -7.27532
-7.01072 -7.01261
-7.12832 -7.12804
-7.25486 -7.25534
-6.91256 -6.90982
-7.01231 -7.01104
-6.99166 -6.9902
-7.06559 -7.06456
-7.18918 -7.19011
-7.14646 -7.14684
-7.2909 -7.29112
-7.26421 -7.26341
-7.21045 -7.20982
-6.83673 -6.83881
-7.34498 -7.34583
-7.24709 -7.2469
-7.03455 -7.03375
-7.20358 -7.20155
-6.90061 -6.90023
-7.05148 -7.0528
-6.97771 -6.97958
-7.36699 -7.36796
-7.29259 -7.29356
-6.89334 -6.89027
-6.88695 -6.88227
-7.0923 -7.09305
-7.01204 -7.01324
-7.04426 -7.04375
-6.80835 -6.8071
-7.22846 -7.22815
-7.0298 -7.0325
-7.05303 -7.052
-7.24139 -7.24176
-7.05921 -7.06054
-7.27503 -7.27694
-7.24362 -7.24388
-7.28506 -7.28673
-7.19592 -7.19308
-7.25282 -7.25409
-6.96003 -6.95689
-6.95661 -6.95617
-6.97475 -6.97539
-7.24496 -7.24733
-7.2104 -7.21172
-7.00966 -7.00945
-7.34955 -7.34994
-7.04328 -7.04295
-7.3236 -7.324
-7.03977 -7.04035
-7.2717 -7.27179
-7.06088 -7.05992
-7.0214 -7.02002
-7.25856 -7.2592
-7.15436 -7.15463
-6.99094 -6.99087
-6.94449 -6.94418
-6.77857 -6.77728
-7.03524 -7.03539
-7.25316 -7.25266
-7.28795 -7.2897
-7.21245 -7.21406
-7.32364 -7.32389
-7.03126 -7.03231
-7.07116 -7.07184
-7.05036 -7.05029
-7.33108 -7.33255
-7.02894 -7.0283
-6.71958 -6.71807
-7.07056 -7.06902
-7.11545 -7.11521
-7.02753 -7.02703
-7.08431 -7.084
-7.06261 -7.06316
-7.0344 -7.03335
-6.81168 -6.81274
-7.23321 -7.23481
-7.35941 -7.36031
-6.77411 -6.7747
-7.24194 -7.24096
-7.35972 -7.36085
-7.21265 -7.21506
-7.31793 -7.31934
-7.10905 -7.10862
-7.04641 -7.04567
-7.31585 -7.31707
-7.089 -7.08938
-7.02408 -7.02301
-7.00406 -7.00218
-7.04805 -7.04801
-7.34053 -7.34095
-7.20302 -7.20221
-6.70157 -6.70454
-7.30485 -7.30493
-7.03056 -7.02752
-7.05989 -7.06039
-7.00926 -7.00577
-7.00284 -7.00283
-7.31238 -7.31222
-7.02058 -7.02343
-6.62562 -6.6262
-6.89598 -6.89283
-7.2314 -7.2326
-7.26644 -7.26689
-7.05273 -7.05243
-7.27133 -7.27114
-6.70738 -6.70783
-7.09423 -7.09443
-7.05412 -7.05437
-7.0281 -7.02707
-6.93809 -6.93923
-6.57386 -6.57061
-7.35475 -7.35566
-6.96393 -6.96158
-7.03052 -7.03126
-7.35769 -7.35869
-6.86551 -6.85991
-6.83273 -6.83166
-7.01469 -7.01453
-6.77724 -6.77735
-7.27509 -7.27465
-6.84925 -6.84717
-7.23241 -7.23302
-7.28326 -7.2844
-6.72269 -6.72488
-6.75089 -6.75172
-6.81174 -6.81068
-7.1258 -7.12603
-7.07058 -7.06985
-7.23382 -7.23284
-7.22951 -7.22988
-7.01168 -7.01199
-7.13949 -7.13981
-7.12859 -7.12842
-7.26954 -7.26908
-7.0866 -7.08614
-7.07012 -7.07075
-6.73574 -6.73067
-7.05329 -7.05319
-7.27001 -7.27093
-7.2459 -7.24783
-7.06246 -7.06321
-7.04252 -7.04375
-6.98876 -6.99093
-7.27055 -7.27146
-6.89017 -6.88882
-7.03311 -7.03042
-7.03032 -7.03032
-7.02906 -7.03036
-7.06517 -7.06496
-7.27132 -7.27351
-7.31986 -7.32073
-7.03213 -7.03427
-7.25142 -7.25234
-6.96101 -6.96303
-7.26841 -7.26835
-7.2357 -7.23743
-6.99818 -6.99847
-7.05478 -7.05353
-7.03529 -7.03537
-6.84996 -6.8445
-7.02842 -7.02931
-7.03091 -7.03272
-6.7819 -6.77716
-6.64131 -6.64061
-7.02764 -7.02513
-7.02184 -7.02117
-7.24517 -7.24636
-7.13909 -7.13938
-7.00438 -7.00491
-7.27153 -7.27452
-7.14323 -7.1434
-7.03202 -7.03031
-7.27011 -7.27005
-6.89982 -6.8974
-7.03785 -7.03607
-6.70789 -6.71123
-7.05471 -7.05525
-7.06591 -7.06714
-7.23994 -7.23926
-7.04272 -7.04052
-6.84565 -6.84299
-6.5529 -6.55345
-7.21185 -7.21121
-7.23052 -7.2293
-7.03896 -7.03681
-7.05929 -7.06058
-7.322 -7.32338
-7.15686 -7.15719
-7.37332 -7.37438
-6.87172 -6.87254
-7.32758 -7.32849
-7.24111 -7.23954
-6.76698 -6.76704
-7.24754 -7.24769
-7.25936 -7.25984
-7.08635 -7.08492
-7.31878 -7.31945
-6.81478 -6.8137
-6.95789 -6.95621
-6.96363 -6.95993
-7.14288 -7.14314
-7.24024 -7.24048
-7.05633 -7.05591
-7.23362 -7.23414
-6.85115 -6.85354
-7.30392 -7.30488
-7.27545 -7.27502
-7.01824 -7.01704
-6.79695 -6.79844
-7.34072 -7.34128
-7.29235 -7.29375
-7.33235 -7.3329
-7.0294 -7.02754
-7.35754 -7.35868
-7.2064 -7.20535
-7.0804 -7.08042
-7.09631 -7.09614
-7.26353 -7.26396
-7.23194 -7.23301
-7.02817 -7.0272
-6.96144 -6.95681
-7.02786 -7.02499
-7.36945 -7.37038
-7.01374 -7.01569
-7.00748 -7.00836
-6.77522 -6.76907
-7.09988 -7.09954
-6.7651 -6.76711
-6.63933 -6.64084
-7.06005 -7.05813
-7.04303 -7.04256
-7.3268 -7.32789
-7.1306 -7.13097
-7.27251 -7.27342
-7.04079 -7.03883
-7.32284 -7.32379
-6.7551 -6.7534
-7.04709 -7.04708
-6.82977 -6.82771
-7.07053 -7.07181
-7.09236 -7.09163
-7.25625 -7.25448
-7.22745 -7.23042
-7.23341 -7.23439
-7.07819 -7.07783
-7.07348 -7.07336
-7.02699 -7.02777
-7.31005 -7.31033
-7.12959 -7.12983
-7.09222 -7.09169
-7.00337 -7.00332
-7.02952 -7.02922
-7.02941 -7.02907
-6.99954 -7.00179
-7.09206 -7.0918
-7.04408 -7.04022
-6.91067 -6.90718
-6.95244 -6.95449
-7.08017 -7.08046
-7.27329 -7.2739
-7.32863 -7.32954
-7.2097 -7.20815
-7.01216 -7.01338
-6.90202 -6.90186
-7.03942 -7.03684
-7.34003 -7.34086
-7.10237 -7.10253
-6.98681 -6.98895
-6.683 -6.68002
-7.26645 -7.26673
-7.02915 -7.03037
-7.05181 -7.05239
-7.0383 -7.0381
-7.1131 -7.11336
-7.3448 -7.34555
-7.03747 -7.03712
-6.975 -6.9745
-7.06197 -7.06152
-7.27044 -7.2707
-6.70113 -6.69851
-7.13083 -7.13071
-7.0539 -7.05139
-6.73926 -6.7385
-7.22538 -7.22488
-6.7628 -6.76151
-7.14462 -7.14481
-7.25933 -7.26123
-7.35264 -7.35359
-7.13818 -7.13823
-7.2343 -7.23535
-7.02268 -7.02434
-7.15118 -7.15149
-7.06191 -7.06153
-7.27105 -7.26938
-6.97938 -6.97637
-7.15588 -7.1562
-7.02915 -7.02944
-7.03575 -7.03336
-7.36464 -7.36532
-7.0507 -7.04973
-7.37679 -7.37788
-7.02676 -7.02946
-7.04822 -7.04586
-7.07838 -7.07679
-6.88553 -6.88582
-7.24266 -7.23899
-7.22072 -7.22173
-7.03344 -7.0327
-7.04601 -7.04425
-6.95317 -6.95216
-6.92584 -6.92394
-7.19962 -7.20361
-7.01228 -7.01244
-6.98052 -6.98122
-7.02111 -7.02006
-7.03945 -7.0397
-7.1521 -7.15241
-7.12838 -7.12874
-7.06567 -7.06618
-7.34029 -7.34092
-7.02292 -7.02172
-7.02978 -7.03016
-7.27314 -7.27486
-7.01197 -7.0157
-6.88131 -6.88289
-6.94882 -6.94865
-7.277 -7.27794
-6.85296 -6.8503
-7.10629 -7.10617
-7.26305 -7.26349
-7.0406 -7.04158
-7.26997 -7.27142
-7.055 -7.05289
-7.01482 -7.01809
-6.65082 -6.64897
-6.87576 -6.87599
-7.28609 -7.28703
-7.01974 -7.0186
-7.35577 -7.35661
-7.26297 -7.26493
-6.71057 -6.71333
-7.12227 -7.12218
-7.14799 -7.14827
-7.07414 -7.07422
-7.25265 -7.25219
-6.98916 -6.9877
-7.27861 -7.27896
-7.23767 -7.23982
-6.8056 -6.8027
-7.00097 -7.00043
-7.20078 -7.2011
-7.06345 -7.06266
-7.1217 -7.12212
-7.28494 -7.28525
-7.27913 -7.27919
-7.27332 -7.2738
-7.24025 -7.23915
-7.36487 -7.36573
-7.05777 -7.05626
-7.25989 -7.26231
-7.10186 -7.10155
-7.07715 -7.07633
-7.26912 -7.26888
-7.08487 -7.08526
-7.01252 -7.01343
-7.32892 -7.32979
-7.06739 -7.06755
-7.23194 -7.23053
-7.03398 -7.03392
-7.09387 -7.09323
-7.12943 -7.12995
-7.04991 -7.04922
-7.04715 -7.04426
-7.02405 -7.02626
-7.05674 -7.05462
-7.37605 -7.37715
-7.14179 -7.14206
-7.08648 -7.08611
-7.14685 -7.14722
-7.25462 -7.25708
-7.25538 -7.25591
-7.05931 -7.05793
-7.09472 -7.09396
-6.82414 -6.82418
-7.24789 -7.24724
-6.34137 -6.34315
-7.20855 -7.21238
-6.98514 -6.9871
-7.35126 -7.35205
-7.24251 -7.24088
-6.95505 -6.95354
-7.0984 -7.09845
-7.14305 -7.14311
-7.02677 -7.02351
-7.05475 -7.0539
-7.06368 -7.0643
-7.01904 -7.01809
-7.13326 -7.13294
-7.23592 -7.2356
-7.27347 -7.27306
-7.23591 -7.23646
-7.27168 -7.2742
-6.96119 -6.95768
-6.55574 -6.5568
-6.83107 -6.83301
-6.59469 -6.59402
-6.99928 -6.99979
-7.24428 -7.24549
-7.08889 -7.08835
-7.24956 -7.25191
-7.13894 -7.13911
-7.00521 -7.00425
-6.59052 -6.59165
-7.15296 -7.1533
-7.03277 -7.03077
-7.00059 -7.00155
-7.06031 -7.05936
-6.70255 -6.70265
-7.31462 -7.31532
-7.02956 -7.03149
-7.04113 -7.04073
-7.25492 -7.25476
-7.30534 -7.30656
-7.23647 -7.23668
-6.96357 -6.96308
-7.05153 -7.0498
-6.90815 -6.90376
-7.05886 -7.06019
-7.31224 -7.31255
-7.08002 -7.0798
-7.26197 -7.26263
-7.01922 -7.01803
-7.07882 -7.07851
-6.6419 -6.64249
-7.3057 -7.30609
-6.654 -6.65487
-7.05816 -7.05971
-6.89839 -6.89971
-6.90738 -6.90233
-6.81854 -6.81645
-7.31793 -7.31853
-7.04403 -7.043
-7.19742 -7.19872
-6.60567 -6.60465
-7.1371 -7.13753
-7.25742 -7.25771
-7.22409 -7.22466
-6.92224 -6.92476
-7.24303 -7.24303
-6.7923 -6.7923
-7.35775 -7.35856
-7.03562 -7.03421
-7.23017 -7.23006
-7.07712 -7.07688
-7.07026 -7.06949
-7.05355 -7.05469
-7.28977 -7.29021
-7.11567 -7.1156
-7.0911 -7.09071
-7.05332 -7.05291
-7.03953 -7.04073
-7.0582 -7.05714
-7.26854 -7.26831
-7.3092 -7.30955
-7.05801 -7.05559
-7.21462 -7.21359
-7.00665 -7.00755
-6.97758 -6.97686
-7.0202 -7.02
-7.08453 -7.08477
-6.77623 -6.77515
-7.02517 -7.02417
-7.24307 -7.2421
-7.00858 -7.00683
-7.04706 -7.04772
-7.05178 -7.05357
-6.97984 -6.97923
-7.05716 -7.05672
-7.04038 -7.0403
-7.03246 -7.03158
-7.03322 -7.03162
-7.27039 -7.27057
-6.93332 -6.93521
-6.83102 -6.83049
-7.25911 -7.25858
-7.25638 -7.25694
-7.26526 -7.26727
-7.01176 -7.013
-7.23128 -7.2298
-6.75496 -6.75364
-7.06765 -7.06863
-7.05309 -7.05272
-7.26988 -7.27077
-7.24731 -7.24783
-7.23347 -7.23213
-6.87563 -6.87458
-7.14567 -7.14593
-6.8987 -6.89947
-7.10588 -7.10536
-6.98107 -6.98168
-7.28002 -7.28088
-6.98398 -6.98521
-7.31839 -7.31924
-7.03072 -7.03199
-6.80652 -6.80058
-6.57403 -6.57977
-7.03614 -7.0345
-7.34577 -7.34658
-7.01072 -7.01261
-7.02419 -7.02478
-7.31104 -7.31191
-7.02567 -7.02444
-7.04949 -7.04963
-6.61548 -6.61471
-7.27412 -7.27588
-7.23741 -7.23696
-7.30396 -7.30446
-7.24336 -7.24228
-6.95236 -6.95244
-7.33896 -7.33961
-7.02568 -7.02628
-7.35457 -7.35528
-7.03061 -7.03077
-7.27793 -7.2777
-7.01673 -7.01836
-6.94159 -6.94206
-6.9603 -6.96179
-7.22769 -7.22786
-6.5695 -6.5673
-6.86701 -6.86154
-7.22033 -7.2234
-7.03671 -7.03809
-7.15155 -7.15179
-7.23085 -7.23108
-7.32127 -7.32197
-7.02842 -7.02835
-7.01993 -7.02192
-7.1511 -7.1514
-7.10945 -7.10905
-7.01111 -7.01142
-7.34827 -7.34928
-7.0152 -7.01652
-7.02282 -7.0218
-7.25821 -7.25814
-6.93006 -6.92875
-7.22899 -7.22958
-7.29186 -7.29258
-7.05084 -7.05003
-7.23509 -7.23606
-7.27175 -7.27155
-6.89449 -6.89618
-7.10198 -7.10216
-6.82422 -6.82261
-7.08489 -7.08724
-7.01978 -7.02005
-6.99457 -6.99816
-6.84219 -6.83896
-7.35693 -7.35772
-7.33501 -7.3355
-7.36973 -7.37075
-7.22306 -7.22338
-7.23094 -7.23215
-7.25066 -7.2507
-6.99851 -6.99868
-7.35226 -7.35338
-7.31043 -7.31162
-7.26001 -7.26068
-7.01452 -7.01586
-7.26428 -7.26592
-6.9314 -6.9295
-7.05503 -7.05494
-6.76353 -6.76464
-7.27352 -7.27297
-7.26126 -7.26256
-7.02076 -7.02275
-7.24734 -7.24861
-7.02046 -7.01954
-7.0014 -7.00215
-7.02556 -7.02646
-7.01454 -7.0152
-7.11341 -7.11308
-7.37608 -7.37717
-7.01764 -7.01541
-7.37499 -7.3761
-7.01757 -7.02031
-7.06679 -7.06778
-6.8262 -6.82614
-7.04012 -7.03875
-7.30154 -7.3019
-7.01528 -7.01679
-7.01564 -7.01547
-7.0535 -7.05285
-7.2223 -7.2231
-7.23078 -7.23031
-7.01613 -7.01587
-7.27755 -7.27838
-7.3629 -7.36366
-6.98232 -6.98145
-7.06456 -7.06525
-7.13592 -7.13609
-7.00532 -7.00375
-7.26813 -7.26885
-7.36009 -7.36082
-7.04455 -7.04397
-7.15641 -7.15675
-7.23523 -7.23972
-7.02269 -7.01735
-7.34997 -7.3507
-6.69316 -6.69027
-6.94944 -6.94789
-7.02152 -7.01931
-7.02634 -7.02591
-7.08113 -7.08072
-6.87028 -6.87153
-7.3375 -7.3382
-6.99997 -7.00165
-7.10678 -7.10614
-6.66786 -6.66746
-7.02028 -7.02163
-6.73038 -6.72767
-7.23668 -7.23729
-7.03435 -7.03197
-7.02774 -7.02666
-6.96582 -6.96349
-7.27292 -7.27448
-7.02819 -7.02787
-7.00839 -7.00797
-7.19725 -7.19666
-6.80438 -6.80678
-7.07266 -7.07206
-6.98791 -6.98683
-7.25015 -7.24836
-7.07057 -7.07143
-6.98048 -6.97943
-7.08487 -7.08568
-6.99542 -6.99686
-7.0582 -7.05714
-7.03988 -7.03935
-7.04015 -7.0396
-6.66863 -6.66545
-7.30226 -7.30266
-7.23026 -7.23143
-7.04967 -7.04955
-7.26241 -7.26139
-7.2826 -7.2832
-7.28054 -7.2816
-7.02747 -7.02762
-7.13767 -7.13789
-7.20638 -7.20425
-7.24949 -7.24692
-7.34581 -7.34641
-7.0191 -7.02214
-7.06309 -7.06214
-7.08314 -7.08347
-6.74018 -6.73633
-7.0735 -7.07345
-6.84384 -6.84317
-7.26682 -7.26809
-7.31714 -7.31782
-7.01843 -7.02007
-7.04381 -7.04142
-6.71158 -6.71445
-7.00486 -7.00387
-7.02662 -7.02606
-6.99803 -6.99769
-6.64059 -6.64358
-7.37273 -7.37373
-7.35936 -7.36027
-6.81841 -6.81885
-6.69829 -6.69866
-7.33021 -7.33158
-7.1316 -7.13178
-7.13841 -7.1387
-6.82951 -6.82967
-7.05133 -7.05079
-7.25857 -7.25866
-7.13136 -7.13131
-7.02302 -7.02117
-7.03257 -7.03324
-6.99168 -6.99131
-7.04764 -7.04854
-7.33388 -7.33485
-7.02149 -7.02186
-7.03102 -7.03088
-7.25162 -7.25197
-7.21655 -7.21764
-7.35692 -7.35767
-7.26105 -7.26231
-7.06319 -7.06073
-6.84428 -6.84248
-6.70734 -6.70682
-7.08435 -7.08518
-7.06114 -7.06005
-6.75838 -6.75601
-7.07568 -7.07507
-7.2688 -7.27
-6.8853 -6.88376
-7.31907 -7.31981
-7.02257 -7.02179
-7.34275 -7.34336
-7.07711 -7.07757
-7.02274 -7.02438
-7.2561 -7.25582
-7.04433 -7.04741
-7.25254 -7.25104
-7.06665 -7.06576
-6.95041 -6.95018
-7.37254 -7.37351
-7.10489 -7.10479
-7.02327 -7.02199
-7.04403 -7.043
-7.01982 -7.0212
-7.00537 -7.00556
-6.70492 -6.7022
-7.15394 -7.15425
-7.28164 -7.28147
-7.25086 -7.25173
-7.26075 -7.26047
-7.03344 -7.03221
-6.71516 -6.70909
-6.76708 -6.77028
-7.07305 -7.07146
-7.30074 -7.30067
-7.08598 -7.0862
-6.81106 -6.81388
-7.31073 -7.31075
-7.03879 -7.03908
-7.25056 -7.25161
-7.26886 -7.26917
-7.26249 -7.26233
-7.26937 -7.26906
-6.75919 -6.7567
-7.0562 -7.05665
-6.83047 -6.83098
-7.07156 -7.07135
-7.32266 -7.32382
-7.00217 -7.00365
-7.24699 -7.247
-6.98977 -6.98801
-6.86684 -6.86509
-6.9162 -6.9181
-7.13593 -7.13621
-7.03405 -7.03333
-7.28001 -7.27965
-7.02711 -7.02788
-6.99137 -6.99216
-7.01107 -7.01319
-6.74577 -6.74784
-7.26645 -7.26541
-6.98069 -6.98117
-6.74792 -6.74952
-7.05011 -7.04811
-7.36929 -7.37022
-7.37422 -7.37532
-6.8754 -6.88081
-7.32061 -7.32126
-6.97197 -6.97215
-6.90211 -6.90589
-7.04276 -7.04291
-6.78054 -6.7811
-6.97127 -6.96959
-7.23635 -7.23631
-7.14053 -7.14073
-6.89944 -6.89422
-7.25272 -7.25368
-6.7671 -6.76565
-7.27295 -7.27413
-7.08165 -7.08227
-7.05425 -7.05395
-7.27122 -7.27212
-7.34503 -7.34547
-7.05306 -7.05383
-7.31996 -7.32105
-7.27407 -7.27462
-7.06311 -7.06087
-7.24431 -7.24527
-7.33473 -7.3357
-7.07933 -7.07905
-7.08076 -7.07891
-6.69757 -6.6987
-7.07271 -7.07324
-6.70406 -6.69929
-7.03241 -7.03347
-7.12104 -7.12117
-6.76224 -6.76059
-6.97568 -6.97514
-7.26767 -7.26826
-7.3503 -7.35107
-7.24274 -7.24383
-6.75468 -6.75585
-7.23285 -7.23228
-7.2929 -7.2925
-7.14759 -7.1479
-7.01643 -7.01552
-7.06606 -7.06571
-7.2409 -7.23951
-7.06319 -7.06073
-6.85421 -6.85558
-7.33266 -7.33339
-7.06466 -7.06464
-7.12236 -7.12275
-6.64512 -6.64437
-7.24118 -7.24233
-7.15014 -7.15054
-7.30522 -7.30602
-7.22659 -7.23061
-7.02439 -7.02615
-7.32231 -7.32304
-6.51547 -6.5202
-7.27854 -7.27904
-6.49769 -6.49505
-7.13932 -7.13958
-7.28118 -7.28196
-6.80855 -6.80525
-7.01481 -7.0118
-6.59584 -6.59864
-7.05536 -7.05576
-7.31334 -7.31411
-7.2497 -7.25133
-7.23944 -7.2423
-7.23721 -7.2359
-6.89166 -6.88754
-7.24601 -7.24491
-7.24573 -7.245
-7.03564 -7.0363
-7.20772 -7.2082
-7.2277 -7.22751
-7.02494 -7.02351
-7.11757 -7.1173
-7.37733 -7.37844
-6.6573 -6.65577
-7.22936 -7.22929
-7.2373 -7.23892
-6.78038 -6.77867
-6.77763 -6.77912
-7.21842 -7.21971
-7.26352 -7.26385
-7.34768 -7.349
-7.26732 -7.2685
-7.04551 -7.04592
-7.01193 -7.01344
-6.73251 -6.73074
-6.9803 -6.98208
-7.04417 -7.0416
-7.32493 -7.32574
-7.07899 -7.07735
-7.13994 -7.14012
-7.0292 -7.03064
-7.03245 -7.0315
-7.10582 -7.10536
-7.0617 -7.05998
-7.03826 -7.03938
-6.93612 -6.93698
-6.80057 -6.79715
-7.25527 -7.25604
-7.20457 -7.20467
-7.02722 -7.02763
-7.02501 -7.02445
-6.71635 -6.71632
-7.25518 -7.25462
-7.13592 -7.13624
-7.0562 -7.05665
-7.33719 -7.33811
-6.87839 -6.88148
-7.26765 -7.27009
-7.03366 -7.03206
-6.69004 -6.69039
-7.04499 -7.04361
-7.04056 -7.04009
-7.26953 -7.26815
-7.04578 -7.04609
-7.1626 -7.1634
-7.14598 -7.14626
-7.25355 -7.2503
-7.03235 -7.03178
-7.02698 -7.02558
-7.28423 -7.28521
-7.10138 -7.10145
-7.32276 -7.32357
-7.08759 -7.08595
-7.12384 -7.12384
-7.02012 -7.02253
-6.78885 -6.79063
-7.23882 -7.24011
-7.01354 -7.01462
-7.22388 -7.22266
-7.27613 -7.27702
-7.09652 -7.0963
-7.0276 -7.02673
-6.69287 -6.69156
-7.0305 -7.03127
-7.06857 -7.06885
-7.25956 -7.26012
-7.31515 -7.31536
-7.04321 -7.04497
-7.31494 -7.31483
-6.53851 -6.53643
-7.12658 -7.12647
-7.01528 -7.01679
-6.82855 -6.82816
-7.04629 -7.04848
-7.25374 -7.25537
-7.22147 -7.22461
-7.35985 -7.36064
-7.05092 -7.04967
-7.30448 -7.30433
-7.06246 -7.06321
-7.03932 -7.03671
-7.04186 -7.04404
-7.284 -7.2855
-6.83405 -6.83488
-7.29555 -7.29526
-7.27234 -7.27408
-7.03381 -7.03275
-7.37024 -7.37132
-6.82935 -6.82661
-7.22292 -7.22195
-7.11853 -7.11839
-7.00326 -7.00451
-7.09956 -7.09865
-7.06402 -7.06363
-7.03169 -7.03027
-7.04658 -7.0477
-6.77299 -6.77252
-6.78784 -6.78746
-6.80962 -6.80629
-7.04118 -7.04198
-7.0535 -7.05176
-7.06729 -7.06737
-7.0788 -7.07894
-6.86949 -6.86732
-7.21611 -7.21622
-7.30254 -7.3027
-7.11428 -7.11431
-6.94486 -6.94219
-7.26364 -7.26311
-7.07495 -7.07462
-7.07166 -7.0715
-7.3152 -7.31515
-6.53562 -6.53262
-7.27026 -7.27145
-7.3036 -7.30456
-7.27454 -7.27498
-6.72053 -6.72481
-7.1512 -7.1515
-7.36917 -7.3701
-7.03634 -7.03875
-7.05926 -7.05984
-7.03829 -7.03974
-6.91297 -6.91083
-7.11245 -7.11213
-6.72776 -6.73061
-7.06318 -7.0634
-7.31847 -7.319
-7.03234 -7.03286
-7.2844 -7.28581
-7.02094 -7.01977
-7.10007 -7.09972
-6.97915 -6.98049
-6.78895 -6.79157
-7.13226 -7.13287
-7.06286 -7.06263
-7.27735 -7.27733
-7.36437 -7.36513
-7.05036 -7.04978
-7.23793 -7.23815
-6.99483 -6.9926
-6.82409 -6.82021
-7.2973 -7.29741
-7.27196 -7.27148
-7.09998 -7.09973
-7.35987 -7.36087
-7.02042 -7.02089
-7.36591 -7.36659
-7.26393 -7.26612
-7.09296 -7.09256
-7.11211 -7.11239
-7.13759 -7.13807
-7.21993 -7.22019
-6.7533 -6.74724
-7.04239 -7.04171
-7.27123 -7.27205
-6.80631 -6.80337
-6.83272 -6.82829
-7.35219 -7.35308
-6.83579 -6.83367
-7.05929 -7.06058
-7.26315 -7.264
-6.72139 -6.7215
-7.27734 -7.277
-7.29094 -7.29185
-7.26297 -7.26405
-6.63583 -6.6402
-7.25449 -7.25546
-7.32088 -7.32148
-6.88997 -6.88743
-7.06823 -7.06756
-7.28634 -7.28742
-7.01732 -7.01706
-7.02995 -7.02885
-7.27294 -7.27402
-6.86547 -6.86283
-7.06567 -7.06618
-6.74901 -6.74455
-7.20613 -7.20601
-6.99948 -7.00055
-7.07517 -7.07456
-6.91709 -6.91698
-6.95989 -6.95932
-7.27628 -7.27754
-7.06874 -7.06813
-7.35642 -7.35737
-7.34063 -7.34153
-7.02041 -7.02143
-6.74835 -6.74909
-6.8757 -6.87532
-7.15786 -7.15819
-7.3086 -7.31003
-7.07168 -7.06978
-7.30157 -7.30122
-6.77944 -6.77881
-6.84224 -6.84163
-6.74431 -6.74189
-7.30574 -7.30645
-6.84935 -6.85007
-7.06853 -7.06834
-7.04508 -7.04485
-7.26876 -7.26951
-7.27869 -7.27857
-6.98069 -6.98102
-7.04328 -7.04242
-7.1171 -7.11719
-6.7089 -6.70829
-7.05363 -7.05352
-6.91158 -6.91161
-7.2731 -7.2724
-7.23346 -7.23628
-7.27357 -7.27466
-7.19658 -7.20031
-7.25714 -7.25669
-7.25705 -7.25814
-6.98468 -6.98617
-7.262 -7.26475
-7.00639 -7.00802
-7.29298 -7.29365
-7.03311 -7.03042
-7.03259 -7.03276
-7.00501 -7.0017
-7.00709 -7.005
-7.28435 -7.28629
-7.24323 -7.24258
-7.2598 -7.26274
-6.97761 -6.97573
-6.99776 -6.99364
-6.78209 -6.7841
-7.00571 -7.00409
-6.74007 -6.73563
-7.04693 -7.0472
-7.00271 -6.99791
-7.28798 -7.28926
-7.01262 -7.01164
-7.0996 -7.10011
-6.96293 -6.96142
-7.04034 -7.03823
-7.03942 -7.03684
-7.21575 -7.2155
-7.02152 -7.02146
-7.01006 -7.00887
-7.34273 -7.34299
-7.25241 -7.25273
-7.25127 -7.24957
-7.22843 -7.23011
-6.71381 -6.7112
-7.04328 -7.04242
-7.02565 -7.02743
-7.01868 -7.0187
-7.01363 -7.01471
-7.0172 -7.0177
-6.62401 -6.6242
-7.03041 -7.02858
-7.06806 -7.06784
-7.32165 -7.32234
-6.73569 -6.73508
-6.86725 -6.86616
-7.24699 -7.24688
-7.2649 -7.26762
-7.08329 -7.08327
-7.09237 -7.09336
-7.24949 -7.25102
-7.14307 -7.14317
-6.83128 -6.8307
-6.97057 -6.97032
-7.06716 -7.0671
-6.85733 -6.85734
-7.07585 -7.07617
-7.23824 -7.23769
-7.02192 -7.02265
-7.06468 -7.06394
-7.056 -7.05351
-7.26731 -7.26756
-7.25079 -7.25145
-7.06854 -7.06849
-7.0319 -7.03186
-7.06887 -7.06852
-6.94328 -6.94145
-7.05657 -7.0567
-7.20583 -7.20524
-7.32683 -7.3285
-7.00834 -7.00821
-7.28843 -7.28741
-6.98198 -6.98103
-7.01693 -7.01697
-7.26827 -7.26808
-6.64065 -6.63913
-7.05747 -7.05892
-7.2699 -7.2698
-7.33711 -7.33782
-6.95592 -6.95605
-7.23347 -7.23386
-7.21751 -7.21905
-7.02276 -7.02361
-7.36972 -7.37068
-7.0376 -7.03785
-6.83575 -6.83516
-7.00486 -7.00464
-6.69644 -6.69289
-7.0974 -7.09709
-7.155 -7.1553
-6.95078 -6.9522
-7.1055 -7.10523
-6.92109 -6.92136
-7.33563 -7.33611
-7.04062 -7.04043
-7.24407 -7.24471
-6.80641 -6.80306
-6.64626 -6.64484
-6.69444 -6.69637
-7.21241 -7.21336
-6.76472 -6.76578
-7.2337 -7.23553
-7.11556 -7.11563
-7.03815 -7.03657
-7.37134 -7.37235
-6.63695 -6.63972
-7.27387 -7.27615
-7.1441 -7.14447
-6.73726 -6.73381
-7.28183 -7.28339
-7.30214 -7.30321
-7.06234 -7.06175
-7.22849 -7.23027
-7.05912 -7.05774
-7.07187 -7.0691
-7.04792 -7.04776
-7.05607 -7.05477
-7.00671 -7.00692
-7.28323 -7.2836
-6.70282 -6.70009
-7.13569 -7.13587
-6.98286 -6.97668
-7.04909 -7.04978
-6.96763 -6.97085
-7.08007 -7.08092
-6.99238 -6.9934
-7.29408 -7.29501
-7.04186 -7.0423
-6.83941 -6.83703
-7.04633 -7.0465
-7.36003 -7.36094
-7.04321 -7.04497
-7.02606 -7.02302
-7.28312 -7.28392
-7.10131 -7.10122
-7.28711 -7.28813
-6.88295 -6.87858
-6.76722 -6.76451
-7.02653 -7.02386
-7.25421 -7.2527
-7.23636 -7.23683
-7.24878 -7.24896
-6.88065 -6.87731
-6.80623 -6.81222
-7.10439 -7.10411
-6.99809 -6.99905
-7.246 -7.24626
-7.35149 -7.35238
-7.22763 -7.22667
-6.99843 -6.99822
-6.92133 -6.92215
-7.10864 -7.10891
-7.09375 -7.09331
-7.02309 -7.02363
-7.04325 -7.04342
-7.00819 -7.0083
-7.27235 -7.27256
-7.10086 -7.10089
-7.35743 -7.35815
-7.22879 -7.22756
-6.96988 -6.97109
-7.01453 -7.01649
-7.04836 -7.04891
-7.15344 -7.15383
-6.6941 -6.69168
-7.05501 -7.05461
-6.8537 -6.85578
-6.88496 -6.88516
-7.31078 -7.3111
-7.02343 -7.02269
-7.36353 -7.36447
-6.98835 -6.98516
-7.07942 -7.07864
-6.83745 -6.84137
-7.04866 -7.05031
-7.01735 -7.01688
-7.15477 -7.15507
-7.02343 -7.02269
-7.37091 -7.37187
-6.82437 -6.82599
-6.79056 -6.78974
-6.68592 -6.68306
-7.24857 -7.24943
-7.25703 -7.25709
-7.05462 -7.05553
-7.18851 -7.18968
-7.0376 -7.03785
-6.75091 -6.7507
-7.05878 -7.05878
-7.03951 -7.04005
-6.781 -6.77924
-7.13925 -7.1393
-7.2159 -7.21842
-7.02588 -7.02602
-7.36806 -7.36907
-7.00154 -7.00415
-6.83314 -6.83032
-7.00901 -7.00693
-7.01139 -7.01298
-7.00824 -7.00592
-7.08378 -7.08372
-7.10698 -7.10664
-6.99335 -6.99375
-7.05238 -7.05194
-6.62952 -6.63042
-7.14166 -7.14186
-7.01775 -7.01794
-6.90971 -6.90871
-7.36482 -7.3656
-7.04142 -7.04047
-7.01802 -7.0161
-6.92916 -6.93119
-7.03746 -7.03824
-7.24079 -7.24158
-7.02761 -7.02901
-6.8726 -6.87035
-7.05369 -7.05539
-7.08635 -7.08615
-6.85874 -6.85781
-7.00463 -7.00468
-6.75146 -6.7527
-6.64346 -6.64017
-7.0156 -7.01535
-7.06547 -7.06441
-7.10448 -7.10382
-7.02161 -7.02102
-7.2671 -7.26809
-6.77079 -6.7678
-7.04899 -7.04766
-6.92443 -6.92288
-7.14808 -7.14837
-7.25794 -7.25831
-7.00674 -7.00744
-7.0451 -7.04591
-7.36198 -7.36281
-7.04028 -7.0397
-7.06309 -7.06214
-6.81085 -6.80862
-7.04866 -7.0493
-7.00213 -7.00365
-6.97463 -6.97774
-7.25546 -7.25723
-7.23228 -7.23189
-7.0379 -7.03944
-7.21014 -7.21264
-6.77125 -6.76729
-7.27401 -7.27418
-7.01482 -7.01809
-7.24083 -7.23986
-7.23167 -7.23098
-6.81847 -6.81887
-7.35606 -7.35663
-7.05424 -7.05393
-7.14094 -7.14121
-7.35701 -7.35796
-7.0672 -7.067
-7.03746 -7.03632
-6.82222 -6.82137
-7.10101 -7.10138
-7.28163 -7.28201
-7.26741 -7.26684
-6.63623 -6.63316
-7.00709 -7.00998
-7.07767 -7.0774
-7.06156 -7.06081
-6.69927 -6.69839
-7.06972 -7.06707
-6.61392 -6.61104
-7.02877 -7.02806
-7.15684 -7.15716
-7.01641 -7.01927
-7.25492 -7.25459
-6.92692 -6.92837
-7.33997 -7.34069
-7.35964 -7.36034
-7.22403 -7.22519
-6.70833 -6.70625
-7.24406 -7.24405
-7.37755 -7.37865
-7.04839 -7.0482
-7.07762 -7.07721
-7.21379 -7.21366
-7.36628 -7.36704
-7.00325 -7.00523
-6.63811 -6.63963
-7.03048 -7.03022
-7.25138 -7.25241
-7.12145 -7.12144
-7.34591 -7.34702
-7.08435 -7.0842
-6.51832 -6.51802
-7.07374 -7.07337
-7.2201 -7.22014
-7.228 -7.22659
-6.8086 -6.80423
-7.35323 -7.35385
-7.33074 -7.33116
-6.99448 -6.99772
-7.08894 -7.08826
-6.96175 -6.95968
-7.34046 -7.34095
-7.28079 -7.27975
-7.01291 -7.01187
-7.26875 -7.26941
-7.33402 -7.3348
-6.66466 -6.66045
-7.0661 -7.06805
-6.9198 -6.92034
-6.38779 -6.38366
-7.35789 -7.35884
-7.07315 -7.07282
-7.02446 -7.02388
-7.04121 -7.04113
-7.27135 -7.27315
-7.15769 -7.15802
-7.25173 -7.2534
-7.03723 -7.04028
-6.34064 -6.34098
-7.00372 -7.00334
-6.80555 -6.80399
-7.04494 -7.04587
-7.37711 -7.37819
-7.02364 -7.0234
-7.10068 -7.1
-7.23464 -7.23509
-7.12741 -7.12781
-7.23629 -7.23519
-6.76049 -6.75831
-6.83868 -6.83647
-6.80138 -6.79902
-6.70346 -6.70141
-7.35781 -7.3587
-7.23505 -7.23679
-7.34638 -7.34738
-7.26937 -7.27
-7.25599 -7.25559
-6.98691 -6.9844
-6.71356 -6.71291
-7.21911 -7.21987
-7.23101 -7.23206
-7.23039 -7.23112
-7.26984 -7.27066
-7.06554 -7.06724
-6.90383 -6.90157
-6.83161 -6.83216
-7.1299 -7.12993
-7.01515 -7.01245
-7.03593 -7.03651
-7.35442 -7.35515
-7.02378 -7.02136
-7.35022 -7.35088
