-6.97925 -6.98122
-6.97615 -6.97491
-7.02518 -7.02427
-7.1523 -7.15241
-7.35046 -7.35088
-7.04171 -7.04198
-7.03994 -7.04047
-7.04955 -7.05031
-7.05271 -7.05383
-7.06245 -7.06175
-7.2424 -7.24392
-6.49705 -6.49505
-7.08635 -7.08614
-7.0501 -7.05003
-7.35781 -7.35855
-7.1314 -7.13131
-7.23669 -7.23679
-7.02077 -7.02146
-6.98073 -6.98168
-7.36597 -7.36659
-6.74043 -6.73633
-7.35325 -7.35385
-7.32101 -7.32105
-6.91422 -6.91357
-6.89218 -6.89027
-6.54336 -6.54076
-6.71059 -6.71123
-6.61291 -6.61216
-7.03851 -7.04048
-7.37644 -7.37757
-7.01874 -7.02253
-6.77703 -6.77881
-6.85874 -6.85789
-6.74755 -6.74455
-6.96824 -6.97085
-7.2469 -7.24636
-6.72208 -6.71632
-6.69767 -6.6987
-6.9988 -6.99847
-6.89052 -6.89015
-7.00747 -7.00473
-7.01024 -7.00941
-7.21517 -7.2155
-7.23934 -7.23815
-6.70938 -6.70625
-7.28878 -7.28943
-6.99939 -7.00112
-7.21896 -7.21905
-7.36982 -7.37068
-7.03113 -7.03199
-7.12224 -7.12275
-7.24413 -7.24292
-7.34723 -7.34775
-6.97652 -6.97958
-7.20487 -7.20467
-7.09396 -7.09443
-7.0617 -7.06321
-7.285 -7.28357
-7.02991 -7.02885
-7.05859 -7.06054
-7.04953 -7.05092
-7.26739 -7.26809
-7.02607 -7.02666
-7.31571 -7.31532
-6.62329 -6.6242
-6.71212 -6.71076
-7.03213 -7.03042
-7.06027 -7.06114
-7.09262 -7.09169
-7.25581 -7.25708
-7.25986 -7.26231
-7.04378 -7.04375
-7.06471 -7.06571
-7.27209 -7.27452
-7.04319 -7.04497
-7.25104 -7.24957
-7.04411 -7.0448
-7.2286 -7.23027
-7.23351 -7.23439
-7.27348 -7.27408
-7.13751 -7.1373
-6.91192 -6.90718
-6.56268 -6.56488
-7.36811 -7.36907
-6.75325 -6.74724
-7.02147 -7.02117
-7.04682 -7.04592
-6.56354 -6.55984
-7.05483 -7.05461
-7.27204 -7.27351
-7.0625 -7.06214
-7.25377 -7.25273
-6.97035 -6.97032
-7.06507 -7.06441
-6.82988 -6.83301
-7.03106 -7.03127
-7.33445 -7.33485
-7.34681 -7.34747
-7.04399 -7.043
-7.00537 -7.00827
-7.06666 -7.06784
-7.04445 -7.04342
-7.02881 -7.02809
-6.69709 -6.69866
-6.69231 -6.69156
-7.24636 -7.24683
-7.0209 -7.02102
-7.2635 -7.26396
-7.28394 -7.28307
-7.05856 -7.05559
-7.12636 -7.12647
-7.36222 -7.36281
-6.83155 -6.83098
-7.25607 -7.25604
-7.14762 -7.1479
-7.26797 -7.26673
-7.15137 -7.15149
-7.05144 -7.05169
-7.24504 -7.24471
-7.10666 -7.10664
-7.07057 -7.06902
-6.98082 -6.97943
-7.20164 -7.20221
-6.79135 -6.78974
-7.04145 -7.04217
-7.00814 -7.00797
-6.7876 -6.78746
-7.13799 -7.13807
-7.0501 -7.05003
-6.9905 -6.99131
-7.23142 -7.2298
-7.23222 -7.23031
-6.99402 -6.99367
-7.04453 -7.04587
-7.0856 -7.08492
-6.8053 -6.8064
-7.35952 -7.36027
-6.76983 -6.76936
-7.24852 -7.24692
-7.12752 -7.12781
-7.21183 -7.21205
-7.31384 -7.31411
-7.35449 -7.35515
-7.08327 -7.08372
-7.06163 -7.06081
-7.35955 -7.36034
-7.01204 -7.01187
-7.35691 -7.35767
-7.28834 -7.28926
-7.04948 -7.04967
-7.07815 -7.07783
-6.99491 -6.99523
-7.21842 -7.21971
-7.01884 -7.0186
-7.03175 -7.03045
-6.91027 -6.90554
-7.26528 -7.26579
-7.02329 -7.02626
-7.15039 -7.15054
-6.71795 -6.7175
-6.97937 -6.98208
-7.04484 -7.04464
-7.12619 -7.12603
-7.33274 -7.33339
-6.84301 -6.84163
-6.83583 -6.83488
-7.18576 -7.18968
-7.00064 -7.00046
-7.01635 -7.01541
-7.2691 -7.26835
-7.00989 -7.00698
-7.009 -7.00823
-7.02221 -7.02361
-7.04201 -7.04034
-7.2532 -7.25368
-6.82707 -6.82614
-7.02897 -7.0283
-7.00898 -7.00899
-6.59006 -6.59165
-6.97149 -6.96959
-7.26449 -7.2647
-7.37572 -7.37685
-7.0143 -7.01245
-7.08393 -7.08327
-7.22627 -7.22488
-7.19605 -7.19663
-7.02326 -7.02191
-7.21223 -7.21082
-7.23605 -7.23631
-7.35471 -7.35528
-6.6071 -6.60555
-7.15663 -7.15675
-7.28421 -7.28581
-7.03171 -7.03162
-7.35289 -7.35359
-7.03947 -7.0396
-7.23473 -7.23535
-7.27046 -7.27058
-7.23938 -7.23769
-7.00909 -7.00957
-7.07022 -7.07075
-7.28233 -7.28339
-6.81755 -6.81658
-7.34845 -7.34928
-7.22512 -7.22519
-7.0209 -7.02186
-7.30673 -7.30658
-7.28125 -7.28196
-7.29256 -7.29356
-7.34649 -7.34707
-6.82952 -6.82603
-7.28095 -7.28147
-6.72073 -6.72101
-6.76775 -6.76565
-7.26916 -7.26885
-7.23794 -7.23683
-7.22516 -7.22466
-7.19503 -7.19872
-7.15445 -7.1546
-6.9998 -7.00215
-6.96289 -6.95968
-7.23652 -7.2359
-7.02263 -7.02002
-7.32491 -7.32529
-7.02079 -7.01931
-6.88822 -6.88227
-7.29315 -7.2925
-7.25808 -7.25814
-7.2717 -7.27263
-7.32465 -7.32543
-7.05758 -7.05793
-7.23343 -7.23414
-6.99828 -6.99969
-6.90393 -6.89754
-6.98154 -6.98102
-7.07053 -7.07143
-6.594 -6.59402
-6.96604 -6.96349
-6.83405 -6.83516
-6.77407 -6.77515
-7.00361 -7.00421
-7.2488 -7.24545
-6.77424 -6.77346
-7.02062 -7.02006
-6.86986 -6.86732
-7.05358 -7.05393
-6.70732 -6.70682
-6.7238 -6.72076
-7.24556 -7.24631
-7.04182 -7.0423
-7.27001 -7.26906
-7.34588 -7.34641
-6.91788 -6.91891
-7.26786 -7.26888
-7.06393 -7.0643
-6.80139 -6.79902
-6.99363 -6.99449
-7.04785 -7.04854
-7.15629 -7.15639
-7.34908 -7.34979
-7.1402 -7.14012
-7.23161 -7.23143
-7.24616 -7.24594
-7.32132 -7.32148
-7.01867 -7.02101
-7.10569 -7.10536
-7.24932 -7.24687
-7.2285 -7.23011
-7.04399 -7.043
-6.77812 -6.77713
-6.82562 -6.82418
-7.27541 -7.27694
-7.23814 -7.23895
-7.25854 -7.25825
-6.83243 -6.8307
-7.0108 -7.01319
-6.99087 -6.99093
-7.27939 -7.28027
-7.03562 -7.03655
-7.20666 -7.20601
-7.08296 -7.08354
-7.01174 -7.01199
-7.37707 -7.37819
-7.27794 -7.27834
-7.01683 -7.01794
-7.32537 -7.32574
-7.27393 -7.27306
-7.19922 -7.20361
-7.02924 -7.03022
-7.05343 -7.05469
-6.74903 -6.74952
-7.1221 -7.12218
-7.02483 -7.02386
-7.27324 -7.2739
-7.26654 -7.26708
-7.092 -7.09163
-6.7133 -6.71291
-7.05762 -7.05666
-7.23866 -7.23848
-7.06131 -7.06058
-7.24104 -7.23915
-6.99665 -6.99568
-7.07256 -7.07272
-7.26113 -7.25979
-7.04319 -7.04497
-7.25594 -7.25559
-7.03708 -7.03491
-6.91178 -6.91089
-7.01535 -7.01431
-7.23725 -7.23696
-6.94098 -6.94173
-7.03224 -7.03295
-7.02665 -7.02602
-7.03478 -7.03318
-7.26767 -7.26756
-7.06767 -7.06849
-7.02713 -7.02806
-7.312 -7.31167
-7.05107 -7.05208
-6.88812 -6.88882
-7.36472 -7.36532
-7.054 -7.05494
-7.32247 -7.32197
-7.05534 -7.056
-7.27011 -7.27213
-6.25356 -6.27053
-6.94946 -6.95216
-7.37752 -7.37865
-7.24937 -7.25068
-7.02828 -7.03149
-6.73539 -6.73067
-7.04742 -7.0472
-6.82425 -6.82261
-7.22688 -7.22815
-7.0282 -7.03037
-6.77665 -6.77735
-7.3194 -7.32014
-7.06183 -7.06153
-7.14735 -7.14753
-6.86094 -6.86162
-7.36032 -7.36082
-7.05957 -7.05714
-6.80451 -6.80306
-7.10902 -7.10928
-7.02356 -7.02351
-6.83394 -6.82829
-7.26262 -7.26423
-6.93093 -6.9295
-7.01956 -7.01803
-7.02584 -7.02351
-6.98409 -6.98454
-7.01669 -7.01721
-7.0566 -7.05521
-7.29951 -7.30042
-7.06365 -7.06593
-7.25517 -7.25534
-7.29014 -7.29075
-7.23872 -7.23892
-7.37333 -7.37438
-7.10259 -7.10253
-7.35 -7.3507
-7.26071 -7.26012
-7.29154 -7.29112
-7.23739 -7.23743
-7.31864 -7.31913
-7.23481 -7.23316
-6.99525 -6.99592
-6.94297 -6.94145
-7.26358 -7.26341
-7.36513 -7.3656
-7.02404 -7.02172
-7.31173 -7.31191
-6.74757 -6.74909
-7.25094 -7.25234
-7.28587 -7.28673
-7.21972 -7.22014
-7.22953 -7.23112
-7.25791 -7.25857
-6.9945 -6.99364
-7.36034 -7.36087
-7.04005 -7.03804
-7.03853 -7.0397
-6.87141 -6.87155
-7.04176 -7.04073
-7.07385 -7.07345
-7.02443 -7.02434
-7.14308 -7.14317
-7.02751 -7.02777
-6.99093 -6.99087
-7.08637 -7.08534
-7.02169 -7.02438
-7.07294 -7.07324
-7.03381 -7.03358
-7.06134 -7.05998
-7.35809 -7.35869
-7.37419 -7.37532
-7.36464 -7.36513
-7.03744 -7.03621
-7.25041 -7.25015
-6.99819 -6.9998
-7.15342 -7.15352
-6.85186 -6.84861
-7.13186 -7.13196
-7.01808 -7.0161
-7.02818 -7.02707
-7.04983 -7.04978
-7.15606 -7.1562
-7.20973 -7.21238
-6.75261 -6.75172
-7.04722 -7.04586
-6.96328 -6.95681
-7.04778 -7.04674
-6.89841 -6.90023
-6.61711 -6.61474
-6.90264 -6.90233
-7.32837 -7.32849
-7.02439 -7.02269
-7.27083 -7.27022
-6.6438 -6.64061
-7.36701 -7.36796
-6.89788 -6.89947
-7.04153 -7.04171
-7.02013 -7.02005
-6.69398 -6.69289
-7.08733 -7.08724
-7.31801 -7.31782
-6.64407 -6.64017
-7.03814 -7.03908
-7.28005 -7.2816
-7.04899 -7.0493
-7.07047 -7.06956
-6.85522 -6.85354
-7.27238 -7.2738
-7.251 -7.2507
-7.37138 -7.37235
-7.11519 -7.11521
-7.01359 -7.01344
-6.72739 -6.72562
-7.2245 -7.22593
-7.25605 -7.25582
-6.72031 -6.72481
-6.9925 -6.99375
-7.0693 -7.06834
-6.97539 -6.97774
-7.33446 -7.3348
-7.03346 -7.03333
-6.73909 -6.74119
-7.2131 -7.21406
-6.81743 -6.81885
-6.96207 -6.96179
-7.00447 -7.00468
-7.33943 -7.33961
-7.11554 -7.1156
-6.90449 -6.90399
-7.07135 -7.06978
-7.06152 -7.06152
-7.11427 -7.11431
-7.28788 -7.28813
-7.29226 -7.29375
-7.0655 -7.06618
-6.92194 -6.92215
-7.05932 -7.05813
-7.02332 -7.02363
-7.06131 -7.06058
-6.84261 -6.84179
-6.73696 -6.73563
-7.24915 -7.24896
-7.25523 -7.25528
-7.01143 -7.00945
-7.2745 -7.27615
-7.21272 -7.21177
-7.31826 -7.31853
-7.10928 -7.10905
-7.032 -7.03427
-7.21544 -7.21987
-7.36528 -7.36573
-7.30938 -7.31003
-7.26913 -7.26941
-7.08427 -7.08518
-7.04976 -7.04925
-6.63071 -6.63042
-7.25542 -7.25459
-7.23491 -7.23553
-7.30513 -7.30515
-7.04428 -7.04397
-7.27048 -7.26908
-6.82037 -6.82137
-6.76411 -6.76711
-6.91456 -6.90982
-6.99101 -6.99216
-7.28338 -7.2832
-7.22356 -7.22338
-7.30388 -7.30488
-7.14391 -7.14391
-7.31154 -7.3111
-7.1381 -7.13823
-7.3725 -7.37351
-6.63715 -6.63972
-7.24172 -7.24303
-7.27257 -7.27448
-6.86513 -6.85991
-7.29805 -7.29741
-6.74099 -6.74159
-7.1042 -7.10382
-7.01421 -7.01607
-6.52315 -6.52126
-7.23259 -7.23189
-6.7823 -6.77716
-7.09144 -7.0918
-7.09888 -7.09865
-7.31909 -7.31924
-6.82174 -6.82021
-7.15675 -7.15686
-7.00087 -7.00179
-6.67246 -6.66746
-7.25586 -7.25591
-7.27252 -7.27148
-7.06583 -7.06496
-7.05219 -7.05291
-7.02072 -7.02275
-7.214 -7.21764
-7.0267 -7.02606
-6.94992 -6.9522
-6.86812 -6.86616
-7.10732 -7.10735
-6.77259 -6.77252
-6.85995 -6.85781
-7.12286 -7.12285
-7.06855 -7.06746
-7.36973 -7.37075
-7.22056 -7.22245
-7.34094 -7.34128
-7.12144 -7.12144
-7.12826 -7.12804
-7.06749 -7.06863
-7.04123 -7.04158
-7.35497 -7.35566
-6.85316 -6.85578
-7.28886 -7.29021
-7.21454 -7.21359
-7.37349 -7.37454
-6.93442 -6.93521
-7.05741 -7.05971
-7.26628 -7.26541
-7.26136 -7.26231
-7.33217 -7.3329
-6.72985 -6.73098
-7.13304 -7.13282
-7.06844 -7.06756
-7.02727 -7.02703
-7.3407 -7.34095
-7.28333 -7.28392
-7.36784 -7.36876
-6.92792 -6.92837
-7.01545 -7.01471
-6.91801 -6.91698
-7.03726 -7.03632
-6.7068 -6.70796
-7.21755 -7.21851
-7.01238 -7.01244
-7.33751 -7.33811
-7.27152 -7.2707
-6.70867 -6.7071
-6.81334 -6.81756
-7.01615 -7.01656
-7.09007 -7.0902
-7.05499 -7.05665
-7.22975 -7.22784
-7.24679 -7.24626
-7.0597 -7.05936
-7.0168 -7.01547
-6.70195 -6.70299
-7.00636 -7.00821
-7.03917 -7.03935
-7.08579 -7.0862
-7.14113 -7.14121
-7.03033 -7.02931
-7.26454 -7.26762
-7.15453 -7.15463
-7.30258 -7.30266
-7.04965 -7.04849
-7.31489 -7.31461
-7.04477 -7.0453
-6.33824 -6.33936
-7.24073 -7.24176
-7.24147 -7.23954
-7.35797 -7.35856
-6.88001 -6.88148
-7.0715 -7.07252
-7.28044 -7.28088
-7.13238 -7.13287
-7.00827 -7.00802
-7.35549 -7.35605
-7.0655 -7.06618
-7.35027 -7.35107
-6.81204 -6.81388
-6.78052 -6.7841
-7.03049 -7.03126
-7.28292 -7.2827
-7.22641 -7.22803
-7.26325 -7.26263
-7.31455 -7.31485
-6.80965 -6.80443
-7.10267 -7.10306
-7.27767 -7.27896
-7.25776 -7.25591
-7.05373 -7.052
-7.25244 -7.2539
-7.10553 -7.10523
-7.15121 -7.1514
-7.0501 -7.04922
-6.77821 -6.77912
-6.89627 -6.89618
-6.91637 -6.9181
-6.75796 -6.75554
-7.02724 -7.02763
-7.0602 -7.05992
-7.03323 -7.03178
-7.24385 -7.24161
-7.01189 -7.01104
-6.8351 -6.83216
-7.15707 -7.15719
-7.14664 -7.14684
-7.22087 -7.22219
-7.23025 -7.22978
-7.27222 -7.27342
-7.07235 -7.07206
-7.06324 -7.0634
-6.94887 -6.94865
-7.22779 -7.23061
-7.01092 -7.01343
-7.14568 -7.14576
-6.70362 -6.7022
-7.00415 -7.00216
-7.37275 -7.37373
-7.23157 -7.23206
-7.34032 -7.34086
-7.14192 -7.14206
-7.15025 -7.15029
-7.03312 -7.03332
-7.25483 -7.25636
-7.08464 -7.084
-6.90061 -6.90157
-7.02377 -7.02406
-7.09341 -7.09323
-7.11225 -7.11213
-7.28441 -7.28525
-6.96863 -6.96837
-7.30212 -7.30236
-6.94 -6.93923
-6.893 -6.89283
-7.05764 -7.05892
-7.07712 -7.07633
-7.02655 -7.02788
-7.25161 -7.25191
-7.25413 -7.25104
-7.0716 -7.07135
-6.77011 -6.77181
-7.11547 -7.11563
-7.20813 -7.2082
-6.86842 -6.87072
-6.95538 -6.95449
-7.26856 -7.2691
-7.36015 -7.36085
-7.04127 -7.04113
-7.26441 -7.264
-7.00568 -7.00683
-7.25119 -7.25076
-7.07152 -7.07184
-6.92379 -6.92476
-7.12857 -7.12842
-7.22969 -7.23215
-7.23708 -7.23668
-6.99689 -6.99686
-7.2418 -7.23951
-6.90003 -6.8974
-7.11109 -7.11097
-7.04214 -7.04052
-7.03177 -7.03319
-7.03318 -7.03183
-7.08006 -7.08092
-7.05249 -7.05194
-7.25819 -7.25669
-7.20774 -7.20763
-7.23567 -7.23572
-7.04953 -7.05092
-6.82303 -6.82433
-6.75497 -6.75585
-7.06534 -7.06724
-7.29206 -7.29185
-7.36026 -7.36094
-7.09542 -7.09614
-6.8813 -6.87731
-7.03692 -7.03643
-7.05291 -7.05176
-7.01133 -7.01138
-6.94571 -6.94223
-7.0167 -7.01587
-6.71898 -6.71807
-7.12164 -7.12212
-7.28094 -7.28201
-7.04796 -7.04776
-6.6757 -6.66045
-7.06556 -7.06403
-6.94239 -6.94206
-6.92132 -6.92288
-7.2465 -7.24603
-7.31138 -7.31075
-7.0961 -7.09642
-7.27096 -7.26938
-7.06783 -7.06976
-7.04786 -7.04801
-7.27132 -7.27142
-7.07361 -7.07532
-7.25987 -7.25858
-7.23432 -7.23427
-7.03142 -7.03221
-7.34861 -7.34916
-7.2629 -7.26278
-7.02072 -7.0212
-7.03791 -7.03712
-7.2576 -7.25771
-6.87529 -6.87477
-7.02885 -7.02944
-6.81339 -6.80862
-6.99908 -7.00165
-6.8671 -6.86509
-6.64738 -6.64897
-7.36774 -7.36868
-7.06212 -7.06073
-7.05048 -7.04973
-6.83256 -6.83032
-6.81568 -6.81359
-6.98301 -6.98083
-7.35703 -7.35772
-6.98689 -6.98691
-6.93486 -6.93698
-7.10244 -7.10289
-7.07022 -7.07075
-7.24757 -7.24688
-6.81742 -6.82109
-7.25013 -7.25058
-7.04111 -7.04213
-7.09155 -7.0918
-7.04397 -7.04591
-7.00541 -7.00387
-7.34263 -7.34336
-6.71064 -6.71534
-7.02997 -7.02965
-7.27222 -7.27256
-7.05354 -7.05139
-6.65719 -6.65577
-7.33174 -7.33255
-6.78977 -6.7923
-7.28804 -7.2897
-7.3664 -7.36704
-6.58325 -6.58468
-6.75176 -6.7527
-7.03738 -7.03974
-7.02607 -7.02523
-7.28475 -7.2855
-6.82681 -6.82967
-7.12448 -7.12474
-6.97255 -6.97037
-7.0846 -7.0842
-7.31581 -7.31483
-7.3335 -7.33434
-7.01322 -7.01234
-6.88468 -6.87858
-7.23019 -7.22958
-6.78502 -6.78603
-6.53598 -6.53262
-7.2748 -7.27722
-7.10591 -7.10536
-7.04182 -7.0423
-7.14827 -7.14837
-7.06883 -7.06985
-7.23333 -7.23302
-7.04024 -7.0397
-7.24403 -7.245
-7.27683 -7.27794
-7.01548 -7.01652
-6.69907 -6.69851
-7.27513 -7.27465
-6.9982 -6.99819
-7.02346 -7.02199
-7.27896 -7.27907
-7.31953 -7.31942
-7.26957 -7.2685
-7.23736 -7.23729
-7.19566 -7.20031
-7.02313 -7.02242
-6.97356 -6.97109
-7.2652 -7.26305
-7.21277 -7.2144
-7.25154 -7.25145
-7.05606 -7.05454
-6.98391 -6.98145
-7.05397 -7.05319
-7.32343 -7.32379
-6.78257 -6.7811
-6.74335 -6.74685
-7.00526 -7.00692
-6.69656 -6.68794
-6.86279 -6.86375
-7.0624 -7.06263
-7.02088 -7.02117
-7.24407 -7.24258
-7.0232 -7.02491
-7.25228 -7.25197
-7.26921 -7.26949
-7.02834 -7.02752
-6.73122 -6.72767
-6.7151 -6.70909
-6.73282 -6.72845
-7.0681 -7.06813
-7.2168 -7.21622
-7.20275 -7.20535
-7.0255 -7.02628
-7.05359 -7.05525
-7.2522 -7.25178
-7.07201 -7.07337
-7.23283 -7.23098
-7.33535 -7.3355
-7.08427 -7.08478
-7.2433 -7.24303
-7.34081 -7.34153
-7.28091 -7.28079
-7.02111 -7.0218
-7.23796 -7.23982
-7.04074 -7.04073
-7.19704 -7.19308
-6.76196 -6.76151
-7.30448 -7.30446
-7.27085 -7.27066
-7.24826 -7.24769
-7.00544 -7.00635
-6.88418 -6.88289
-6.71774 -6.7215
-7.02877 -7.02633
-6.3416 -6.34315
-7.22994 -7.22988
-6.9846 -6.9871
-6.63185 -6.63316
-7.19341 -7.19666
-7.37493 -7.3761
-7.27068 -7.27145
-7.03601 -7.03651
-7.34585 -7.34658
-7.23082 -7.22975
-7.00632 -7.00755
-7.27073 -7.27
-7.29333 -7.29365
-7.24546 -7.24521
-7.26112 -7.26068
-6.80158 -6.79715
-6.96861 -6.96786
-7.08161 -7.08168
-7.35755 -7.35815
-7.26125 -7.26047
-7.03907 -7.03823
-7.01513 -7.01679
-7.08828 -7.08826
-7.27038 -7.2698
-7.02652 -7.02591
-7.3124 -7.31234
-7.08016 -7.08042
-7.10475 -7.10479
-7.0073 -7.00577
-7.16057 -7.1634
-7.24456 -7.2421
-7.24342 -7.24549
-7.26965 -7.26815
-7.02596 -7.02564
-7.23319 -7.23213
-7.03603 -7.03539
-7.13902 -7.13911
-7.03663 -7.03681
-7.1008 -7.10073
-7.25102 -7.25102
-7.23599 -7.23972
-7.02331 -7.02179
-6.8572 -6.85734
-7.11288 -7.11273
-7.14314 -7.14311
-7.0192 -7.01954
-7.34317 -7.34383
-6.58271 -6.58137
-7.01384 -7.0152
-7.36672 -7.36754
-6.61771 -6.61471
-7.03852 -7.03809
-6.83986 -6.84137
-7.09653 -7.09614
-7.07355 -7.07379
-7.05484 -7.05285
-7.26951 -7.26851
-7.2342 -7.23228
-6.76482 -6.76542
-6.77451 -6.76907
-7.26169 -7.26145
-7.00203 -7.00218
-7.03166 -7.03186
-6.80996 -6.80423
-6.94712 -6.94661
-7.28761 -7.28742
-7.20908 -7.20815
-7.2815 -7.27998
-7.13861 -7.1387
-7.06772 -7.069
-7.0569 -7.05644
-7.0456 -7.0472
-7.27359 -7.27532
-7.26424 -7.26311
-6.80506 -6.80399
-7.06296 -7.06363
-7.03267 -7.03347
-6.6855 -6.6815
-7.02574 -7.02536
-7.0474 -7.0482
-7.29505 -7.29479
-6.99823 -6.99822
-6.96347 -6.95993
-7.27383 -7.2724
-7.24736 -7.24783
-7.26886 -7.26831
-7.03125 -7.03206
-7.24934 -7.24972
-6.85092 -6.85227
-7.2299 -7.23006
-7.06324 -7.0634
-7.01962 -7.02
-7.06212 -7.06073
-7.07331 -7.07336
-6.69797 -6.69839
-7.29954 -7.30009
-6.80418 -6.80058
-7.24473 -7.24491
-6.968 -6.96739
-7.03035 -7.03231
-7.04455 -7.04425
-6.99259 -6.99314
-7.01761 -7.01927
-6.79053 -6.79157
-6.71406 -6.7112
-7.28561 -7.28703
-7.33504 -7.3357
-6.82356 -6.81645
-7.22764 -7.22751
-7.00848 -7.00662
-7.15791 -7.15802
-7.37605 -7.37717
-6.76539 -6.76578
-7.03204 -7.03031
-7.2737 -7.27297
-7.09177 -7.0914
-7.3773 -7.37844
-7.03566 -7.03459
-7.24324 -7.24233
-6.8679 -6.86145
-7.31559 -7.31515
-7.03085 -7.02726
-7.2648 -7.26592
-7.0298 -7.02947
-7.07745 -7.07818
-6.83583 -6.83367
-7.24011 -7.24048
-6.82991 -6.83166
-7.20858 -7.21264
-7.0028 -7.00283
-7.13067 -7.13097
-7.34051 -7.34069
-7.13748 -7.13753
-6.63933 -6.63913
-7.09624 -7.09598
-7.0614 -7.05984
-6.94412 -6.94418
-7.00593 -7.00409
-7.23537 -7.23652
-6.70522 -6.69929
-6.9288 -6.92875
-7.08819 -7.08835
-7.21784 -7.21747
-7.03643 -7.03548
-7.04876 -7.04589
-6.73526 -6.73381
-7.14702 -7.14722
-7.00579 -7.00836
-7.2315 -7.23053
-6.70439 -6.70009
-7.24513 -7.24527
-6.99521 -6.99772
-7.27963 -7.27857
-7.24638 -7.24678
-6.93864 -6.93392
-7.1467 -7.14681
-7.24833 -7.24861
-6.97411 -6.97514
-7.10894 -7.10888
-7.15135 -7.1515
-7.0996 -7.10011
-7.03083 -7.03077
-7.09387 -7.09396
-7.06924 -7.06966
-7.30979 -7.30955
-7.06883 -7.06885
-7.20491 -7.20425
-6.59684 -6.59864
-6.83012 -6.82661
-7.06479 -7.06525
-7.27052 -7.27212
-6.96026 -6.95689
-7.03046 -7.02971
-7.27764 -7.277
-6.71217 -6.71333
-7.06002 -7.05878
-7.0227 -7.02163
-7.11712 -7.11719
-7.26235 -7.26349
-7.01655 -7.0177
-7.11233 -7.11239
-7.04015 -7.03938
-6.87664 -6.87599
-7.08907 -7.08926
-6.8972 -6.89422
-7.04284 -7.04342
-7.27002 -7.27097
-7.27347 -7.27413
-7.29363 -7.29501
-7.04561 -7.04592
-7.14612 -7.14626
-7.27561 -7.27502
-7.09684 -7.09709
-7.05489 -7.05553
-7.0699 -7.06707
-7.12533 -7.12506
-6.74029 -6.74189
-7.12506 -7.12515
-7.2396 -7.23787
-7.0617 -7.06321
-7.03991 -7.04009
-7.01537 -7.01535
-7.10743 -7.10748
-6.57042 -6.5673
-7.14206 -7.1422
-6.99117 -6.9902
-7.13917 -7.13938
-6.94624 -6.94373
-6.73949 -6.7385
-6.87279 -6.87532
-7.3419 -7.34204
-7.34535 -7.34559
-7.32034 -7.32073
-7.07904 -7.0798
-6.78035 -6.77867
-7.03494 -7.03375
-7.34306 -7.34333
-7.11856 -7.11839
-7.03142 -7.03272
-7.01433 -7.0157
-6.97544 -6.97573
-7.22147 -7.2231
-7.04835 -7.04955
-7.06108 -7.06039
-7.3125 -7.31222
-7.02247 -7.02136
-7.07658 -7.07721
-7.05005 -7.0498
-7.06986 -7.06949
-7.00296 -7.00365
-7.2753 -7.27498
-7.25816 -7.25842
-7.25828 -7.25709
-7.102 -7.10216
-7.01895 -7.01697
-7.15521 -7.1553
-7.03243 -7.03197
-6.76874 -6.7678
-7.06227 -7.06316
-6.73782 -6.73925
-7.04795 -7.04891
-6.70459 -6.70265
-7.07323 -7.07282
-7.1333 -7.13294
-7.00835 -7.01057
-7.03313 -7.0355
-7.35622 -7.35663
-7.27256 -7.27179
-7.03213 -7.03042
-7.26842 -7.26714
-7.04556 -7.04567
-7.26355 -7.26378
-7.02508 -7.02673
-6.53494 -6.53643
-7.25304 -7.25213
-6.98887 -6.98895
-6.84304 -6.84373
-7.13081 -7.13071
-7.20198 -7.20155
-6.83622 -6.83881
-6.90814 -6.90871
-7.19875 -7.2011
-7.22827 -7.22786
-7.21852 -7.22019
-7.2482 -7.24783
-6.98061 -6.98103
-7.15365 -7.15383
-7.03877 -7.03875
-7.27522 -7.27427
-7.27173 -7.27155
-7.06753 -7.06755
-7.27925 -7.27793
-7.01446 -7.01552
-7.19847 -7.19916
-7.30173 -7.30122
-7.0418 -7.04097
-6.76858 -6.76704
-7.35668 -7.35737
-7.06959 -7.06985
-7.34938 -7.3502
-7.08469 -7.08526
-6.68192 -6.68306
-6.97871 -6.97668
-7.31289 -7.31255
-7.00634 -7.005
-6.75301 -6.75032
-6.75488 -6.75364
-6.90863 -6.90376
-6.87422 -6.87035
-7.03476 -7.03537
-6.61308 -6.61104
-7.22436 -7.22266
-7.02886 -7.03064
-7.04663 -7.04679
-7.32415 -7.32384
-6.69539 -6.69168
-7.14085 -7.14073
-7.2407 -7.23921
-7.27471 -7.27588
-7.33581 -7.33611
-6.78889 -6.78903
-7.15769 -7.1578
-7.02201 -7.02192
-7.37457 -7.37573
-7.37384 -7.375
-7.24066 -7.23899
-7.25258 -7.25317
-6.90273 -6.90186
-6.79558 -6.79435
-7.2529 -7.25266
-7.23021 -7.22929
-7.26071 -7.25936
-7.04379 -7.04389
-7.06446 -7.06714
-7.08024 -7.07999
-7.05718 -7.05591
-7.34671 -7.34738
-7.0362 -7.03875
-7.14303 -7.14314
-7.33766 -7.33782
-6.63695 -6.63963
-7.04078 -7.03883
-7.01593 -7.01809
-7.26286 -7.2628
-7.22812 -7.22756
-7.36811 -7.36889
-7.08054 -7.08072
-7.2491 -7.24897
-7.02501 -7.02244
-7.06309 -7.06087
-7.09933 -7.09973
-7.15499 -7.15507
-7.08593 -7.08611
-7.26464 -7.26405
-7.24197 -7.24088
-7.03417 -7.03336
-7.01779 -7.01777
-7.27054 -7.27005
-6.63888 -6.64084
-7.24078 -7.23979
-7.26752 -7.26689
-7.02933 -7.03032
-7.26149 -7.26175
-7.32238 -7.32234
-6.94789 -6.94396
-7.04979 -7.04766
-6.64596 -6.64484
-7.00229 -7.00523
-7.0262 -7.02445
-7.31905 -7.31934
-7.10857 -7.10891
-7.03834 -7.03693
-7.23539 -7.23654
-7.23257 -7.23386
-7.12179 -7.12182
-7.21237 -7.21513
-7.24751 -7.2469
-7.02577 -7.02787
-7.2691 -7.26917
-7.22634 -7.22667
-7.07432 -7.07351
-6.85455 -6.85558
-7.30072 -7.30067
-7.26006 -7.25884
-6.81667 -6.8137
-6.64051 -6.64249
-7.32406 -7.32389
-6.77023 -6.76729
-6.3384 -6.34098
-7.10634 -7.10614
-7.24805 -7.24724
-7.26997 -7.27009
-7.20438 -7.20524
-7.08013 -7.07864
-7.23853 -7.23926
-6.82695 -6.82996
-7.22213 -7.2234
-7.0745 -7.07422
-7.04037 -7.04043
-7.23612 -7.2356
-7.0019 -7.00365
-6.82958 -6.82816
-7.04655 -7.04426
-7.3406 -7.34092
-7.03678 -7.03679
-7.33069 -7.33116
-6.70618 -6.70783
-7.00018 -7.00252
-7.3596 -7.36031
-7.04656 -7.04609
-7.07119 -7.07076
-7.02532 -7.02444
-7.33747 -7.33777
-7.30645 -7.30602
-7.25004 -7.24836
-6.80522 -6.80678
-6.7369 -6.73278
-7.01513 -7.01679
-7.02757 -7.0296
-7.07886 -7.07735
-7.03033 -7.02901
-7.01593 -7.01809
-7.01667 -7.01706
-7.18653 -7.19011
-7.0566 -7.05521
-7.35779 -7.35868
-7.0435 -7.0447
-6.99823 -6.99868
-7.01767 -7.02007
-7.27222 -7.2742
-7.24726 -7.247
-7.09606 -7.0963
-7.13177 -7.13178
-6.92705 -6.92394
-7.03207 -7.03276
-7.28467 -7.28521
-7.06245 -7.06175
-7.14814 -7.14827
-7.00103 -6.99979
-7.04317 -7.04142
-7.2352 -7.23517
-7.08863 -7.08883
-7.24706 -7.24697
-6.78739 -6.79063
-7.10034 -7.1
-7.06642 -7.06778
-7.0389 -7.04035
-7.23593 -7.23519
-6.80862 -6.80337
-6.97277 -6.97215
-7.00038 -7.00055
-7.04633 -7.04708
-7.01594 -7.0165
-7.34585 -7.34624
-6.84398 -6.84299
-7.12977 -7.12983
-6.98622 -6.98516
-7.04598 -7.0465
-7.06321 -7.0619
-7.25332 -7.25173
-7.05957 -7.05714
-6.84676 -6.84248
-7.01299 -7.01261
-7.03537 -7.03698
-7.37459 -7.37574
-7.038 -7.0381
-7.07729 -7.07688
-6.8245 -6.82599
-7.07529 -7.07507
-7.08867 -7.08938
-7.06282 -7.05891
-7.0226 -7.02343
-7.04442 -7.04741
-6.91378 -6.91161
-7.27261 -7.27486
-7.36371 -7.36447
-7.0047 -7.00556
-7.26449 -7.26612
-7.21304 -7.21366
-7.34937 -7.35016
-7.15425 -7.15438
-7.07957 -7.07972
-7.31957 -7.319
-6.87348 -6.87254
-6.67179 -6.67076
-7.07655 -7.07737
-7.24301 -7.2444
-7.04173 -7.0416
-7.26802 -7.26684
-7.06491 -7.06456
-6.96274 -6.96158
-7.07082 -7.07165
-7.02704 -7.02499
-6.71288 -6.71414
-7.0346 -7.035
-7.31106 -7.31146
-6.99128 -6.99133
-6.59636 -6.5978
-7.27699 -7.27754
-7.02784 -7.02758
-7.23841 -7.23897
-7.36926 -7.37022
-7.04785 -7.04854
-7.02818 -7.02835
-7.32903 -7.32979
-7.04265 -7.04401
-7.0065 -7.00592
-6.95456 -6.95617
-7.07747 -7.07679
-6.79122 -6.79058
-7.25401 -7.2534
-7.00403 -7.00334
-6.96795 -6.96573
-7.00142 -7.00111
-7.22321 -7.22512
-6.86669 -6.86154
-7.02925 -7.03016
-7.02403 -7.02646
-7.15706 -7.15716
-7.023 -7.02364
-7.13986 -7.13981
-7.35812 -7.35866
-7.24943 -7.24943
-6.70336 -6.70454
-6.68865 -6.69039
-7.0373 -7.03785
-7.27326 -7.27402
-7.23583 -7.23646
-7.07879 -7.07851
-7.33045 -7.33158
-7.0524 -7.0528
-6.87808 -6.87458
-7.27312 -7.27466
-7.09246 -7.09305
-7.02308 -7.02265
-7.08492 -7.08568
-7.04911 -7.04811
-7.03738 -7.0402
-7.15552 -7.15561
-7.27685 -7.27702
-7.31975 -7.31981
-7.05245 -7.05395
-7.30491 -7.30493
-6.88478 -6.88582
-6.85544 -6.8503
-7.0694 -7.06846
-7.24613 -7.24619
-7.05558 -7.05672
-7.23786 -7.23904
-7.14189 -7.14186
-7.31235 -7.31282
-7.03738 -7.04073
-6.86477 -6.86552
-7.31482 -7.31426
-7.2295 -7.23011
-7.08971 -7.08939
-6.78122 -6.77924
-7.04185 -7.04375
-7.27469 -7.27453
-6.85054 -6.8445
-7.02734 -7.02762
-7.0011 -6.99791
-7.25529 -7.25537
-6.80512 -6.80738
-7.2126 -7.21332
-7.05795 -7.05878
-7.03889 -7.0393
-7.3099 -7.31024
-7.26357 -7.26376
-6.80449 -6.80113
-6.88734 -6.88682
-7.25517 -7.25462
-6.73364 -6.72792
-7.01486 -7.01453
-7.12398 -7.12384
-6.99808 -6.99905
-6.83531 -6.83564
-7.08715 -7.08595
-7.29053 -7.29113
-7.26 -7.26274
-7.02016 -7.02214
-7.05898 -7.05774
-7.00593 -7.00375
-7.15319 -7.1533
-7.3695 -7.37038
-7.24928 -7.24928
-7.27136 -7.27032
-6.74837 -6.74784
-7.27039 -7.26951
-7.106 -7.10617
-7.25132 -7.25133
-7.32098 -7.32126
-7.03896 -7.03657
-6.80518 -6.80629
-7.34491 -7.34583
-7.14585 -7.14593
-7.03619 -7.03662
-7.25933 -7.2592
-7.10177 -7.10155
-6.93533 -6.93347
-7.02168 -7.02247
-7.26305 -7.26139
-6.99511 -6.9926
-6.87129 -6.87153
-7.1181 -7.1179
-7.32346 -7.32382
-6.76086 -6.76059
-7.13238 -7.13255
-6.99251 -6.99278
-7.0385 -7.03996
-7.27464 -7.27462
-7.27173 -7.27205
-7.0335 -7.03324
-7.25474 -7.25219
-7.03581 -7.0363
-7.25805 -7.25816
-7.02976 -7.0315
-7.28386 -7.2844
-7.14459 -7.14481
-6.75938 -6.7567
-7.24002 -7.23938
-7.06511 -7.06394
-7.00943 -7.01062
-7.32021 -7.31945
-7.13084 -7.13076
-7.0362 -7.03878
-7.01296 -7.0118
-7.01547 -7.01569
-6.84347 -6.84317
-7.00801 -7.00693
-7.13318 -7.13298
-7.34289 -7.34299
-6.80983 -6.8071
-7.25564 -7.25723
-6.93187 -6.92997
-6.96063 -6.96142
-7.02208 -7.02345
-7.00511 -7.00451
-7.03262 -7.03275
-7.32782 -7.3285
-7.05202 -7.05243
-7.11739 -7.1173
-7.25394 -7.2527
-7.00421 -7.0017
-7.0562 -7.05462
-7.26972 -7.2708
-6.81892 -6.81887
-7.04527 -7.04609
-7.05359 -7.05539
-7.28035 -7.27975
-7.31556 -7.31536
-7.05157 -7.05354
-6.69642 -6.69637
-6.97469 -6.97539
-6.6933 -6.69027
-7.37535 -7.3765
-7.23286 -7.23284
-7.02438 -7.02743
-7.07452 -7.07372
-7.04349 -7.04251
-7.26502 -7.26431
-7.10934 -7.10913
-7.02202 -7.01977
-6.76067 -6.75954
-6.97576 -6.97686
-6.83548 -6.83343
-7.22628 -7.22659
-7.07109 -7.07181
-7.27128 -7.27077
-6.96221 -6.96308
-6.98573 -6.9844
-7.02246 -7.02248
-7.04679 -7.04586
-7.00522 -7.00425
-7.23393 -7.23481
-7.34073 -7.34095
-7.04768 -7.04963
-6.72472 -6.72488
-7.07158 -7.0691
-7.2719 -7.27203
-7.27901 -7.27965
-6.83801 -6.83647
-7.08045 -7.08028
-7.01333 -7.01324
-7.29669 -7.29526
-7.03326 -7.03321
-7.03301 -7.03158
-7.03856 -7.03978
-7.07946 -7.07891
-7.00595 -7.00465
-6.81151 -6.81068
-6.95729 -6.95605
-7.02811 -7.02907
-7.37677 -7.37788
-6.78219 -6.78441
-7.02105 -7.01735
-7.04989 -7.05239
-7.02961 -7.03036
-7.25524 -7.25476
-7.04414 -7.04485
-7.25607 -7.25499
-7.23582 -7.23509
-7.10055 -7.10089
-7.27317 -7.27327
-7.01092 -7.01338
-7.04403 -7.04361
-7.26621 -7.26727
-7.07561 -7.07625
-7.23362 -7.23301
-7.03198 -7.03124
-7.04795 -7.04891
-6.51831 -6.51802
-6.89813 -6.89971
-7.31936 -7.3195
-7.0289 -7.0272
-7.02439 -7.02269
-7.03345 -7.03294
-7.12961 -7.12995
-6.74005 -6.73508
-7.26775 -7.26826
-7.04228 -7.0437
-7.06774 -7.06737
-7.05707 -7.05544
-7.03557 -7.03691
-7.03899 -7.03944
-7.12171 -7.12173
-7.00708 -7.0083
-6.38601 -6.38366
-6.70321 -6.70141
-6.99878 -6.99816
-7.0341 -7.03335
-7.06487 -7.06464
-7.35807 -7.35884
-7.36772 -7.3686
-7.02643 -7.02513
-6.64448 -6.64358
-6.9571 -6.95621
-7.05082 -7.05079
-7.25251 -7.2503
-7.37752 -7.37865
-7.2709 -7.27007
-6.99788 -6.99873
-7.09942 -7.09954
-7.13597 -7.13587
-7.00815 -7.00834
-7.35324 -7.3538
-7.28263 -7.2836
-6.91763 -6.92136
-7.21063 -7.21121
-7.09993 -7.09972
-7.24663 -7.2496
-7.04679 -7.04586
-7.24078 -7.23986
-7.08502 -7.08477
-7.03852 -7.04043
-7.29192 -7.29258
-7.30109 -7.30063
-7.02504 -7.02946
-6.97908 -6.98049
-7.03128 -7.03088
-6.92878 -6.93119
-7.03112 -7.03286
-7.21632 -7.21665
-7.02614 -7.02417
-7.02271 -7.025
-6.79722 -6.7983
-6.98419 -6.98617
-6.98569 -6.98521
-7.07064 -7.0715
-7.02325 -7.02248
-7.34977 -7.34994
-7.21966 -7.21797
-7.05499 -7.05665
-7.10428 -7.10391
-7.29714 -7.29754
-7.05545 -7.0539
-7.05472 -7.05437
-6.8175 -6.81835
-7.22401 -7.22195
-6.71496 -6.71445
-7.07389 -7.07462
-7.26279 -7.26259
-6.76713 -6.77028
-6.97901 -6.97923
-7.02615 -7.02644
-7.02062 -7.01962
-7.26672 -7.26602
-6.78245 -6.77728
-7.03347 -7.03382
-7.15808 -7.15819
-7.30257 -7.30321
-7.04219 -7.04291
-7.0595 -7.06019
-7.30549 -7.30609
-7.1405 -7.14047
-6.60607 -6.60465
-7.11339 -7.11308
-6.62339 -6.6262
-7.03084 -7.0325
-7.01531 -7.01586
-7.20984 -7.21172
-7.02525 -7.02302
-7.37084 -7.37187
-7.08176 -7.08227
-6.97474 -6.97232
-7.2517 -7.25241
-7.04531 -7.04748
-7.04795 -7.04978
-6.52381 -6.52368
-7.07646 -7.07757
-7.21331 -7.21506
-7.26255 -7.26233
-7.01782 -7.02031
-7.2305 -7.23108
-7.03852 -7.03809
-7.10057 -7.10094
-7.26378 -7.26385
-7.08061 -7.08046
-7.24464 -7.24383
-7.01854 -7.01809
-7.25562 -7.25448
-7.23891 -7.2423
-7.37103 -7.372
-7.31935 -7.31962
-7.31065 -7.31162
-7.12996 -7.12993
-6.99189 -6.99292
-7.37602 -7.37715
-6.98297 -6.98117
-7.04313 -7.04404
-6.99016 -6.9877
-7.06327 -7.06266
-7.02919 -7.02945
-7.04891 -7.0477
-7.041 -7.04209
-7.03214 -7.0327
-7.03777 -7.03824
-7.35392 -7.35491
-7.0051 -7.00491
-7.01138 -7.00887
-7.22249 -7.22173
-6.59206 -6.59035
-7.00344 -7.00415
-7.01632 -7.01836
-7.09302 -7.09331
-7.24195 -7.24096
-7.271 -7.27214
-7.02046 -7.02089
-7.25898 -7.25831
-7.02879 -7.02858
-6.83307 -6.83179
-7.0979 -7.09845
-7.26865 -7.27
-7.32322 -7.32304
-7.02379 -7.02301
-7.01299 -7.01261
-7.25365 -7.25409
-7.02335 -7.0234
-7.07848 -7.07894
-6.85323 -6.85069
-7.24389 -7.24228
-7.36799 -7.36875
-7.0625 -7.06214
-6.93092 -6.93181
-7.30406 -7.30433
-7.23025 -7.2291
-7.06265 -7.06357
-7.30421 -7.30456
-6.76616 -6.76641
-7.04487 -7.04407
-7.0679 -7.06849
-7.04289 -7.04291
-7.01567 -7.01649
-7.24768 -7.24732
-6.94875 -6.95018
-7.26313 -7.26475
-7.01739 -7.01688
-7.03634 -7.03684
-7.13623 -7.13624
-7.06732 -7.06852
-7.27476 -7.27418
-7.04682 -7.04592
-7.30321 -7.3027
-7.08593 -7.08611
-7.27977 -7.27919
-7.30424 -7.30432
-7.28244 -7.28399
-7.04686 -7.04854
-7.09099 -7.09071
-7.27829 -7.27838
-6.77036 -6.7711
-6.82356 -6.81281
-7.23482 -7.23628
-7.04456 -7.04848
-7.0669 -7.0671
-7.00407 -7.0033
-7.03033 -7.03027
-7.04348 -7.04093
-7.31091 -7.31033
-7.05536 -7.05576
-7.02053 -7.02302
-6.57336 -6.57061
-7.07729 -7.0774
-7.22918 -7.2293
-6.80786 -6.81222
-7.25716 -7.25694
-6.90533 -6.90589
-7.27234 -7.27146
-7.32306 -7.32338
-7.03379 -7.03392
-6.72462 -6.73061
-7.13604 -7.13621
-7.04316 -7.04242
-7.0635 -7.06375
-7.27041 -7.27315
-7.05775 -7.05626
-7.0741 -7.07456
-6.74052 -6.74182
-7.24665 -7.24733
-6.70339 -6.70366
-7.28332 -7.28265
-7.05249 -7.05194
-7.01517 -7.01432
-7.05827 -7.0567
-7.00284 -7.00332
-6.87629 -6.87724
-6.94305 -6.94261
-7.37249 -7.37347
-6.68289 -6.68466
-6.65168 -6.65487
-7.10424 -7.10411
-7.28808 -7.28741
-7.27836 -7.27904
-7.2289 -7.22829
-7.03938 -7.04023
-6.95882 -6.95778
-7.07291 -7.07146
-6.97214 -6.97454
-7.35177 -7.35238
-7.05228 -7.05353
-7.30194 -7.3019
-7.2395 -7.24011
-7.13966 -7.13958
-7.23133 -7.2326
-7.01321 -7.01191
-6.64553 -6.64437
-7.09861 -7.09786
-7.03424 -7.03421
-7.00541 -7.00482
-6.76669 -6.76451
-7.01667 -7.01704
-6.88757 -6.88743
-7.36919 -7.3701
-7.03729 -7.03852
-7.06927 -7.06952
-6.81306 -6.81274
-7.14049 -7.14061
-7.25196 -7.25161
-7.01178 -7.013
-7.0362 -7.03875
-7.02531 -7.02558
-7.06722 -7.067
-6.79848 -6.79844
-7.04811 -7.04903
-7.36024 -7.36064
-7.03983 -7.0403
-6.77246 -6.7747
-7.13804 -7.13789
-7.00345 -7.00285
-6.95418 -6.95354
-7.10878 -7.10862
-7.27322 -7.27409
-7.04719 -7.04848
-7.01978 -7.02143
-7.32317 -7.32357
-7.05336 -7.05357
-7.00042 -7.00155
-7.12102 -7.12117
-7.26338 -7.26256
-7.35807 -7.3587
-7.01152 -7.01164
-7.0087 -7.00744
-7.00034 -7.00043
-7.06461 -7.06277
-7.35235 -7.35338
-6.96374 -6.96303
-7.24664 -7.24727
-6.98581 -6.98607
-7.26957 -7.27093
-7.0269 -7.02922
-6.84205 -6.83896
-7.06725 -7.06576
-6.80458 -6.8027
-7.34634 -7.34702
-7.01058 -7.01298
-7.28597 -7.28629
-7.02505 -7.02493
-7.10105 -7.10145
-6.82874 -6.82771
-7.32432 -7.324
-7.37468 -7.37583
-7.31812 -7.31819
-7.14348 -7.1434
-6.57708 -6.57977
-6.94865 -6.94669
-7.0373 -7.03785
-6.55665 -6.5568
-7.03634 -7.03684
-7.09241 -7.09256
-7.2841 -7.28636
-7.05577 -7.05477
-6.75241 -6.7534
-7.22712 -7.23042
-7.01842 -7.01675
-7.35705 -7.35796
-7.12917 -7.12941
-7.32793 -7.32789
-6.98831 -6.98801
-7.24536 -7.24397
-7.04341 -7.04022
-7.02392 -7.02388
-7.03961 -7.04005
-7.26876 -7.26808
-7.13941 -7.1393
-6.62045 -6.62358
-6.63851 -6.6402
-7.28607 -7.287
-7.01909 -7.0187
-6.84819 -6.84717
-7.27082 -7.27114
-7.15172 -7.15179
-7.03032 -7.03008
-6.74968 -6.7507
-7.34531 -7.34555
-7.05573 -7.05351
-6.65977 -6.65719
-7.26012 -7.25866
-6.99669 -6.99769
-6.83834 -6.83703
-7.08588 -7.08615
-7.1361 -7.13609
-7.27136 -7.27057
-7.14845 -7.1485
-6.99656 -7.0002
-6.76252 -6.75831
-6.86674 -6.86283
-6.78918 -6.78909
-7.35568 -7.35661
-7.01318 -7.01594
-7.02682 -7.02754
-6.85066 -6.85007
-7.24182 -7.24158
-7.24384 -7.24433
-7.23001 -7.23079
-7.34808 -7.349
-7.15408 -7.15425
-7.06685 -7.06805
-7.07877 -7.07905
-7.27759 -7.27933
-7.26973 -7.26891
-7.30549 -7.30645
-6.55279 -6.55345
-7.12449 -7.12463
-7.30632 -7.30656
-7.04364 -7.04295
-6.88462 -6.88516
-7.2983 -7.29901
-6.75664 -6.75601
-7.05019 -7.05029
-6.85634 -6.85573
-6.97791 -6.97637
-7.27056 -7.26972
-7.04055 -7.04043
-7.24482 -7.24417
-6.74514 -6.74351
-7.24514 -7.24388
-7.26125 -7.26123
-7.05303 -7.05272
-7.06556 -7.06403
-6.92044 -6.92034
-7.00767 -7.00998
-7.0992 -7.09933
-6.70681 -6.70829
-6.65352 -6.65374
-7.08616 -7.08637
-7.04642 -7.04772
-7.05932 -7.05813
-7.27763 -7.2777
-7.25891 -7.25984
-6.7328 -6.73074
-7.19396 -7.19882
-6.89011 -6.88754
-7.08306 -7.08347
-7.15562 -7.15575
-7.36716 -7.3681
-7.26337 -7.26493
-7.14427 -7.14447
-7.10067 -7.10138
-7.03808 -7.03671
-6.88469 -6.88376
-6.96115 -6.95768
-6.80598 -6.80702
-7.12855 -7.12874
-7.11331 -7.11336
-7.27784 -7.27733
-7.05254 -7.0539
-7.01236 -7.01142
-7.26003 -7.25814
-7.03922 -7.04028
-7.05071 -7.05118
-7.05432 -7.05289
-7.36431 -7.36499
-7.29651 -7.29623
-7.24466 -7.24405
-7.32891 -7.32954
-6.65276 -6.65574
-6.94079 -6.94219
-7.34517 -7.34547
-7.01491 -7.01462
-7.05549 -7.05662
-6.92607 -6.92464
-6.83408 -6.82861
-7.22807 -7.22934
-6.9543 -6.952
-7.06119 -7.06052
-6.87663 -6.88081
-6.95865 -6.95932
-6.82886 -6.83049
-6.66966 -6.66545
-7.04027 -7.03853
-7.35199 -7.35308
-7.33792 -7.3382
-7.05296 -7.05352
-7.03859 -7.03607
-7.36326 -7.36366
-7.04755 -7.04869
-7.03187 -7.03077
-6.68164 -6.68002
-7.06176 -7.06005
-6.80917 -6.80525
-7.00513 -7.00464
-7.06583 -7.06496
-7.21278 -7.21336
-7.26719 -7.26809
-7.22133 -7.22461
-7.21592 -7.21842
-7.24593 -7.24355
-6.91171 -6.91083
-7.09258 -7.09336
-6.51548 -6.5202
-6.97396 -6.9745
-7.23562 -7.23606
-7.20887 -7.20982
-7.023 -7.02478
-7.03656 -7.0345
-7.3514 -7.35205
-7.25578 -7.25546
-7.37028 -7.37132
-7.07589 -7.07617
-7.09934 -7.09891
-6.74785 -6.7428
-7.24021 -7.24289
-6.95012 -6.94789
-6.90456 -6.90148
-7.10145 -7.10122
-7.04294 -7.04256
-7.31719 -7.31707
-7.27589 -7.27544
-6.76569 -6.76464
-7.02361 -7.02615
-6.95178 -6.95244
-7.03673 -7.03784
-7.32154 -7.32173
-6.99418 -6.9934
-7.03854 -7.03727
-6.57315 -6.57756
-7.14513 -7.14515
-7.33792 -7.33848
-7.04316 -7.04242
-6.98619 -6.98683
