-7.10382 -7.10391
-7.35812 -7.3587
-7.25358 -7.2527
-7.31974 -7.3195
-7.23897 -7.23895
-7.24826 -7.24836
-6.80671 -6.80629
-7.36445 -7.36513
-7.15431 -7.15463
-7.05607 -7.05454
-7.00429 -7.00556
-6.82657 -6.82996
-7.34279 -7.34336
-7.21615 -7.21622
-7.01356 -7.01191
-6.70395 -6.70265
-7.01214 -7.01344
-7.33511 -7.3355
-7.03247 -7.0325
-6.99767 -6.99686
-7.01314 -7.01164
-7.04246 -7.04073
-7.33402 -7.33434
-7.29997 -7.30009
-7.0453 -7.04426
-7.25577 -7.25459
-6.74043 -6.73925
-6.84481 -6.84248
-7.06122 -7.06081
-6.67287 -6.66746
-7.21546 -7.21665
-7.22289 -7.22195
-7.21991 -7.2231
-7.15524 -7.15561
-7.31229 -7.31234
-7.0889 -7.08835
-7.27705 -7.27794
-7.34604 -7.34702
-7.24361 -7.245
-6.34132 -6.34098
-7.01749 -7.01541
-7.00692 -7.00464
-7.06623 -7.06724
-7.00458 -7.00482
-7.06062 -7.06052
-7.03195 -7.0355
-6.80508 -6.80738
-6.71287 -6.71534
-7.01303 -7.01104
-7.2603 -7.26123
-7.23258 -7.23302
-6.9997 -7.00043
-7.03532 -7.03318
-7.34309 -7.34333
-7.02578 -7.02388
-6.99273 -6.99367
-7.24234 -7.24158
-7.03784 -7.03823
-7.21765 -7.21987
-7.00496 -7.00421
-7.3599 -7.36064
-6.68644 -6.69039
-6.65882 -6.65719
-7.08611 -7.08637
-7.24768 -7.24688
-6.92278 -6.92464
-7.00666 -7.00827
-7.03617 -7.03375
-6.77001 -6.7678
-7.0331 -7.03042
-7.24782 -7.24732
-7.09839 -7.09845
-7.24577 -7.24521
-7.26033 -7.26068
-7.05505 -7.05539
-6.70664 -6.70682
-7.01902 -7.01675
-7.00132 -7.00165
-6.73546 -6.73278
-6.60297 -6.60465
-7.27111 -7.27212
-7.23231 -7.23301
-6.82472 -6.82433
-7.07416 -7.07372
-7.08358 -7.08327
-7.20966 -7.21336
-7.06424 -7.06375
-7.05102 -7.05194
-6.96175 -6.96303
-6.59548 -6.59864
-7.09621 -7.09642
-6.49877 -6.49505
-7.00205 -7.00179
-7.22065 -7.22219
-7.35024 -7.3507
-7.05446 -7.05525
-6.77941 -6.77912
-7.37518 -7.3765
-7.07677 -7.07757
-7.10909 -7.10862
-7.23933 -7.23982
-7.31117 -7.31162
-7.04966 -7.0482
-7.23747 -7.23668
-7.37685 -7.37819
-7.22668 -7.22815
-6.98606 -6.98516
-6.69453 -6.68794
-7.06988 -7.06985
-7.05498 -7.05289
-7.10122 -7.10122
-7.15785 -7.15819
-7.0366 -7.03875
-7.3671 -7.3681
-7.06773 -7.067
-7.26032 -7.26145
-7.01856 -7.01803
-7.07961 -7.07972
-7.10056 -7.10073
-7.21448 -7.21506
-7.0608 -7.05813
-6.72011 -6.7215
-7.07212 -7.07252
-7.31089 -7.31033
-7.07135 -7.07076
-7.04498 -7.04497
-7.06393 -7.06363
-7.30435 -7.30433
-7.05576 -7.05351
-6.60761 -6.60555
-6.73452 -6.73074
-7.03213 -7.03332
-7.02702 -7.02806
-7.23135 -7.2298
-7.29354 -7.2925
-7.03012 -7.02901
-7.0747 -7.07456
-7.26923 -7.26815
-7.08041 -7.08046
-6.95428 -6.95354
-7.05006 -7.04978
-7.0366 -7.03712
-7.25255 -7.25173
-7.00289 -7.00365
-7.26512 -7.26431
-6.85199 -6.84861
-7.27204 -7.27448
-6.99786 -6.99769
-7.3666 -7.36754
-6.88691 -6.88582
-7.31266 -7.31167
-7.05001 -7.0498
-7.26304 -7.26493
-7.04862 -7.04801
-6.97723 -6.97686
-7.03542 -7.03421
-6.74118 -6.74159
-7.34858 -7.34928
-6.9664 -6.96349
-6.90967 -6.90554
-7.10214 -7.10253
-7.27073 -7.27263
-7.0491 -7.04967
-7.0507 -7.04849
-7.24536 -7.24383
-7.33755 -7.33782
-7.0135 -7.01594
-7.31913 -7.319
-7.24551 -7.24491
-7.35966 -7.36031
-7.2246 -7.22466
-7.30437 -7.30456
-7.06116 -7.05998
-7.03285 -7.0327
-7.26554 -7.26727
-7.02876 -7.02835
-6.82631 -6.82967
-7.10516 -7.10479
-7.37441 -7.37573
-7.23533 -7.23631
-7.26825 -7.26756
-6.79938 -6.79844
-7.2971 -7.29526
-7.10423 -7.10382
-7.05091 -7.05118
-7.0334 -7.03347
-7.05267 -7.05139
-7.16181 -7.1634
-6.81118 -6.8071
-7.00075 -7.00111
-6.74117 -6.74119
-7.31959 -7.31942
-7.36797 -7.36889
-7.03363 -7.03183
-7.27846 -7.27907
-7.35822 -7.35884
-7.25245 -7.25317
-7.02718 -7.02777
-6.57426 -6.57756
-7.21923 -7.21797
-7.25267 -7.25273
-6.96327 -6.96308
-7.03913 -7.0381
-7.26702 -7.26826
-7.24466 -7.24405
-7.03698 -7.0402
-7.374 -7.37532
-7.02079 -7.02163
-7.26799 -7.2685
-7.23468 -7.23517
-6.94014 -6.94219
-7.03141 -7.03286
-7.31411 -7.31411
-6.81417 -6.82109
-6.65341 -6.65374
-7.2137 -7.21359
-6.9712 -6.97232
-7.01718 -7.01704
-7.22923 -7.22934
-7.01503 -7.01471
-7.21015 -7.21172
-7.34055 -7.34086
-7.24045 -7.23979
-6.79241 -6.79058
-7.04314 -7.04209
-7.03215 -7.03088
-7.29082 -7.29113
-7.02357 -7.02248
-7.3212 -7.32126
-7.04594 -7.04772
-6.84962 -6.8445
-7.28389 -7.28581
-7.37257 -7.37373
-7.07579 -7.07617
-7.03278 -7.03275
-7.06199 -7.06321
-7.28353 -7.28307
-7.06277 -7.0634
-6.81586 -6.81835
-7.32495 -7.32543
-7.04965 -7.04922
-7.04204 -7.04291
-7.27846 -7.27838
-7.01651 -7.01535
-7.23749 -7.23683
-7.27413 -7.27453
-7.27133 -7.2742
-7.24434 -7.24355
-7.04828 -7.04955
-7.2742 -7.27413
-7.04777 -7.04891
-6.99204 -6.99131
-7.02205 -7.02438
-7.02574 -7.02602
-7.27437 -7.27306
-6.73552 -6.73508
-7.28282 -7.28265
-7.35244 -7.35308
-7.03703 -7.03671
-7.03367 -7.03335
-6.9607 -6.95932
-7.08474 -7.08568
-6.97599 -6.97037
-7.3712 -7.37235
-7.05722 -7.05521
-7.27137 -7.27214
-7.25632 -7.25771
-7.06152 -7.06073
-6.78834 -6.79063
-7.04573 -7.04609
-6.99574 -6.9926
-7.25534 -7.25537
-6.75338 -6.7527
-7.24484 -7.24678
-7.22378 -7.22461
-7.05864 -7.05878
-6.81089 -6.81274
-7.27033 -7.2708
-7.14007 -7.14047
-7.33469 -7.3348
-7.05558 -7.05576
-6.831 -6.83166
-7.2784 -7.2777
-7.05332 -7.05243
-7.08749 -7.08595
-6.85424 -6.85578
-7.00031 -7.00155
-7.14285 -7.14311
-7.34314 -7.34299
-6.70336 -6.70454
-7.10895 -7.10905
-7.22461 -7.22593
-6.75721 -6.7567
-7.03776 -7.03679
-7.06659 -7.06805
-7.01624 -7.0152
-7.04119 -7.04028
-7.01945 -7.02007
-6.70173 -6.70009
-6.88805 -6.88682
-7.03023 -7.0283
-7.04006 -7.0403
-7.24639 -7.24631
-7.02494 -7.02242
-7.25433 -7.25636
-7.25057 -7.2507
-6.76178 -6.76059
-7.35726 -7.35796
-6.95571 -6.952
-7.07408 -7.07345
-6.81931 -6.82137
-7.26428 -7.26376
-6.74625 -6.7428
-6.95237 -6.95216
-7.05834 -7.05774
-6.81502 -6.81359
-6.78618 -6.78603
-7.15583 -7.1562
-6.72338 -6.73061
-6.71045 -6.71291
-7.03316 -7.03199
-7.22525 -7.23011
-6.98427 -6.98454
-7.04634 -7.04586
-7.27101 -7.2707
-7.27602 -7.27702
-6.77526 -6.76907
-6.74649 -6.74952
-7.35834 -7.35869
-7.03393 -7.03272
-7.25556 -7.25499
-7.06859 -7.06849
-7.25067 -7.25058
-7.35289 -7.35359
-7.03735 -7.03908
-6.96854 -6.97085
-7.28345 -7.28399
-7.32309 -7.32379
-7.36617 -7.36704
-7.21618 -7.21842
-7.03508 -7.035
-6.80483 -6.80678
-7.28429 -7.2844
-7.0527 -7.05176
-6.73806 -6.73633
-7.02029 -7.02214
-7.25207 -7.25213
-7.02862 -7.02564
-7.03747 -7.03684
-7.07068 -7.07075
-7.27952 -7.27793
-6.84492 -6.84373
-7.04804 -7.04811
-7.26999 -7.26908
-7.24442 -7.24228
-7.08198 -7.08227
-7.11664 -7.11719
-7.0709 -7.07135
-7.1577 -7.15802
-7.26864 -7.26831
-6.51429 -6.5202
-7.23969 -7.23926
-7.12393 -7.12384
-7.24854 -7.24545
-6.92379 -6.92394
-6.86531 -6.86145
-6.79893 -6.7983
-7.00126 -7.00215
-7.05527 -7.05477
-7.02396 -7.02364
-7.09982 -7.09954
-6.84224 -6.84137
-6.91959 -6.91698
-6.5697 -6.5673
-6.80182 -6.79715
-7.01085 -7.01261
-7.03234 -7.03294
-6.86497 -6.85991
-6.99273 -6.99216
-7.2057 -7.20763
-6.69943 -6.69839
-6.86336 -6.86283
-7.14642 -7.14681
-7.04045 -7.03853
-7.08999 -7.08939
-6.99549 -6.99375
-6.63898 -6.63963
-7.03294 -7.03382
-7.02218 -7.02265
-6.90855 -6.90376
-7.00651 -7.00836
-7.01778 -7.01777
-7.03698 -7.03657
-7.12143 -7.12173
-7.03731 -7.03878
-7.26925 -7.26808
-7.04567 -7.04592
-7.22926 -7.2293
-6.8615 -6.86162
-7.12454 -7.12474
-7.25794 -7.25694
-6.97334 -6.97454
-7.28352 -7.28392
-7.13733 -7.13753
-7.15492 -7.1553
-7.30156 -7.3019
-7.14822 -7.1485
-6.76399 -6.76565
-7.03237 -7.03158
-6.7223 -6.72076
-7.0926 -7.09256
-7.09547 -7.09614
-7.3495 -7.35016
-7.02784 -7.02754
-6.7798 -6.77867
-6.9771 -6.97637
-7.22914 -7.22784
-6.75256 -6.7534
-7.0584 -7.05984
-7.23056 -7.23189
-7.23726 -7.23696
-7.10013 -7.1
-6.64152 -6.64358
-6.84544 -6.84717
-6.82683 -6.82614
-7.27188 -7.27114
-7.25533 -7.25546
-7.25075 -7.25104
-7.23682 -7.23815
-7.27128 -7.27146
-6.95864 -6.95778
-7.23141 -7.23108
-7.35245 -7.35338
-7.01034 -7.01319
-7.13597 -7.13609
-6.98279 -6.98083
-7.24685 -7.24683
-7.05324 -7.0539
-7.36764 -7.36876
-7.31908 -7.31924
-7.27109 -7.27213
-7.28818 -7.28943
-7.37552 -7.37685
-7.01361 -7.0118
-7.04634 -7.04586
-7.11742 -7.1173
-6.8333 -6.82829
-6.73561 -6.73067
-7.03872 -7.04023
-6.99715 -6.99772
-7.02756 -7.02493
-7.04343 -7.04295
-6.81453 -6.8137
-7.2714 -7.27066
-6.32984 -6.34315
-7.04956 -7.04978
-7.07679 -7.07633
-7.24358 -7.24161
-7.35681 -7.35737
-6.63608 -6.63316
-7.24782 -7.24897
-7.26307 -7.26256
-6.95069 -6.95244
-7.25832 -7.25825
-7.12745 -7.12781
-6.57368 -6.57061
-7.28822 -7.28813
-7.3003 -7.30042
-7.15419 -7.1546
-7.09276 -7.09336
-7.2858 -7.28673
-7.03366 -7.03295
-7.00553 -7.00415
-7.13149 -7.13178
-6.69282 -6.69289
-6.8014 -6.80058
-7.07334 -7.07324
-7.20344 -7.20524
-7.2314 -7.23079
-7.06898 -7.06707
-7.0123 -7.01462
-6.89883 -6.89947
-7.07279 -7.07146
-6.56368 -6.55984
-6.87652 -6.87724
-7.36509 -7.36573
-7.31438 -7.31426
-7.00611 -7.00468
-6.68166 -6.68002
-7.06584 -7.06618
-7.26306 -7.26349
-7.03313 -7.03321
-7.26834 -7.26835
-7.26976 -7.27315
-7.21423 -7.2155
-7.30608 -7.30656
-6.80278 -6.80113
-6.75291 -6.74724
-7.21753 -7.22014
-7.19934 -7.2011
-7.14752 -7.1479
-7.03953 -7.04043
-6.74244 -6.74685
-6.84183 -6.84317
-6.90996 -6.90871
-7.10705 -7.10735
-7.02915 -7.03037
-6.73356 -6.72792
-6.72169 -6.72101
-7.36904 -7.37022
-7.0259 -7.02644
-7.03596 -7.0363
-7.26805 -7.26684
-7.35997 -7.36085
-7.37443 -7.37574
-6.92647 -6.93119
-7.25196 -7.2503
-7.00835 -7.00577
-7.2772 -7.277
-7.0263 -7.02513
-7.05534 -7.05437
-7.26866 -7.26851
-7.05324 -7.05352
-7.27098 -7.27005
-7.02861 -7.02965
-6.8161 -6.81756
-7.0348 -7.03548
-6.78087 -6.77924
-6.9624 -6.95768
-7.26067 -7.26231
-7.12836 -7.12874
-7.06483 -7.06525
-7.36933 -7.37038
-7.12242 -7.12275
-7.07832 -7.07818
-7.04763 -7.04679
-7.09974 -7.09865
-7.06544 -7.06714
-7.02463 -7.02417
-6.83196 -6.82661
-6.83931 -6.83703
-7.23065 -7.23213
-7.29575 -7.29623
-7.03098 -7.03124
-7.35357 -7.3538
-7.07285 -7.07206
-7.37312 -7.37438
-7.30015 -7.30067
-7.2537 -7.25409
-6.96482 -6.95993
-7.32754 -7.3285
-7.33629 -7.33611
-7.23448 -7.23509
-7.02227 -7.02192
-7.34087 -7.34128
-6.92765 -6.92837
-6.77104 -6.77181
-7.32774 -7.32789
-7.26865 -7.2691
-6.7455 -6.74351
-7.24211 -7.24303
-7.00023 -7.00252
-7.20438 -7.20535
-7.07785 -7.07783
-7.05736 -7.05462
-7.04749 -7.04848
-7.04452 -7.04464
-7.04484 -7.04404
-7.01454 -7.01679
-6.83641 -6.83216
-6.93851 -6.93923
-6.78861 -6.78746
-7.24592 -7.24733
-7.11314 -7.11273
-7.03692 -7.03643
-6.88465 -6.88376
-7.2224 -7.2234
-7.35157 -7.35205
-7.04188 -7.04217
-6.99453 -6.99873
-6.94889 -6.94865
-7.30337 -7.30432
-6.61702 -6.61474
-7.26329 -7.26139
-7.06096 -7.05878
-7.21772 -7.21747
-7.26244 -7.2628
-7.13808 -7.13823
-6.86459 -6.86552
-6.95125 -6.9522
-7.05576 -7.05644
-7.09975 -7.09973
-7.24101 -7.23899
-6.94145 -6.94206
-7.26955 -7.27007
-7.26395 -7.26341
-7.09358 -7.09443
-7.28073 -7.28147
-6.3382 -6.33936
-7.03762 -7.03698
-7.32006 -7.31945
-7.03292 -7.03127
-7.19994 -7.20221
-7.01558 -7.01586
-6.96644 -6.96739
-6.96517 -6.96573
-6.97528 -6.97491
-7.36207 -7.36281
-7.12894 -7.12941
-7.36687 -7.36796
-7.31067 -7.31146
-6.93719 -6.93521
-6.25687 -6.27053
-7.32537 -7.32574
-6.69887 -6.6987
-7.13062 -7.13071
-6.9714 -6.96959
-7.36311 -7.36366
-7.00622 -7.00802
-7.02219 -7.02302
-7.03812 -7.04073
-7.04027 -7.04073
-7.05929 -7.06039
-7.22665 -7.22756
-7.01309 -7.01244
-7.02299 -7.02345
-7.00726 -7.00821
-7.3466 -7.34738
-7.02718 -7.02763
-6.8776 -6.87599
-6.76288 -6.76151
-7.0313 -7.03077
-7.32534 -7.32529
-7.00974 -7.01062
-6.97411 -6.9745
-6.9873 -6.98683
-7.02823 -7.0296
-6.71186 -6.71445
-7.04356 -7.04342
-7.31468 -7.31461
-7.26445 -7.26385
-6.77691 -6.77881
-7.01988 -7.01735
-7.27596 -7.27544
-7.27369 -7.27327
-7.18627 -7.19011
-6.81164 -6.80862
-7.05137 -7.05029
-7.22872 -7.22929
-7.25437 -7.25368
-7.10402 -7.10411
-7.25629 -7.25604
-7.26965 -7.27
-6.5446 -6.54076
-7.05437 -7.05461
-7.00092 -6.99979
-7.24282 -7.24392
-7.08567 -7.08611
-7.12132 -7.12144
-7.13058 -7.13097
-6.96077 -6.96179
-6.97724 -6.97573
-7.00936 -7.00899
-6.99803 -6.99905
-7.14172 -7.14186
-7.23784 -7.23897
-7.0243 -7.02351
-7.0672 -7.0671
-6.98609 -6.9871
-7.34687 -7.34747
-7.15345 -7.15383
-6.74988 -6.74909
-7.2316 -7.23386
-6.99755 -6.99868
-7.06152 -7.06073
-7.03864 -7.03727
-7.04034 -7.04005
-6.70547 -6.70625
-6.89967 -6.8974
-7.25099 -7.25076
-6.78919 -6.79157
-7.01962 -7.01977
-7.13068 -7.13076
-7.03571 -7.03537
-7.08408 -7.0842
-7.04349 -7.04389
-7.00815 -7.00692
-7.12229 -7.12218
-7.30622 -7.30658
-7.26734 -7.26689
-7.03077 -7.0272
-6.88058 -6.88148
-7.05755 -7.05714
-6.56498 -6.56488
-7.05997 -7.06005
-7.00936 -7.00823
-6.80605 -6.81222
-6.90089 -6.89754
-7.04144 -7.04375
-6.7585 -6.75601
-7.33515 -7.3357
-7.11525 -7.11563
-6.98845 -6.98801
-7.28099 -7.27975
-6.79546 -6.79435
-7.02369 -7.02363
-6.65706 -6.65574
-7.30278 -7.30266
-7.09228 -7.09163
-7.20487 -7.20601
-7.07372 -7.07351
-7.3222 -7.32148
-7.09918 -7.09933
-7.02886 -7.02947
-7.27372 -7.2738
-7.04059 -7.03944
-7.28598 -7.287
-7.30934 -7.30955
-7.03971 -7.0397
-7.07444 -7.07462
-7.02595 -7.02386
-6.83927 -6.83896
-7.26367 -7.26423
-7.27628 -7.27498
-6.98176 -6.98103
-7.36964 -7.37068
-7.03953 -7.04043
-7.10676 -7.10664
-7.04701 -7.0472
-7.06782 -7.06784
-7.21098 -7.21121
-6.7643 -6.76641
-7.01302 -7.01245
-7.34902 -7.34979
-7.01956 -7.01809
-6.99986 -7.00046
-7.05814 -7.06019
-7.11324 -7.11336
-7.0092 -7.00683
-7.15688 -7.15719
-7.05958 -7.06058
-7.04394 -7.043
-7.0331 -7.03042
-6.9233 -6.92288
-7.31998 -7.31981
-6.73155 -6.72767
-7.28031 -7.28088
-7.36023 -7.36087
-6.8344 -6.83343
-7.01873 -7.0161
-6.63698 -6.63972
-7.13922 -7.13958
-7.07458 -7.07422
-7.00579 -7.00491
-7.08938 -7.08926
-7.02317 -7.02269
-7.1359 -7.13621
-7.14366 -7.14391
-7.07677 -7.07737
-7.25845 -7.25858
-7.11737 -7.1179
-7.07897 -7.07851
-7.04497 -7.04592
-7.00565 -7.00425
-6.80695 -6.80399
-6.59339 -6.5978
-6.9952 -6.99592
-6.82648 -6.82771
-7.33766 -7.33811
-7.23351 -7.23628
-7.34565 -7.34641
-7.13337 -7.13294
-7.27931 -7.27919
-7.25829 -7.25857
-7.24061 -7.24176
-7.04099 -7.03935
-7.00586 -7.005
-6.98045 -6.98168
-7.37366 -7.375
-6.90501 -6.90399
-7.34495 -7.34583
-7.35825 -7.35866
-7.24025 -7.23915
-7.28564 -7.28521
-6.67011 -6.66045
-6.99916 -6.99819
-6.99215 -6.9902
-7.04777 -7.04891
-7.2434 -7.2421
-7.20981 -7.21264
-7.09074 -7.09071
-7.03303 -7.0315
-7.19666 -7.19663
-7.05125 -7.05239
-7.00757 -7.00998
-7.27056 -7.27022
-7.08824 -7.08826
-7.01224 -7.01138
-7.27511 -7.27722
-6.95938 -6.95689
-7.07618 -7.07721
-7.08501 -7.08518
-7.30543 -7.30609
-7.31168 -7.3111
-7.10309 -7.10289
-7.06051 -7.06114
-7.22982 -7.23006
-7.03903 -7.03875
-7.06956 -7.06966
-6.64369 -6.64484
-6.79988 -6.79902
-7.26138 -7.26047
-7.28787 -7.28742
-7.27431 -7.27615
-7.14683 -7.14722
-6.71716 -6.71632
-7.02137 -7.02005
-7.25108 -7.25197
-7.06962 -7.06976
-7.30448 -7.30488
-7.01599 -7.0177
-7.30611 -7.30602
-7.12871 -7.12842
-7.31101 -7.31075
-7.27105 -7.27
-7.2041 -7.20467
-7.26535 -7.26592
-7.03797 -7.0393
-6.77639 -6.77735
-7.12592 -7.12603
-6.97093 -6.96786
-7.10326 -7.10306
-7.22647 -7.22751
-7.07039 -7.06949
-7.26837 -7.26888
-7.26362 -7.26405
-7.27343 -7.27409
-7.06823 -7.06756
-7.27467 -7.27532
-6.55366 -6.55345
-7.03842 -7.03491
-7.2363 -7.23972
-7.2442 -7.24527
-7.14293 -7.14317
-7.02231 -7.02117
-6.91174 -6.91357
-6.82278 -6.82021
-6.77052 -6.76729
-7.27111 -7.27145
-7.10132 -7.10138
-6.67003 -6.66545
-6.96394 -6.96158
-7.03747 -7.03684
-7.21856 -7.22019
-7.02127 -7.02006
-7.05677 -7.05892
-7.02145 -7.02002
-6.88559 -6.88227
-7.12988 -7.12993
-7.05544 -7.05665
-7.14184 -7.1422
-7.02586 -7.02646
-7.29163 -7.29356
-6.69206 -6.69027
-6.74939 -6.74455
-6.99512 -6.99449
-7.02918 -7.02885
-7.24588 -7.24724
-7.0238 -7.025
-7.2661 -7.26809
-6.94497 -6.94145
-7.1372 -7.1373
-7.24667 -7.24636
-7.14035 -7.14061
-7.14169 -7.14206
-6.61319 -6.61104
-7.06591 -7.06737
-7.24586 -7.24594
-6.59492 -6.59402
-6.85266 -6.85227
-7.34948 -7.3502
-7.06721 -7.06863
-7.2387 -7.24011
-6.83148 -6.83049
-7.06316 -7.06175
-7.35764 -7.35815
-7.07134 -7.06978
-6.71838 -6.7175
-7.08093 -7.08092
-6.96021 -6.95621
-6.7022 -6.70141
-7.34069 -7.34095
-6.88404 -6.88516
-6.38663 -6.38366
-7.00684 -7.00473
-7.14809 -7.14837
-7.01686 -7.01607
-7.23418 -7.23228
-7.02313 -7.02427
-7.04731 -7.0493
-7.10586 -7.10523
-7.232 -7.22975
-7.31271 -7.31282
-7.22576 -7.22803
-6.93433 -6.93347
-6.99245 -6.99292
-6.88531 -6.87858
-7.25544 -7.25591
-7.22347 -7.22266
-6.7555 -6.75364
-7.10608 -7.10617
-6.53341 -6.53262
-7.04765 -7.04748
-7.25251 -7.25241
-7.06305 -7.06266
-7.22286 -7.22519
-7.10105 -7.10145
-7.05888 -7.05971
-7.15289 -7.1533
-7.21755 -7.21971
-7.03747 -7.03632
-7.22621 -7.22667
-7.00423 -7.00334
-7.33271 -7.33339
-7.02535 -7.02787
-6.99668 -6.99816
-7.15202 -7.15241
-6.58447 -6.58468
-7.01712 -7.01431
-6.86802 -6.86509
-6.9956 -7.0002
-7.05009 -7.04925
-7.20683 -7.20815
-6.63834 -6.64061
-7.1454 -7.14576
-7.33247 -7.3329
-7.05325 -7.0528
-7.23922 -7.23951
-7.00652 -7.00662
-7.10045 -7.10089
-7.27138 -7.27205
-7.05271 -7.05291
-6.96352 -6.95968
-7.27252 -7.2739
-6.8039 -6.80702
-7.04158 -7.04052
-7.00588 -7.00465
-7.3184 -7.31819
-6.96138 -6.96142
-7.23533 -7.23606
-7.04249 -7.04113
-6.90034 -6.89971
-7.27494 -7.27418
-7.04498 -7.04497
-7.03905 -7.03693
-6.83578 -6.83881
-7.2521 -7.25234
-7.02609 -7.02762
-7.27028 -7.27093
-7.09755 -7.09709
-7.24909 -7.24972
-7.21632 -7.21851
-7.35966 -7.36034
-7.05228 -7.05357
-7.25789 -7.25709
-7.21195 -7.21513
-7.0224 -7.0212
-6.51989 -6.51802
-7.00911 -7.00744
-7.3745 -7.37583
-7.11911 -7.11839
-7.03085 -7.03162
-6.95698 -6.95605
-7.08274 -7.08372
-7.02244 -7.02179
-6.99675 -6.99364
-7.00443 -7.00387
-6.69888 -6.69866
-6.82323 -6.82599
-7.05112 -7.05169
-7.00828 -7.01057
-7.08093 -7.08072
-6.89292 -6.89027
-7.23567 -7.23519
-7.26072 -7.26175
-6.81655 -6.81281
-7.25577 -7.25814
-7.14401 -7.14447
-7.04533 -7.04591
-7.01452 -7.01453
-7.2464 -7.24896
-6.94733 -6.94789
-7.26258 -7.26378
-7.2324 -7.23535
-7.05646 -7.05672
-6.92851 -6.92875
-7.34637 -7.34707
-7.25341 -7.25219
-7.11542 -7.1156
-6.58702 -6.59035
-7.27869 -7.28027
-7.25782 -7.25814
-6.99528 -6.99847
-7.22233 -7.22338
-7.10208 -7.10216
-7.2815 -7.27998
-6.81892 -6.81887
-7.28386 -7.2832
-6.87196 -6.87153
-7.27601 -7.27502
-7.08398 -7.08478
-6.86635 -6.86154
-6.92513 -6.92476
-7.02817 -7.02945
-7.06025 -7.05891
-7.22954 -7.23011
-7.03357 -7.03276
-7.27587 -7.27427
-7.08964 -7.08883
-7.04309 -7.04171
-7.04906 -7.04869
-7.01492 -7.0157
-7.06498 -7.06441
-7.2082 -7.20982
-7.358 -7.35856
-7.27457 -7.27466
-6.76188 -6.76542
-6.982 -6.98102
-7.35508 -7.35566
-7.04748 -7.0472
-7.24836 -7.24697
-7.01182 -7.01187
-7.06775 -7.06755
-6.86436 -6.86375
-7.2585 -7.25831
-6.91646 -6.92034
-7.04475 -7.0453
-6.72904 -6.73098
-7.154 -7.15438
-7.01008 -7.00834
-7.23626 -7.2359
-6.93735 -6.93698
-6.97797 -6.97774
-7.26628 -7.26708
-7.04567 -7.04592
-7.23001 -7.23215
-7.27212 -7.27342
-7.04248 -7.04342
-6.83112 -6.82816
-6.94738 -6.94223
-7.24953 -7.24928
-7.02357 -7.0234
-6.68394 -6.6815
-6.98078 -6.98049
-7.31606 -7.31536
-7.23657 -7.23652
-7.027 -7.02591
-6.64467 -6.64017
-7.05788 -7.05793
-6.94253 -6.94418
-7.20266 -7.20155
-7.07829 -7.07735
-7.24713 -7.24619
-7.02102 -7.02253
-7.01594 -7.01432
-7.31217 -7.31255
-7.2469 -7.247
-7.03739 -7.03607
-7.02255 -7.02146
-7.19397 -7.19308
-7.02907 -7.03064
-6.70969 -6.7071
-7.37729 -7.37865
-7.039 -7.03883
-7.073 -7.07379
-6.7396 -6.7385
-7.04474 -7.04375
-7.28617 -7.28525
-7.04286 -7.04009
-7.04588 -7.04567
-7.02941 -7.03149
-7.15317 -7.15352
-7.2627 -7.26263
-7.3724 -7.37351
-7.26984 -7.26891
-7.09433 -7.09331
-6.95024 -6.95018
-6.98851 -6.98895
-6.93268 -6.93181
-6.70767 -6.70796
-7.05636 -7.05544
-7.2697 -7.26951
-7.28099 -7.28201
-7.22734 -7.23042
-7.13589 -7.13587
-7.03898 -7.03938
-6.90612 -6.90233
-7.23604 -7.23646
-7.3457 -7.34658
-7.12148 -7.12212
-7.03788 -7.03809
-7.03428 -7.03197
-7.25377 -7.2534
-6.91702 -6.91891
-7.15645 -7.15675
-7.15539 -7.15575
-7.13254 -7.13287
-7.13309 -7.13282
-7.22637 -7.22659
-7.2575 -7.25842
-7.22814 -7.23061
-7.27261 -7.27077
-7.19893 -7.19916
-7.08471 -7.08526
-7.06444 -7.06394
-7.25689 -7.25448
-7.00006 -6.99791
-6.85378 -6.85354
-7.02459 -7.02361
-7.04719 -7.04854
-7.27523 -7.27465
-6.99514 -6.9934
-7.01566 -7.01547
-7.02345 -7.02247
-7.24222 -7.24233
-7.24161 -7.24096
-7.06311 -7.06277
-6.73451 -6.73381
-7.07565 -7.07625
-6.93646 -6.93392
-7.06277 -7.0634
-7.28528 -7.2855
-7.35493 -7.35528
-7.00921 -7.00957
-7.27994 -7.2816
-7.08419 -7.084
-7.03418 -7.03178
-6.70879 -6.70783
-7.06716 -7.06778
-7.27211 -7.27155
-7.00345 -7.00285
-7.37068 -7.37187
-7.22876 -7.23027
-7.03289 -7.03333
-6.8237 -6.82261
-7.29806 -7.29741
-7.33765 -7.33777
-6.74894 -6.7507
-7.04271 -7.0437
-7.32128 -7.32173
-7.34864 -7.34916
-7.3239 -7.32389
-6.93419 -6.92997
-6.74167 -6.74182
-7.24449 -7.24433
-7.15116 -7.15149
-7.12464 -7.12463
-6.70199 -6.70366
-6.71864 -6.71807
-7.24417 -7.24388
-7.06886 -7.06834
-7.03041 -7.03032
-7.02717 -7.02743
-6.71015 -6.71123
-7.34701 -7.34775
-7.19473 -7.19882
-6.91367 -6.91161
-7.24668 -7.2496
-7.01706 -7.01688
-7.03469 -7.03459
-7.23008 -7.23206
-6.99952 -6.99969
-7.25427 -7.25462
-6.94633 -6.94373
-6.64084 -6.64249
-7.26047 -7.26274
-7.24439 -7.24471
-7.02858 -7.02858
-7.09215 -7.0918
-6.78146 -6.77716
-6.75072 -6.75172
-6.83223 -6.82861
-7.07043 -7.07143
-7.00006 -7.00055
-7.26247 -7.26259
-7.25094 -7.25015
-7.35707 -7.35772
-7.04112 -7.04097
-7.09283 -7.09305
-7.04792 -7.04674
-7.0628 -7.06316
-7.24562 -7.24861
-6.82695 -6.82603
-7.21775 -7.21905
-7.22282 -7.22512
-6.95268 -6.95617
-7.26487 -7.26762
-7.2104 -7.21205
-7.36952 -7.37075
-7.06774 -7.06746
-7.23136 -7.23143
-7.12106 -7.12117
-7.01262 -7.01338
-7.37475 -7.3761
-7.04542 -7.0447
-6.94447 -6.94396
-7.345 -7.34555
-7.32244 -7.32234
-7.04585 -7.04609
-7.03404 -7.03336
-7.02782 -7.02499
-7.10877 -7.10928
-7.00193 -7.00332
-7.0223 -7.02186
-7.31566 -7.31532
-6.77202 -6.77346
-7.05415 -7.05553
-7.07296 -7.07336
-7.36907 -7.3701
-7.07068 -7.07075
-7.32455 -7.32384
-7.2841 -7.28636
-7.32866 -7.32849
-7.07198 -7.07165
-7.34023 -7.34092
-7.03688 -7.03655
-6.80354 -6.8027
-7.15106 -7.1514
-7.25122 -7.25102
-7.05153 -7.05092
-7.02754 -7.02444
-7.06243 -7.06087
-7.01085 -7.01261
-7.30993 -7.31024
-6.70973 -6.70909
-7.05916 -7.06054
-7.08582 -7.08724
-7.04275 -7.04158
-7.04499 -7.04485
-7.23335 -7.23439
-7.04941 -7.05031
-7.31951 -7.31962
-7.25971 -7.25979
-6.76466 -6.76451
-7.13107 -7.13131
-7.0608 -7.05813
-7.0454 -7.0448
-7.00819 -7.00693
-7.18701 -7.18968
-7.05755 -7.05714
-7.14794 -7.14827
-7.24645 -7.24727
-7.32313 -7.32357
-7.30148 -7.30122
-7.0396 -7.03824
-6.63037 -6.63042
-7.32352 -7.32382
-6.85613 -6.85734
-7.23485 -7.23892
-6.98514 -6.98145
-7.13905 -7.13938
-7.08854 -7.08938
-7.24394 -7.24549
-6.9962 -6.99568
-7.028 -7.02946
-7.06507 -7.06496
-6.94891 -6.94669
-7.27236 -7.27256
-7.04664 -7.0465
-7.04527 -7.04425
-6.62627 -6.6242
-7.27919 -7.27965
-7.21209 -7.2144
-7.01809 -7.01721
-6.86881 -6.86732
-6.83616 -6.83647
-7.04288 -7.04242
-7.01124 -7.00698
-7.0743 -7.07337
-7.06543 -7.06403
-7.04962 -7.04973
-7.07029 -7.06956
-6.78079 -6.7811
-7.0792 -7.07905
-7.02864 -7.02726
-7.01985 -7.01962
-7.03231 -7.03231
-7.04294 -7.04397
-7.01125 -7.01142
-6.84155 -6.84179
-6.69265 -6.69637
-7.03273 -7.03077
-7.00092 -7.0033
-6.83205 -6.83179
-7.31574 -7.31515
-7.23356 -7.23572
-7.11248 -7.11213
-6.8739 -6.87477
-7.00794 -7.00887
-7.25169 -7.25145
-7.31396 -7.31485
-6.72024 -6.72481
-7.35574 -7.35605
-7.07308 -7.07272
-6.8065 -6.80337
-7.31855 -7.31934
-7.24027 -7.23954
-7.25436 -7.25476
-7.34161 -7.34204
-7.01472 -7.01234
-7.01947 -7.02101
-7.28879 -7.28741
-7.0484 -7.04854
-7.06142 -7.06152
-6.67137 -6.67076
-7.04065 -7.03996
-7.01676 -7.01794
-7.25174 -7.25191
-7.26877 -7.26714
-7.33801 -7.33848
-7.28287 -7.2827
-7.03242 -7.03319
-7.29219 -7.29258
-7.3505 -7.35088
-7.01211 -7.01343
-7.3602 -7.36094
-7.23615 -7.23743
-7.03805 -7.03691
-7.01819 -7.0186
-7.02454 -7.02491
-7.02768 -7.02536
-6.77506 -6.7747
-6.85295 -6.85069
-7.36362 -7.36447
-6.8054 -6.8064
-7.02923 -7.02971
-7.30228 -7.30321
-6.76187 -6.76464
-7.23175 -7.23031
-7.36458 -7.36532
-7.23037 -7.22958
-7.02889 -7.03186
-7.36807 -7.36907
-7.26626 -7.26602
-7.27208 -7.27452
-7.26657 -7.26673
-6.83562 -6.83564
-7.02952 -7.02752
-7.06173 -7.06214
-7.27211 -7.27351
-7.15603 -7.15639
-6.77374 -6.77252
-7.35583 -7.35661
-7.04129 -7.0423
-7.06294 -7.0619
-7.02694 -7.02606
-7.23867 -7.23938
-7.02463 -7.02558
-7.01638 -7.0165
-7.1387 -7.13911
-7.26482 -7.26305
-6.71091 -6.71076
-6.78184 -6.7841
-7.12811 -7.12804
-7.12956 -7.12983
-6.99258 -6.99278
-7.14647 -7.14684
-7.06802 -7.06952
-7.24328 -7.24417
-7.25126 -7.25178
-6.61364 -6.61471
-6.71319 -6.71414
-7.23957 -7.2423
-6.98048 -6.98117
-7.37729 -7.37865
-7.29747 -7.29754
-6.76773 -6.76704
-7.2391 -7.23769
-7.02531 -7.02244
-6.83248 -6.83301
-7.34538 -7.34547
-7.23076 -7.22978
-7.05546 -7.05494
-7.01675 -7.01706
-6.81415 -6.81388
-7.23898 -7.24048
-7.35799 -7.35855
-6.63734 -6.6402
-6.74389 -6.74189
-7.27138 -7.2698
-7.25641 -7.25528
-7.04989 -7.04963
-7.31926 -7.32014
-7.24184 -7.24303
-7.25811 -7.25866
-7.31569 -7.31483
-7.03 -7.02707
-7.28427 -7.2836
-7.03225 -7.03045
-6.99967 -6.9998
-7.23668 -7.23679
-7.26173 -7.26233
-7.09525 -7.09396
-7.06487 -7.06464
-7.13161 -7.13196
-6.70764 -6.70829
-7.37324 -7.37454
-7.03662 -7.03852
-7.04702 -7.04708
-6.81885 -6.81885
-7.3183 -7.31853
-7.05462 -7.05393
-7.0474 -7.04766
-6.76946 -6.77028
-6.64767 -6.64897
-6.74792 -6.74784
-7.05452 -7.056
-7.22821 -7.22988
-7.2737 -7.27402
-6.87941 -6.87731
-6.93948 -6.94173
-6.8736 -6.87035
-7.06636 -7.06571
-7.00946 -7.00755
-7.20922 -7.21177
-7.00624 -7.00635
-7.04288 -7.04242
-7.23329 -7.23316
-7.3045 -7.30446
-7.14995 -7.15029
-7.03167 -7.03027
-7.294 -7.29501
-7.31908 -7.31913
-7.24609 -7.24603
-7.24707 -7.2469
-6.70354 -6.69929
-7.02178 -7.02102
-6.88928 -6.88743
-6.88856 -6.88882
-7.27462 -7.27588
-7.2926 -7.29375
-7.01876 -7.01587
-7.27108 -7.26938
-7.32462 -7.324
-7.07818 -7.07679
-7.00633 -7.00592
-7.05958 -7.06058
-6.7236 -6.72488
-7.0236 -7.02302
-6.69468 -6.69156
-6.98086 -6.97668
-6.82383 -6.82418
-7.07488 -7.07507
-6.97919 -6.98208
-7.14078 -7.14121
-7.08014 -7.07864
-7.25882 -7.25936
-6.86732 -6.86616
-7.13787 -7.13807
-6.62642 -6.62358
-7.02596 -7.02628
-7.37582 -7.37717
-7.2569 -7.25591
-7.03085 -7.02931
-7.33407 -7.33485
-7.0921 -7.09169
-7.24468 -7.24397
-7.34079 -7.34069
-7.25823 -7.25816
-7.05174 -7.05079
-6.76234 -6.75831
-7.03865 -7.03784
-6.90405 -6.90589
-7.25161 -7.25161
-7.09176 -7.0918
-6.71164 -6.71333
-7.03827 -7.03804
-7.31152 -7.31191
-7.354 -7.35491
-7.27259 -7.27486
-7.00663 -7.00451
-7.04394 -7.043
-7.22813 -7.23112
-7.2779 -7.27904
-7.06958 -7.06902
-7.01967 -7.02
-7.26466 -7.264
-7.27516 -7.27694
-7.29911 -7.29901
-7.32902 -7.32954
-6.89795 -6.90023
-7.27634 -7.27754
-7.08067 -7.08042
-6.79162 -6.78974
-6.80554 -6.80423
-7.37091 -7.372
-7.14716 -7.14753
-6.91129 -6.91083
-7.00434 -7.00216
-7.2721 -7.27179
-7.04727 -7.04776
-7.26536 -7.26612
-7.12526 -7.12506
-7.26034 -7.26231
-6.96319 -6.95681
-7.3309 -7.33158
-7.1949 -7.19666
-7.28493 -7.28357
-7.05381 -7.05383
-7.25664 -7.25669
-7.02519 -7.02406
-7.01574 -7.01569
-7.02618 -7.02673
-7.05655 -7.05591
-7.26377 -7.26475
-6.87149 -6.87254
-6.95036 -6.94661
-7.03984 -7.04048
-6.62435 -6.6262
-7.10864 -7.10891
-7.35196 -7.35238
-7.25618 -7.25582
-7.01866 -7.02031
-7.10519 -7.10536
-7.04129 -7.0423
-7.01429 -7.01809
-7.23548 -7.23787
-6.58666 -6.58137
-7.05684 -7.05626
-7.36019 -7.36082
-7.02372 -7.02626
-7.01346 -7.013
-7.23083 -7.2291
-7.09825 -7.09786
-6.7906 -6.7923
-6.69841 -6.69851
-7.2327 -7.23284
-7.00123 -6.99822
-7.04176 -7.04142
-7.03789 -7.0397
-7.02894 -7.02944
-7.36766 -7.36868
-7.02428 -7.02248
-7.01664 -7.01836
-7.01477 -7.01552
-7.27779 -7.27733
-7.07001 -7.07181
-7.03964 -7.0396
-7.21229 -7.21406
-7.04367 -7.04741
-7.05722 -7.05521
-6.92357 -6.92215
-7.27016 -7.27142
-7.0109 -7.00941
-7.08349 -7.08347
-7.03043 -7.03016
-7.13892 -7.1393
-7.2568 -7.25559
-7.25294 -7.25266
-7.03186 -7.03031
-6.71083 -6.7112
-7.05609 -7.05662
-7.1455 -7.14593
-7.34801 -7.349
-7.35792 -7.35868
-7.04253 -7.04213
-6.76247 -6.76711
-7.07071 -7.0691
-7.21202 -7.21366
-7.10886 -7.10888
-7.22204 -7.22245
-6.99973 -7.00112
-7.01727 -7.0187
-7.13781 -7.13789
-7.32226 -7.32197
-7.20667 -7.2082
-6.91498 -6.91089
-7.34086 -7.34153
-7.09969 -7.09891
-6.76897 -6.76936
-7.35057 -7.35107
-7.07221 -7.07184
-7.07888 -7.07894
-7.02384 -7.02172
-6.53879 -6.53643
-7.27011 -7.27097
-7.06173 -7.06214
-6.9769 -6.97514
-6.82943 -6.83098
-7.02289 -7.02275
-6.70269 -6.7022
-7.24874 -7.24687
-7.08567 -7.08611
-7.13219 -7.13255
-7.02138 -7.02089
-7.04777 -7.04586
-7.06258 -7.06263
-7.00358 -7.00218
-7.25174 -7.24957
-7.02695 -7.02615
-7.28887 -7.29021
-7.23464 -7.23553
-7.35963 -7.36027
-6.70431 -6.70299
-6.87164 -6.87155
-7.14315 -7.1434
-6.80986 -6.80525
-7.04242 -7.04047
-7.13612 -7.13624
-7.11384 -7.11431
-7.24129 -7.24258
-7.03023 -7.03036
-7.05544 -7.05665
-7.24025 -7.23921
-6.77492 -6.77515
-7.19447 -7.20031
-7.06507 -7.06496
-7.04974 -7.05003
-7.14473 -7.14515
-6.8553 -6.85558
-7.03802 -7.03785
-7.03802 -7.03785
-6.73047 -6.72845
-7.05675 -7.0567
-7.31285 -7.31222
-7.09934 -7.10011
-7.37623 -7.37757
-7.03635 -7.03651
-7.04105 -7.04035
-7.02853 -7.02788
-6.98562 -6.98521
-7.01429 -7.01809
-6.84379 -6.84163
-7.10132 -7.10094
-6.65664 -6.65577
-7.33166 -7.33255
-7.01927 -7.01656
-6.88785 -6.88754
-7.07373 -7.07282
-7.2344 -7.23414
-7.03707 -7.03978
-7.30032 -7.30063
-7.05355 -7.05353
-7.23211 -7.23098
-7.30937 -7.31003
-7.06543 -7.06403
-7.05746 -7.05559
-7.24275 -7.24088
-6.8161 -6.81658
-7.27626 -7.27462
-7.03788 -7.03809
-7.03344 -7.03427
-7.02283 -7.02117
-7.02317 -7.02269
-7.04228 -7.04022
-6.87473 -6.87532
-7.06846 -7.06885
-7.0264 -7.02666
-7.33773 -7.3382
-7.2666 -7.26809
-6.99162 -6.99087
-7.04229 -7.04251
-6.90261 -6.90157
-6.83048 -6.8307
-7.00259 -7.00523
-6.76424 -6.75954
-7.06584 -7.06618
-7.26313 -7.26311
-7.0349 -7.03539
-7.24848 -7.24783
-7.03955 -7.04043
-7.3183 -7.31782
-7.05286 -7.05354
-7.01145 -7.01298
-7.04257 -7.0416
-7.27711 -7.27834
-7.27375 -7.27408
-6.78175 -6.77728
-7.06945 -7.06813
-7.09961 -7.09972
-7.2564 -7.25723
-6.97515 -6.97215
-6.61487 -6.61216
-6.68383 -6.68306
-7.02808 -7.02633
-7.34962 -7.34994
-7.37013 -7.37132
-7.0204 -7.01954
-7.04387 -7.04401
-7.08182 -7.08168
-6.97151 -6.96837
-7.08676 -7.08534
-7.23739 -7.23904
-7.12248 -7.12285
-6.8873 -6.89015
-7.30578 -7.30645
-7.32946 -7.32979
-6.55767 -6.5568
-7.03183 -7.03206
-7.06316 -7.06175
-7.25083 -7.25133
-6.90216 -6.90148
-7.08324 -7.08354
-7.074 -7.07532
-6.83033 -6.83032
-7.35652 -7.35663
-7.09365 -7.09323
-7.02382 -7.02478
-7.34319 -7.34383
-7.25937 -7.25984
-6.93077 -6.9295
-7.13842 -7.1387
-7.26422 -7.2647
-7.30496 -7.30493
-7.2321 -7.23427
-7.0273 -7.02351
-7.0444 -7.04361
-7.27444 -7.27297
-7.0308 -7.03008
-7.0366 -7.03875
-7.26022 -7.25884
-6.75965 -6.75554
-6.83615 -6.83367
-6.9767 -6.97539
-7.05471 -7.05319
-7.37581 -7.37715
-7.2354 -7.23654
-7.23798 -7.23729
-7.00499 -7.00375
-7.27942 -7.27857
-6.52455 -6.52126
-7.28385 -7.28339
-7.21046 -7.21332
-7.06231 -7.06153
-7.12443 -7.12515
-7.06321 -7.06357
-7.30252 -7.3027
-7.29025 -7.29075
-6.99237 -6.99133
-7.06447 -7.06456
-7.08624 -7.08492
-6.85823 -6.85789
-7.02279 -7.02191
-7.29455 -7.29479
-7.32379 -7.32304
-7.10602 -7.10614
-6.64178 -6.64084
-7.02558 -7.02523
-7.3641 -7.36499
-6.97681 -6.98122
-7.35694 -7.35767
-6.56808 -6.57977
-6.98862 -6.98607
-7.11103 -7.11097
-7.24146 -7.24289
-6.76314 -6.76578
-7.02187 -7.02301
-7.07824 -7.0798
-6.98276 -6.98617
-6.73737 -6.73563
-7.2873 -7.28926
-7.04887 -7.04589
-6.94391 -6.94261
-7.03864 -7.03621
-7.00256 -7.00283
-7.32085 -7.32073
-7.13986 -7.14012
-7.27164 -7.27057
-7.03497 -7.03392
-7.19542 -7.19872
-6.86826 -6.87072
-7.12167 -7.12182
-7.15655 -7.15686
-6.98048 -6.97943
-7.10696 -7.10748
-6.52667 -6.52368
-7.22424 -7.22488
-7.22888 -7.22786
-6.8949 -6.89618
-7.27359 -7.2724
-7.36584 -7.36659
-7.03871 -7.03974
-7.15392 -7.15425
-7.07126 -7.0715
-7.04413 -7.04587
-6.72661 -6.72562
-7.2514 -7.2539
-7.37234 -7.37347
-7.06199 -7.06321
-7.04741 -7.0477
-6.83186 -6.83488
-7.26927 -7.26949
-7.05395 -7.05395
-7.03855 -7.03662
-7.13958 -7.13981
-7.09624 -7.0963
-7.06802 -7.06849
-7.00397 -7.0017
-7.01695 -7.01697
-7.21872 -7.22173
-7.30243 -7.30236
-7.05313 -7.05272
-6.96883 -6.97032
-7.05102 -7.05194
-7.0594 -7.05936
-7.26595 -7.26541
-7.04206 -7.04034
-6.97839 -6.97923
-6.78756 -6.78903
-7.06466 -7.06576
-6.64051 -6.63913
-7.07843 -7.07891
-7.28026 -7.28079
-7.03768 -7.03681
-7.2498 -7.24943
-7.021 -7.02143
-7.34605 -7.34624
-7.10984 -7.10913
-7.34512 -7.34559
-6.98636 -6.9844
-7.34086 -7.34095
-7.07598 -7.07688
-7.21468 -7.21764
-7.24467 -7.24292
-7.20484 -7.21238
-7.02846 -7.02809
-6.84385 -6.84299
-7.06942 -7.06852
-7.11558 -7.11521
-6.59057 -6.59165
-7.02401 -7.02434
-6.99453 -6.99523
-7.26951 -7.26941
-7.36786 -7.36875
-7.07745 -7.0774
-7.23434 -7.23481
-6.83414 -6.83516
-7.20156 -7.20361
-6.88303 -6.88289
-7.01684 -7.01652
-7.02896 -7.02907
-7.03073 -7.03126
-6.99453 -6.99314
-7.04267 -7.04291
-6.68455 -6.68466
-7.05931 -7.05992
-6.82184 -6.81645
-7.13314 -7.13298
-7.26473 -7.26579
-7.06486 -7.06593
-7.25497 -7.25534
-7.23648 -7.2356
-7.1294 -7.12995
-7.02225 -7.02199
-7.05253 -7.05469
-6.8098 -6.81068
-7.00708 -7.0083
-6.85959 -6.85781
-7.26078 -7.26012
-7.10171 -7.10155
-7.03473 -7.0345
-6.85517 -6.8503
-7.24276 -7.2444
-7.04974 -7.05003
-7.25546 -7.25708
-7.23894 -7.23986
-7.24724 -7.24783
-7.36756 -7.3686
-7.08756 -7.08614
-7.32106 -7.32105
-7.06305 -7.0643
-7.37654 -7.37788
-6.69576 -6.69168
-7.06875 -7.06846
-6.78981 -6.78909
-7.26797 -7.26917
-7.15149 -7.15179
-7.27757 -7.27933
-6.77185 -6.7711
-7.04255 -7.04198
-7.26236 -7.26278
-7.00268 -7.00365
-7.11329 -7.11308
-7.02328 -7.02343
-7.36503 -7.3656
-7.20898 -7.21082
-6.97117 -6.97109
-7.05636 -7.0539
-6.91003 -6.90718
-7.00883 -7.00797
-7.27231 -7.27148
-7.33076 -7.33116
-7.14458 -7.14481
-7.15115 -7.1515
-7.02467 -7.02445
-7.25925 -7.2592
-7.06757 -7.069
-6.85368 -6.85573
-7.01454 -7.01679
-6.64311 -6.64437
-7.14587 -7.14626
-7.29322 -7.29365
-7.26919 -7.26906
-7.24808 -7.24769
-7.3546 -7.35515
-7.15686 -7.15716
-7.31737 -7.31707
-7.26944 -7.26972
-7.0475 -7.04848
-6.7528 -6.75585
-7.10515 -7.10536
-7.20533 -7.20425
-7.032 -7.03022
-7.06954 -7.06985
-7.15473 -7.15507
-6.77789 -6.77713
-7.32293 -7.32338
-7.08523 -7.0862
-7.02789 -7.02758
-7.01634 -7.01649
-6.65449 -6.65487
-7.08527 -7.08615
-6.78242 -6.78441
-6.988 -6.9877
-7.08951 -7.0902
-7.00286 -7.00409
-7.23197 -7.2326
-7.35343 -7.35385
-7.04329 -7.04256
-7.05321 -7.05285
-7.28262 -7.28196
-7.04823 -7.04903
-6.95348 -6.95449
-7.28537 -7.28703
-6.90333 -6.90186
-7.28759 -7.2897
-7.11162 -7.11239
-7.0075 -7.00945
-7.02352 -7.0218
-7.2707 -7.27058
-7.09159 -7.0914
-7.02255 -7.02136
-7.03497 -7.03358
-7.0484 -7.04854
-7.23938 -7.23848
-6.91935 -6.92136
-7.09639 -7.09598
-7.04529 -7.04407
-7.26433 -7.26396
-7.01291 -7.01324
-7.27197 -7.27032
-6.87725 -6.88081
-6.80846 -6.80443
-7.30469 -7.30515
-7.24786 -7.24692
-7.26985 -7.27009
-7.37708 -7.37844
-7.05783 -7.05666
-7.24707 -7.24626
-7.29182 -7.29112
-6.80343 -6.80306
-7.15016 -7.15054
-7.15747 -7.1578
-7.25017 -7.25068
-7.3395 -7.33961
-7.02661 -7.02703
-6.91329 -6.90982
-7.03297 -7.03324
-7.27722 -7.27896
-6.75247 -6.75032
-7.08018 -7.08028
-6.97698 -6.97958
-7.12623 -7.12647
-6.87387 -6.87458
-7.0299 -7.02922
-6.89584 -6.89283
-7.0317 -7.03221
-6.91967 -6.9181
-6.89662 -6.89422
-7.04083 -7.04093
-6.84938 -6.85007
-7.27213 -7.27203
-7.14293 -7.14314
-7.02038 -7.01931
-7.05222 -7.05208
-7.29202 -7.29185
-7.14053 -7.14073
-7.00827 -7.01199
-7.05394 -7.052
-7.26834 -7.26885
-7.28601 -7.28629
-7.01864 -7.01927
-6.98967 -6.98691
-7.07957 -7.07999
-6.99079 -6.99093
-7.22902 -7.22829
-7.08483 -7.08477
-7.23248 -7.23053
-7.05153 -7.05092
-7.09643 -7.09614
