-7.21593 -7.22019
-7.07236 -7.07324
-6.83586 -6.83516
-7.14681 -7.14753
-6.92008 -6.92136
-6.99667 -7.0002
-7.02248 -7.02248
-6.59281 -6.59402
-6.77109 -6.76729
-7.13993 -7.14061
-6.87019 -6.87037
-7.0258 -7.02628
-7.02653 -7.02763
-7.11159 -7.11239
-7.28447 -7.28636
-7.32296 -7.32382
-6.72174 -6.72481
-7.09876 -7.09865
-7.35212 -7.35238
-7.0364 -7.03785
-7.01451 -7.01679
-7.01031 -7.01199
-7.04359 -7.04342
-7.25941 -7.25858
-7.34079 -7.34095
-6.80464 -6.80281
-7.25137 -7.25161
-7.23121 -7.2326
-6.84829 -6.8445
-6.72675 -6.73061
-7.26204 -7.26256
-6.77648 -6.76907
-7.30214 -7.30236
-6.68555 -6.6815
-6.59902 -6.59864
-6.74358 -6.74189
-7.23574 -7.23654
-6.96548 -6.96477
-7.05287 -7.05357
-7.08468 -7.08459
-7.27486 -7.27462
-7.05523 -7.05553
-7.18552 -7.18968
-7.20209 -7.20155
-7.1292 -7.12983
-7.31211 -7.31324
-7.04879 -7.0498
-7.05405 -7.05437
-7.01214 -7.01138
-7.27125 -7.27212
-7.00334 -7.00365
-7.05637 -7.05454
-7.00253 -7.00111
-7.04421 -7.04587
-6.71047 -6.7112
-7.26389 -7.26341
-7.05961 -7.06005
-7.10113 -7.10145
-7.26962 -7.26907
-7.2797 -7.27907
-6.95489 -6.9522
-7.03823 -7.03684
-7.35789 -7.35815
-7.27828 -7.27838
-7.03514 -7.03875
-6.66904 -6.66545
-6.74807 -6.74909
-7.05574 -7.05687
-7.04715 -7.04708
-6.94599 -6.94373
-7.26472 -7.26579
-6.98146 -6.97923
-6.96073 -6.95681
-6.91309 -6.91089
-7.21047 -7.21128
-7.36802 -7.3686
-6.69887 -6.69839
-7.36064 -7.36082
-6.63985 -6.6402
-6.78974 -6.78903
-7.0501 -7.04978
-7.35293 -7.35338
-7.01349 -7.01432
-7.24371 -7.24433
-6.84737 -6.84299
-6.96266 -6.96158
-7.10359 -7.10391
-7.30804 -7.30768
-7.31674 -7.31646
-6.98699 -6.98683
-7.2325 -7.2358
-7.2235 -7.22338
-6.99916 -6.99739
-6.91803 -6.91891
-7.10667 -7.10748
-7.10936 -7.10923
-7.03666 -7.03698
-7.14373 -7.14447
-6.80335 -6.80678
-7.01113 -7.00834
-7.29725 -7.29754
-7.30704 -7.30697
-7.3376 -7.33777
-7.14266 -7.14317
-6.87743 -6.88081
-6.74125 -6.74119
-7.26912 -7.27009
-7.19827 -7.2011
-7.06843 -7.06756
-7.25799 -7.25831
-7.31179 -7.31075
-7.04401 -7.04354
-7.34677 -7.34707
-7.11265 -7.11273
-7.11109 -7.1118
-6.75337 -6.75067
-6.99662 -6.99512
-7.04396 -7.04361
-6.81752 -6.81835
-7.37774 -7.37844
-7.25456 -7.25537
-7.35992 -7.36034
-6.80864 -6.80556
-6.72076 -6.72251
-7.01816 -7.01794
-7.15169 -7.15241
-6.8364 -6.83179
-7.21168 -7.21172
-7.36968 -7.37022
-7.05779 -7.05718
-7.24583 -7.24513
-6.99678 -6.99868
-7.0437 -7.043
-7.04283 -7.04009
-6.97848 -6.98049
-7.05328 -7.05474
-7.37432 -7.375
-6.71708 -6.7175
-7.00906 -7.00887
-7.26338 -7.26378
-7.01126 -7.00957
-7.09193 -7.09163
-7.1207 -7.12144
-7.34531 -7.34583
-7.21612 -7.2164
-6.98048 -6.98168
-7.00422 -7.00421
-7.14539 -7.14613
-7.36177 -7.36194
-7.0091 -7.00698
-7.20431 -7.20524
-7.10598 -7.10664
-6.70776 -6.70783
-6.67286 -6.67449
-7.30435 -7.30433
-7.01009 -7.01062
-6.98679 -6.98491
-7.25691 -7.25805
-7.13717 -7.13807
-6.94775 -6.94661
-7.00249 -7.00332
-7.35349 -7.3538
-7.3649 -7.36513
-7.03425 -7.03421
-7.04986 -7.04967
-7.0151 -7.01569
-7.27005 -7.27
-6.70594 -6.70163
-6.90544 -6.90589
-7.27695 -7.277
-7.31497 -7.31485
-7.33177 -7.33255
-7.0228 -7.02269
-6.75115 -6.74952
-7.0342 -7.03318
-7.25677 -7.25448
-7.25155 -7.25145
-6.76151 -6.75831
-7.2632 -7.26139
-7.04222 -7.04171
-6.8913 -6.88743
-7.04282 -7.04256
-6.83126 -6.8307
-7.11837 -7.11839
-7.02355 -7.02146
-7.0235 -7.02314
-6.85821 -6.85681
-6.75587 -6.75364
-6.98062 -6.97606
-7.04415 -7.04142
-7.26214 -7.26175
-7.04893 -7.04589
-7.14154 -7.1422
-6.79764 -6.79844
-7.11497 -7.11521
-7.00175 -7.00043
-7.26258 -7.26349
-7.22556 -7.22593
-7.01577 -7.01927
-7.36674 -7.36704
-6.75351 -6.7527
-7.36952 -7.37009
-7.04882 -7.04674
-7.04879 -7.0498
-6.84268 -6.84373
-7.03214 -7.03196
-7.2725 -7.27382
-6.75201 -6.75172
-6.60525 -6.60465
-6.5723 -6.57061
-6.95534 -6.95354
-6.76409 -6.76542
-7.28554 -7.28703
-7.03611 -7.03852
-6.96334 -6.96142
-7.15648 -7.15719
-7.0408 -7.04252
-7.23637 -7.23675
-7.06109 -7.06321
-6.59923 -6.5978
-7.09542 -7.09642
-6.8379 -6.83703
-7.28817 -7.28903
-7.02924 -7.02901
-6.86649 -6.86145
-6.88434 -6.88516
-6.85321 -6.85069
-7.05369 -7.05395
-7.0353 -7.03712
-7.23211 -7.23143
-7.32044 -7.32126
-7.01758 -7.01836
-6.63739 -6.64084
-7.2805 -7.27975
-7.10526 -7.10523
-7.24982 -7.2507
-7.15197 -7.15263
-7.33513 -7.3357
-7.35049 -7.3507
-7.12806 -7.12874
-7.27153 -7.27214
-7.03542 -7.03335
-7.37181 -7.37235
-6.65814 -6.65785
-7.32478 -7.32529
-7.08259 -7.08354
-6.77067 -6.76936
-7.14526 -7.14593
-7.00563 -7.00482
-7.14613 -7.14681
-7.05287 -7.05357
-7.0097 -7.00683
-7.24453 -7.24355
-6.97446 -6.97037
-6.84221 -6.84137
-7.33973 -7.34016
-7.22979 -7.23079
-7.02466 -7.02248
-6.82789 -6.82967
-7.30048 -7.30067
-6.98734 -6.98698
-7.05338 -7.05176
-6.75458 -6.7517
-6.92222 -6.92131
-6.34352 -6.34315
-7.26278 -7.26405
-7.31237 -7.31272
-7.00217 -7.00215
-7.0466 -7.0472
-7.25489 -7.25708
-6.69816 -6.69866
-7.26284 -7.26396
-7.00186 -7.0033
-6.99437 -6.99375
-6.68907 -6.68376
-7.05061 -7.05194
-6.8857 -6.88544
-7.29956 -7.29982
-7.2536 -7.25462
-7.02415 -7.02265
-6.9774 -6.97573
-6.88253 -6.88148
-7.32282 -7.32357
-7.1965 -7.19663
-7.13232 -7.13293
-7.24592 -7.24636
-7.27381 -7.27327
-7.2367 -7.23696
-7.00177 -7.00112
-7.05348 -7.05353
-7.03137 -7.03206
-7.26869 -7.26835
-7.25005 -7.25068
-6.71251 -6.70976
-6.7585 -6.7567
-7.02971 -7.02885
-7.24961 -7.25052
-7.33805 -7.33848
-7.0717 -7.0691
-7.02049 -7.02253
-7.23014 -7.23108
-6.83565 -6.83343
-7.35222 -7.35245
-6.89863 -6.8974
-6.91458 -6.91161
-7.0578 -7.05794
-6.69675 -6.69289
-7.26956 -7.26951
-7.24395 -7.2421
-7.03103 -7.0315
-7.13091 -7.13178
-7.07375 -7.07282
-7.30836 -7.3094
-7.05848 -7.06054
-7.04976 -7.05003
-7.15491 -7.15561
-7.35081 -7.35091
-7.2379 -7.23982
-6.69702 -6.68794
-6.99484 -6.99461
-7.19488 -7.19308
-7.34108 -7.34152
-7.02826 -7.02944
-6.66764 -6.66746
-7.04548 -7.04592
-7.0302 -7.02965
-7.31941 -7.31942
-7.05074 -7.04984
-7.09942 -7.09973
-7.25549 -7.25572
-7.15354 -7.15425
-7.26103 -7.26231
-7.33328 -7.33434
-6.9854 -6.98592
-7.08162 -7.0819
-7.03885 -7.03823
-7.10035 -7.1
-7.32843 -7.32849
-7.05231 -7.05349
-7.04444 -7.04586
-7.04777 -7.04955
-6.88398 -6.88212
-7.32063 -7.32114
-7.27246 -7.27114
-7.25197 -7.25213
-7.2711 -7.27205
-7.20828 -7.21082
-7.2457 -7.24626
-7.25633 -7.25814
-7.28571 -7.28629
-6.78345 -6.7811
-7.03029 -7.03027
-7.02993 -7.03032
-7.02795 -7.02735
-7.28384 -7.28469
-6.78294 -6.78519
-6.51631 -6.5202
-7.26021 -7.25976
-6.64076 -6.63913
-6.81547 -6.8137
-6.99043 -6.9902
-7.06834 -7.06852
-7.36334 -7.36362
-7.02178 -7.02438
-7.22576 -7.22815
-7.23712 -7.23734
-7.22729 -7.22829
-6.70211 -6.70454
-6.73783 -6.73925
-7.03509 -7.03651
-7.22089 -7.2234
-7.02615 -7.02703
-6.78033 -6.776
-7.03466 -7.03392
-7.33264 -7.3329
-6.52784 -6.53409
-7.04225 -7.04242
-7.34085 -7.34153
-7.22035 -7.22087
-7.22996 -7.22829
-6.80063 -6.7983
-7.02908 -7.02711
-7.15692 -7.15763
-7.04934 -7.04925
-7.02697 -7.02608
-7.07455 -7.07507
-7.26421 -7.26284
-7.12863 -7.12941
-7.03494 -7.03537
-6.8826 -6.88289
-7.27428 -7.27297
-6.99022 -6.99131
-7.34114 -7.34095
-7.23043 -7.23215
-7.03432 -7.03236
-7.1544 -7.15507
-6.58904 -6.59165
-7.25706 -7.25669
-7.30196 -7.30122
-7.00721 -7.00465
-7.34618 -7.34702
-6.83709 -6.83647
-7.04349 -7.04389
-7.35146 -7.35194
-7.10207 -7.10216
-6.99555 -6.99568
-7.01416 -7.01586
-7.03339 -7.03191
-7.23787 -7.23769
-7.23988 -7.23915
-6.74131 -6.74159
-7.24394 -7.24527
-6.65547 -6.65487
-7.23215 -7.23031
-7.0441 -7.04404
-7.01712 -7.01675
-7.02708 -7.02777
-7.24229 -7.24101
-7.03731 -7.03607
-7.00348 -7.00523
-6.87595 -6.87254
-6.94703 -6.94617
-7.35186 -7.35205
-7.27605 -7.27498
-7.26989 -7.26851
-7.12155 -7.12182
-7.06555 -7.06724
-7.21352 -7.2155
-7.00352 -7.00425
-7.0461 -7.04679
-7.26563 -7.26602
-7.03282 -7.03294
-7.3626 -7.36281
-6.58803 -6.58468
-6.78175 -6.77867
-7.02109 -7.02371
-7.02537 -7.02602
-7.14554 -7.14625
-7.02693 -7.02761
-6.97858 -6.97668
-7.27334 -7.27351
-6.997 -6.99541
-6.96286 -6.95968
-6.94432 -6.94418
-7.36503 -7.36532
-7.08852 -7.08826
-7.2715 -7.27066
-7.07127 -7.07206
-6.88854 -6.88682
-7.2393 -7.23954
-7.03931 -7.03671
-7.13817 -7.1387
-7.02552 -7.02444
-7.02583 -7.02673
-6.98455 -6.98454
-7.30579 -7.30515
-6.99877 -7.00037
-7.29933 -7.30009
-7.09813 -7.0983
-7.03509 -7.0349
-7.03205 -7.03022
-7.03946 -7.0396
-7.14962 -7.15054
-7.16043 -7.1634
-7.23732 -7.23879
-6.82249 -6.82262
-7.12795 -7.12842
-7.12106 -7.12141
-7.1004 -7.10138
-6.52343 -6.51802
-7.08561 -7.08615
-7.32801 -7.32789
-7.05351 -7.05461
-6.6512 -6.64897
-7.23991 -7.23938
-7.28624 -7.286
-7.29189 -7.29185
-6.98876 -6.98801
-7.03383 -7.035
-7.07091 -7.07184
-6.77059 -6.76821
-7.24666 -7.24687
-7.28901 -7.28943
-7.07406 -7.07532
-7.2755 -7.27427
-7.03874 -7.03863
-7.07279 -7.07379
-6.98085 -6.98226
-7.23259 -7.23284
-7.37506 -7.37574
-7.06173 -7.06316
-7.09617 -7.09614
-7.02326 -7.02626
-6.97657 -6.97686
-6.97635 -6.97774
-7.07154 -7.07272
-7.10375 -7.10411
-7.21739 -7.21842
-6.70966 -6.70873
-6.9851 -6.98145
-7.23266 -7.23301
-7.07284 -7.07272
-7.22591 -7.22659
-7.23081 -7.23098
-7.37649 -7.37717
-7.15548 -7.1562
-7.2509 -7.25191
-6.59302 -6.59167
-7.02459 -7.02527
-7.23959 -7.23848
-7.04214 -7.04256
-6.64562 -6.64484
-7.02119 -7.02002
-6.97083 -6.96786
-7.08944 -7.08926
-6.89932 -6.89754
-7.34197 -7.34204
-7.15074 -7.15149
-7.24013 -7.23971
-7.24784 -7.24936
-7.05705 -7.05521
-7.23476 -7.23757
-7.23553 -7.23679
-6.99919 -7.00046
-7.24619 -7.24603
-6.81312 -6.81359
-7.14132 -7.14186
-7.23423 -7.23553
-6.92729 -6.92339
-6.6822 -6.68002
-6.97024 -6.9694
-7.3685 -7.36907
-6.96126 -6.95768
-6.97263 -6.9745
-6.8118 -6.81068
-6.63572 -6.63963
-7.05833 -7.05793
-6.95035 -6.94897
-7.20117 -7.20309
-7.01082 -7.01104
-6.76114 -6.76151
-7.08162 -7.08227
-7.26767 -7.26689
-7.22615 -7.22414
-7.34739 -7.34775
-6.82798 -6.82771
-7.30961 -7.30946
-6.75472 -6.75032
-6.74863 -6.74785
-7.04099 -7.04028
-6.95483 -6.95449
-7.26258 -7.26263
-7.01372 -7.01191
-7.0031 -7.00464
-7.0708 -7.06949
-7.00119 -6.99791
-6.90934 -6.90554
-7.02268 -7.02136
-7.24101 -7.23979
-6.90202 -6.89859
-7.0245 -7.02228
-7.37513 -7.37583
-7.03163 -7.03276
-7.31105 -7.31033
-7.31912 -7.32014
-7.23552 -7.2359
-7.00794 -7.00556
-7.04471 -7.04592
-7.27616 -7.27465
-7.26569 -7.26727
-7.08718 -7.08595
-7.05705 -7.05521
-7.22578 -7.23042
-6.95894 -6.95689
-6.57755 -6.57977
-6.99543 -6.99364
-7.2712 -7.27058
-7.35738 -7.35772
-7.07414 -7.0724
-7.34567 -7.34559
-7.05345 -7.05525
-7.0381 -7.03679
-7.08943 -7.0902
-6.63162 -6.63042
-6.95638 -6.95617
-7.03088 -7.03379
-7.03213 -7.03427
-6.71995 -6.72083
-7.23275 -7.23393
-7.15256 -7.1533
-7.23293 -7.23628
-7.03126 -7.03186
-6.83933 -6.83824
-7.12518 -7.12596
-7.27629 -7.27702
-7.32507 -7.32574
-7.02534 -7.02721
-7.2571 -7.25771
-7.09833 -7.09805
-7.01763 -7.01656
-7.04402 -7.0453
-6.6613 -6.66256
-7.236 -7.2356
-7.18606 -7.19011
-7.27374 -7.27453
-6.98149 -6.98117
-7.32192 -7.32234
-7.01759 -7.01803
-7.00607 -7.00827
-7.3058 -7.30609
-6.979 -6.97943
-7.12554 -7.12603
-7.37579 -7.3765
-7.01746 -7.01682
-7.0261 -7.02302
-7.28496 -7.28581
-6.71373 -6.71076
-7.26369 -7.26305
-7.01675 -7.01706
-7.07801 -7.07818
-7.19758 -7.19916
-7.36956 -7.3701
-7.31285 -7.31282
-7.04105 -7.04113
-6.97936 -6.97834
-7.07941 -7.07894
-7.35081 -7.35088
-6.82747 -6.82603
-7.08222 -7.08347
-7.09072 -7.09116
-7.24598 -7.247
-6.98816 -6.98607
-7.10589 -7.10617
-7.00914 -7.00823
-7.32964 -7.33064
-6.97597 -6.97232
-7.05842 -7.05936
-7.21781 -7.21905
-7.13147 -7.13196
-6.81004 -6.81348
-7.05612 -7.05688
-7.07309 -7.07146
-7.02829 -7.02795
-6.80257 -6.80306
-7.04803 -7.04915
-7.09182 -7.09189
-7.27181 -7.2707
-7.24987 -7.25076
-6.98606 -6.98521
-7.2229 -7.22266
-7.07188 -7.06956
-7.04467 -7.04407
-7.0758 -7.07485
-7.22212 -7.22519
-6.99304 -6.99314
-7.06536 -7.06714
-7.04461 -7.0472
-7.27218 -7.27409
-6.72588 -6.72488
-7.03224 -7.03382
-7.19417 -7.19882
-6.92267 -6.92215
-7.28182 -7.28201
-7.09211 -7.09305
-7.25905 -7.26123
-7.08411 -7.08327
-7.01102 -7.01261
-7.37645 -7.37715
-7.23478 -7.23509
-7.3055 -7.30645
-6.89831 -6.89947
-7.25293 -7.25266
-7.25234 -7.25368
-6.70895 -6.70625
-7.04932 -7.05092
-7.2408 -7.24025
-7.12571 -7.12647
-7.06507 -7.06496
-7.06788 -7.06846
-7.04369 -7.04401
-6.99082 -6.99099
-7.22679 -7.22756
-7.0232 -7.02191
-7.0557 -7.05644
-7.06633 -7.06778
-7.22301 -7.22461
-6.8416 -6.83896
-7.0146 -7.01471
-6.53934 -6.53643
-7.15321 -7.15391
-6.78445 -6.78603
-7.04203 -7.04217
-7.13847 -7.13893
-7.06635 -7.06613
-6.95837 -6.96077
-7.05196 -7.05291
-7.04389 -7.0447
-7.05771 -7.05559
-7.00179 -6.99979
-7.12077 -7.12127
-7.20904 -7.2082
-6.73602 -6.73278
-7.23845 -7.24048
-7.06668 -7.06746
-7.05191 -7.05208
-7.26786 -7.26809
-7.09159 -7.0918
-7.0199 -7.02102
-6.88593 -6.88376
-7.04595 -7.04772
-7.24539 -7.24683
-7.33619 -7.33611
-7.28802 -7.28926
-6.86617 -6.86154
-7.31981 -7.31981
-6.77601 -6.77713
-7.25142 -7.25197
-6.71817 -6.71693
-7.24958 -7.24972
-7.20848 -7.20815
-7.31975 -7.3195
-7.34346 -7.34383
-7.04716 -7.04526
-7.09339 -7.09256
-7.10296 -7.10347
-6.80965 -6.81182
-7.23972 -7.2423
-7.23484 -7.23972
-7.22998 -7.22978
-7.25636 -7.25582
-7.00718 -7.00755
-7.05259 -7.05243
-7.01426 -7.01244
-7.0466 -7.0472
-7.02698 -7.02536
-7.2566 -7.25459
-7.05997 -7.06023
-7.12473 -7.12515
-7.03849 -7.04043
-7.06856 -7.06952
-7.00167 -7.00365
-7.03783 -7.03657
-7.03179 -7.03324
-6.98942 -6.99087
-7.13191 -7.13255
-7.29083 -7.29075
-7.09958 -7.09972
-7.15387 -7.1546
-7.32281 -7.32304
-7.27244 -7.27322
-7.04636 -7.04848
-7.00748 -7.00821
-6.99091 -6.99133
-7.0027 -7.00375
-7.27319 -7.27223
-7.27063 -7.2708
-7.04655 -7.0477
-7.13451 -7.13478
-6.81951 -6.81936
-6.33777 -6.34098
-7.04882 -7.04831
-7.05664 -7.05602
-7.27425 -7.27413
-6.73759 -6.73381
-7.00857 -7.01057
-7.26948 -7.26891
-7.28789 -7.28741
-7.10815 -7.10888
-7.00403 -7.00451
-7.01493 -7.01453
-6.6251 -6.6262
-7.21271 -7.21513
-7.02308 -7.025
-7.22899 -7.22875
-7.04287 -7.04591
-7.30327 -7.30266
-7.14958 -7.15029
-7.28745 -7.28759
-7.0369 -7.03655
-7.24311 -7.24228
-7.08057 -7.07999
-6.68323 -6.68306
-7.0256 -7.02558
-7.08484 -7.084
-7.32276 -7.32379
-6.83389 -6.83488
-7.23494 -7.23519
-7.23155 -7.236
-7.01753 -7.0177
-6.94877 -6.94865
-6.73229 -6.72845
-7.279 -7.27904
-7.08049 -7.0798
-6.82786 -6.82769
-6.81638 -6.81756
-7.12763 -7.12811
-7.2348 -7.23652
-7.25621 -7.2557
-7.2734 -7.27408
-7.03201 -7.03088
-7.36119 -7.36165
-7.06676 -7.06805
-7.03043 -7.03036
-7.35818 -7.35855
-7.1441 -7.14481
-7.19488 -7.19872
-7.14255 -7.14311
-7.20445 -7.20425
-7.26742 -7.26809
-7.26912 -7.26888
-7.08745 -7.08611
-6.90272 -6.90157
-7.36716 -7.36754
-7.30999 -7.31024
-7.28071 -7.27914
-6.71955 -6.7215
-7.0564 -7.05544
-7.35653 -7.35663
-7.27874 -7.28027
-7.25606 -7.25499
-7.34284 -7.34336
-6.77422 -6.77252
-7.02318 -7.0234
-7.35857 -7.35866
-7.06997 -7.06985
-6.74344 -6.74351
-7.3122 -7.31167
-7.02532 -7.02406
-7.22796 -7.23112
-6.70949 -6.70774
-6.70404 -6.70299
-7.00776 -7.00693
-7.29259 -7.29375
-6.98136 -6.98122
-6.97093 -6.97085
-7.25616 -7.25528
-7.06522 -7.06403
-6.96081 -6.96179
-7.01215 -7.01142
-7.02537 -7.02606
-7.30983 -7.31005
-7.24547 -7.24861
-7.03709 -7.03908
-7.04018 -7.04048
-7.24681 -7.2469
-6.98798 -6.98733
-7.26197 -7.26226
-6.98939 -6.9877
-7.07924 -7.07735
-7.13565 -7.13621
-6.99306 -6.99278
-6.69815 -6.6987
-7.26795 -7.2685
-6.88701 -6.88227
-7.33591 -7.33653
-7.03045 -7.03126
-7.26939 -7.26972
-7.08069 -7.08046
-7.23545 -7.23827
-6.79002 -6.78746
-7.37616 -7.37685
-7.06841 -7.06985
-6.79764 -6.79435
-7.03101 -7.03019
-7.01291 -7.01187
-7.00642 -7.00671
-7.30409 -7.30432
-7.07962 -7.08028
-7.08024 -7.07905
-7.24329 -7.24306
-6.92302 -6.92288
-7.01371 -7.01338
-7.11785 -7.1179
-6.82458 -6.82418
-7.27061 -7.2698
-6.71011 -6.70682
-7.02313 -7.02089
-7.04804 -7.04867
-7.22824 -7.23027
-6.76457 -6.76059
-7.05361 -7.05289
-7.04225 -7.04242
-7.12048 -7.12117
-7.06579 -7.06618
-7.11265 -7.11344
-7.15647 -7.15716
-7.35007 -7.3502
-7.22709 -7.22751
-7.03467 -7.03347
-7.01715 -7.01697
-7.26619 -7.26541
-6.87199 -6.87155
-6.74923 -6.74784
-6.92876 -6.92837
-7.02975 -7.03022
-7.06962 -7.06813
-7.27298 -7.27486
-7.35434 -7.35491
-7.28536 -7.28525
-6.88984 -6.88754
-7.04826 -7.05096
-7.07661 -7.07617
-7.23644 -7.23646
-7.11282 -7.11308
-7.36047 -7.36094
-7.07357 -7.07345
-7.37393 -7.37458
-6.95287 -6.952
-7.08916 -7.08883
-7.05968 -7.06039
-7.3128 -7.31222
-7.27959 -7.27793
-7.34996 -7.34994
-6.70601 -6.7022
-7.06765 -7.06755
-7.03923 -7.03876
-7.02903 -7.02809
-7.31022 -7.31048
-7.24428 -7.24594
-7.24656 -7.24697
-7.03532 -7.03548
-6.99666 -6.99816
-7.31958 -7.31962
-7.27747 -7.27754
-7.35999 -7.36031
-7.02664 -7.02775
-7.0437 -7.043
-7.24865 -7.24968
-7.06083 -7.06114
-7.29995 -7.29947
-7.0007 -6.99819
-7.23603 -7.23668
-7.0431 -7.04497
-6.86662 -6.86509
-6.99265 -6.99292
-7.05434 -7.05494
-7.3509 -7.35151
-7.28846 -7.2897
-6.74151 -6.74182
-6.90828 -6.90646
-6.97545 -6.97491
-6.90306 -6.90186
-6.62006 -6.61474
-6.33989 -6.33936
-7.12221 -7.12285
-7.04378 -7.04485
-7.32365 -7.32389
-7.29189 -7.29112
-7.08723 -7.08724
-7.31133 -7.31157
-7.08848 -7.08905
-6.99478 -6.99592
-7.34895 -7.34916
-7.29024 -7.28984
-6.70535 -6.70141
-7.24844 -7.24783
-7.32478 -7.32543
-7.26102 -7.26145
-7.24228 -7.24303
-7.25957 -7.2589
-7.06194 -7.06214
-7.09395 -7.09396
-7.01199 -7.01164
-7.23104 -7.23189
-7.01678 -7.01431
-7.34929 -7.34979
-7.03378 -7.03539
-7.02074 -7.01954
-7.07992 -7.08042
-7.06507 -7.06496
-7.00594 -7.00465
-7.07029 -7.06907
-7.03013 -7.03166
-7.23683 -7.23897
-7.24953 -7.25015
-7.1271 -7.12781
-7.0734 -7.07337
-7.04568 -7.04425
-7.05061 -7.05194
-6.90714 -6.90376
-7.05761 -7.05626
-6.82767 -6.82614
-6.97167 -6.97032
-7.00836 -7.00577
-7.22514 -7.22667
-7.03783 -7.03662
-7.05349 -7.05139
-7.01372 -7.01516
-7.13314 -7.13317
-7.23008 -7.23206
-7.02337 -7.02172
-7.03404 -7.03336
-7.01028 -7.00826
-7.23968 -7.24146
-6.87975 -6.87731
-7.24093 -7.24088
-7.1262 -7.12652
-6.91132 -6.90871
-7.21478 -7.21987
-6.56153 -6.55984
-7.08877 -7.08835
-7.21443 -7.21359
-7.28492 -7.2855
-6.86802 -6.85991
-7.13857 -7.13911
-7.0326 -7.03158
-6.63971 -6.63972
-7.08559 -7.08611
-7.07534 -7.07625
-7.02562 -7.02762
-7.01497 -7.0157
-7.20392 -7.20601
-7.36811 -7.36868
-7.25966 -7.26058
-7.35276 -7.35308
-7.23094 -7.22934
-6.91219 -6.91083
-7.31611 -7.31601
-7.07655 -7.07757
-6.80628 -6.8035
-7.25656 -7.25709
-7.02816 -7.02907
-7.06934 -7.07075
-7.31179 -7.3111
-7.28284 -7.2827
-7.06001 -7.05984
-6.83406 -6.83367
-7.12421 -7.12474
-7.22559 -7.22488
-7.03267 -7.03272
-6.74367 -6.74645
-7.03719 -7.03809
-6.92468 -6.92464
-7.05978 -7.06052
-7.05853 -7.05813
-7.06415 -7.06593
-7.27789 -7.27834
-6.61749 -6.61471
-7.06815 -7.06849
-7.02592 -7.02615
-7.10901 -7.10913
-7.06107 -7.063
-7.3202 -7.32117
-7.13552 -7.13608
-7.03109 -7.03162
-6.8382 -6.83881
-7.26688 -7.26673
-7.15101 -7.15179
-7.05603 -7.05672
-6.87209 -6.87035
-7.04144 -7.04124
-7.26674 -7.26518
-6.77054 -6.77181
-7.04548 -7.04592
-7.01772 -7.01587
-7.07735 -7.07686
-6.94627 -6.94396
-7.34504 -7.34555
-7.00998 -7.0093
-7.04933 -7.04978
-7.03069 -7.0355
-7.3562 -7.35661
-6.6438 -6.64358
-7.00976 -7.00744
-7.24732 -7.24896
-7.27565 -7.27722
-7.01619 -7.0197
-6.79022 -6.78909
-7.33929 -7.33961
-6.83151 -6.83032
-6.9384 -6.93576
-7.32914 -7.32954
-7.27491 -7.27306
-7.31568 -7.31484
-7.32246 -7.32338
-6.57525 -6.57756
-7.06522 -7.06403
-7.36402 -7.36447
-7.04055 -7.0397
-7.02297 -7.02338
-7.05977 -7.06058
-6.79008 -6.79063
-7.05801 -7.05878
-7.02902 -7.03016
-7.07181 -7.06892
-7.34639 -7.34711
-7.02424 -7.02179
-7.33316 -7.33339
-7.03221 -7.03295
-7.34076 -7.34086
-7.02996 -7.0272
-6.87509 -6.87532
-7.06779 -7.06849
-7.03563 -7.03375
-7.03719 -7.03643
-7.25393 -7.2527
-7.02327 -7.0218
-7.0255 -7.02644
-6.82994 -6.82996
-7.24511 -7.24678
-6.94075 -6.94173
-6.64768 -6.64437
-6.60263 -6.59317
-7.03202 -7.03077
-7.03999 -7.04211
-7.00075 -7.00055
-7.01798 -7.01917
-7.2532 -7.25409
-7.10059 -7.10094
-7.24325 -7.2447
-7.2744 -7.2738
-7.30722 -7.30658
-7.02173 -7.01977
-6.83295 -6.83166
-7.24138 -7.24233
-7.15507 -7.15575
-7.26035 -7.26231
-7.22091 -7.22219
-7.37388 -7.37454
-7.261 -7.26068
-7.35302 -7.35288
-7.27425 -7.27615
-7.34605 -7.34658
-7.28338 -7.2832
-7.05287 -7.05393
-7.26911 -7.26917
-7.04925 -7.04849
-7.0029 -7.00409
-7.27058 -7.27315
-7.03029 -7.03037
-7.02353 -7.02361
-6.92685 -6.93119
-7.07652 -7.07737
-7.09846 -7.09786
-7.00154 -7.00165
-7.21316 -7.21506
-7.26196 -7.26292
-7.24148 -7.23899
-7.27327 -7.27148
-7.10667 -7.10735
-6.97227 -6.96959
-7.10126 -7.10122
-6.70191 -6.69929
-7.05412 -7.05665
-7.34327 -7.34353
-7.31834 -7.31782
-7.01451 -7.01679
-7.34716 -7.34747
-7.04362 -7.04741
-6.90041 -6.90023
-6.81262 -6.81274
-7.3045 -7.30475
-7.08564 -7.08568
-6.81124 -6.8129
-6.81107 -6.8071
-7.36346 -7.36366
-6.94771 -6.94789
-7.03101 -7.03031
-7.01103 -7.01282
-7.01355 -7.013
-6.85615 -6.85558
-7.34049 -7.34092
-6.97142 -6.97109
-7.00867 -7.00692
-7.30747 -7.30746
-7.11066 -7.11097
-6.99576 -6.9934
-7.24373 -7.24383
-7.23771 -7.23683
-6.81799 -6.81885
-6.99942 -7.00252
-7.05 -7.04922
-6.76829 -6.76565
-7.13882 -7.1393
-7.0224 -7.02478
-7.35821 -7.35869
-7.09676 -7.09738
-6.76279 -6.76464
-7.03671 -7.03691
-7.36751 -7.3681
-7.25381 -7.25476
-7.03163 -7.03221
-6.7737 -6.77346
-7.07421 -7.07456
-7.04725 -7.04854
-6.81836 -6.81893
-7.05678 -7.05892
-7.25529 -7.25591
-6.75424 -6.7534
-7.12204 -7.12242
-7.34808 -7.349
-6.70529 -6.70366
-6.93788 -6.93392
-6.72554 -6.72076
-7.06772 -7.06885
-7.34629 -7.34624
-7.21713 -7.21971
-7.04756 -7.04766
-7.31574 -7.31536
-7.04439 -7.04022
-7.01185 -7.01298
-6.832 -6.83098
-6.93821 -6.93698
-6.76786 -6.76624
-7.10833 -7.10891
-7.09986 -7.09891
-7.02842 -7.02591
-7.14764 -7.14837
-7.0431 -7.04497
-6.71355 -6.71414
-7.05163 -7.05028
-7.2295 -7.22784
-6.6713 -6.67008
-7.2979 -7.29741
-6.82378 -6.82137
-7.07406 -7.07532
-7.24434 -7.24417
-7.01412 -7.01462
-7.31215 -7.31234
-7.03265 -7.03275
-7.22921 -7.23006
-7.05965 -7.05992
-7.30143 -7.3019
-7.09516 -7.09614
-7.13973 -7.14047
-7.04169 -7.04052
-7.09658 -7.09598
-7.01416 -7.01324
-7.04384 -7.04609
-7.34669 -7.34738
-7.04187 -7.04291
-7.01734 -7.01601
-7.05414 -7.05285
-7.2614 -7.26259
-7.02155 -7.02143
-7.23714 -7.23729
-7.27122 -7.27213
-7.02433 -7.02343
-7.03127 -7.03042
-7.25849 -7.25866
-7.0309 -7.03008
-7.30903 -7.30914
-7.02984 -7.02947
-7.37017 -7.37068
-7.37464 -7.37532
-6.73748 -6.73563
-7.06435 -7.06464
-7.10237 -7.10306
-6.40592 -6.40474
-7.03171 -7.03199
-7.0212 -7.02214
-7.23865 -7.23895
-7.05816 -7.05714
-6.88971 -6.89015
-7.02194 -7.02333
-7.01891 -7.01962
-7.11307 -7.11336
-7.03719 -7.03809
-6.96151 -6.96303
-6.57352 -6.5673
-7.12145 -7.12171
-7.21031 -7.21177
-6.84288 -6.83816
-6.87076 -6.87072
-7.3772 -7.37788
-6.78683 -6.78508
-7.13052 -7.13131
-7.04733 -7.04586
-7.34077 -7.34069
-7.33514 -7.3355
-6.88317 -6.87858
-7.0292 -7.03064
-7.27193 -7.27057
-7.15604 -7.15675
-7.05322 -7.0539
-7.009 -7.00945
-7.03178 -7.03127
-7.32932 -7.32979
-7.03959 -7.04073
-7.03701 -7.0402
-7.02095 -7.02
-7.01708 -7.01607
-7.24532 -7.24645
-7.1557 -7.15639
-7.31605 -7.31515
-7.25053 -7.2503
-7.2409 -7.24158
-7.03885 -7.03727
-7.27794 -7.27733
-6.83304 -6.82861
-7.23163 -7.23053
-7.00573 -7.00473
-6.99929 -6.99969
-7.36457 -7.36499
-7.35737 -7.35767
-6.88772 -6.88582
-7.06191 -7.06175
-7.15067 -7.1515
-7.07123 -7.07165
-7.11157 -7.11185
-7.25536 -7.25559
-7.0845 -7.0842
-6.9314 -6.93201
-7.25462 -7.25219
-7.05029 -7.05029
-7.31902 -7.31924
-6.9803 -6.98103
-7.07887 -7.07891
-7.28305 -7.28339
-7.33981 -7.33996
-7.02017 -7.02117
-6.97912 -6.97714
-7.24811 -7.24943
-6.99761 -6.99686
-7.28765 -7.28813
-7.06213 -7.0619
-7.37135 -7.37187
-7.14258 -7.14314
-7.25832 -7.25825
-7.24965 -7.24928
-7.35532 -7.35566
-7.08442 -7.08526
-6.94549 -6.94897
-7.1451 -7.14576
-7.31504 -7.31461
-7.04812 -7.0493
-6.92513 -6.92394
-7.05205 -7.05272
-7.04001 -7.03996
-6.89972 -6.89422
-7.2226 -7.22523
-6.99483 -6.99523
-7.02322 -7.02117
-7.3031 -7.30321
-7.03232 -7.03077
-7.01734 -7.01777
-7.05921 -7.0601
-7.04797 -7.04903
-6.87416 -6.87477
-7.24218 -7.24303
-7.33463 -7.3348
-7.31617 -7.31483
-6.99262 -6.99129
-7.26018 -7.26037
-7.29911 -7.29926
-7.07698 -7.07721
-6.83117 -6.82661
-7.35534 -7.35578
-7.13284 -7.13282
-7.27348 -7.27243
-7.07789 -7.07679
-6.76695 -6.76711
-6.96706 -6.96573
-7.13548 -7.13587
-7.07366 -7.07247
-6.86696 -6.86616
-7.0177 -7.01704
-7.01158 -7.00842
-7.03688 -7.03632
-7.14761 -7.14827
-7.37795 -7.37865
-7.13014 -7.13097
-7.04039 -7.04213
-7.35687 -7.35737
-7.25262 -7.25273
-6.94262 -6.93971
-7.08449 -7.08518
-6.87268 -6.87254
-7.27998 -7.27965
-7.30386 -7.30488
-7.02188 -7.02005
-7.23889 -7.23904
-6.59222 -6.59035
-7.10049 -7.10089
-6.71204 -6.71291
-7.35327 -7.35359
-7.27354 -7.27402
-7.01744 -7.01541
-6.55212 -6.55345
-7.26692 -7.26826
-7.08324 -7.08372
-6.86398 -6.86375
-6.81791 -6.81658
-7.31385 -7.31411
-7.31319 -7.31376
-7.04444 -7.04586
-6.84848 -6.85007
-7.26131 -7.26047
-7.00544 -7.00998
-6.71637 -6.70909
-7.35839 -7.35884
-7.26918 -7.26941
-7.30381 -7.30456
-6.98262 -6.98519
-7.06909 -7.06976
-6.82146 -6.82599
-7.13908 -7.13958
-7.29686 -7.29526
-7.27388 -7.2724
-7.07443 -7.07372
-7.0941 -7.09331
-7.36664 -7.36697
-6.75449 -6.75585
-7.03355 -7.03319
-7.06601 -7.0671
-6.60548 -6.60555
-7.31961 -7.31945
-7.05257 -7.05193
-6.98468 -6.98617
-7.01352 -7.01245
-7.27249 -7.27256
-7.27046 -7.27007
-7.0528 -7.05469
-7.06285 -7.06346
-7.24966 -7.25123
-7.08025 -7.07864
-7.27961 -7.27973
-7.04611 -7.04748
-6.97837 -6.98208
-7.0634 -7.0634
-7.12774 -7.12804
-7.05066 -7.05239
-6.71384 -6.71534
-6.82404 -6.82021
-7.05816 -7.05714
-7.24673 -7.24692
-7.01936 -7.0161
-7.26332 -7.26475
-6.99129 -6.99093
-7.15749 -7.15819
-7.02821 -7.0288
-7.00866 -7.00797
-7.12808 -7.12865
-7.22708 -7.23011
-6.70713 -6.71123
-7.04091 -7.03901
-7.22827 -7.23011
-7.26996 -7.27097
-7.24622 -7.24727
-7.06023 -7.05975
-7.23103 -7.2291
-7.04777 -7.04891
-6.7451 -6.7428
-7.12408 -7.12463
-7.1126 -7.11313
-7.26354 -7.264
-7.03919 -7.03784
-7.24618 -7.24545
-6.99084 -6.99102
-7.27735 -7.27694
-7.05275 -7.05354
-7.26452 -7.2647
-7.07688 -7.07798
-6.78171 -6.77735
-7.04929 -7.04811
-7.26494 -7.26411
-7.03069 -7.02858
-7.03445 -7.03358
-7.06301 -7.0643
-7.00533 -7.00635
-7.06022 -7.05878
-7.15462 -7.1553
-6.56598 -6.56488
-7.03154 -7.02931
-6.81809 -6.81887
-6.9671 -6.96349
-7.37287 -7.37347
-7.00414 -7.0017
-6.83284 -6.83301
-7.05587 -7.0539
-7.26555 -7.26612
-7.01251 -7.01338
-7.01637 -7.01547
-7.01302 -7.01234
-7.03737 -7.03974
-7.00469 -7.00468
-7.03848 -7.03824
-7.14144 -7.14206
-6.73696 -6.73508
-7.26338 -7.26423
-7.07451 -7.07422
-7.04315 -7.04073
-7.37296 -7.37351
-6.94179 -6.94145
-7.2697 -7.26908
-6.97823 -6.97958
-7.04879 -7.04957
-6.77872 -6.78205
-6.69471 -6.69637
-7.05331 -7.05352
-7.12919 -7.12995
-7.02761 -7.02758
-6.81282 -6.81388
-7.10848 -7.10862
-6.83773 -6.83773
-7.25275 -7.2534
-6.7661 -6.76578
-6.86208 -6.86395
-6.84208 -6.84179
-7.25199 -7.25241
-7.13281 -7.13298
-7.02618 -7.02666
-7.2923 -7.29356
-7.28617 -7.28673
-7.32134 -7.32028
-7.34291 -7.34333
-7.22302 -7.22466
-7.0416 -7.04034
-7.1012 -7.10155
-7.32196 -7.32148
-7.06832 -7.06784
-7.00866 -7.0106
-6.76952 -6.7678
-6.82954 -6.83049
-7.24796 -7.24897
-6.6341 -6.63316
-6.69261 -6.69027
-6.97629 -6.97551
-7.02839 -7.02922
-7.3605 -7.36064
-7.06513 -7.06183
-7.06934 -7.07075
-6.80361 -6.80738
-7.25688 -7.25857
-7.0398 -7.04097
-6.75035 -6.75079
-7.27218 -7.27139
-7.07416 -7.07351
-7.06221 -7.05891
-7.3683 -7.36875
-7.05698 -7.0567
-7.37077 -7.37132
-7.22849 -7.2293
-6.92279 -6.92034
-7.04771 -7.04869
-7.04725 -7.04854
-7.06319 -7.06331
-7.24606 -7.24783
-7.24458 -7.24724
-7.01543 -7.01652
-7.26936 -7.26831
-7.29936 -7.30042
-7.26879 -7.26808
-7.10227 -7.10253
-7.00983 -7.00802
-6.811 -6.80443
-7.05578 -7.05662
-7.22012 -7.22388
-6.93328 -6.93347
-7.08012 -7.08061
-7.2287 -7.22988
-6.65514 -6.65374
-6.79307 -6.78974
-7.03338 -7.03112
-6.95202 -6.95244
-6.74181 -6.73633
-7.04132 -7.04427
-7.0418 -7.04251
-6.80794 -6.81222
-7.10544 -7.10536
-7.28461 -7.28392
-7.02105 -7.02006
-7.23586 -7.23892
-7.21535 -7.21622
-7.34977 -7.35016
-7.25824 -7.25984
-7.34893 -7.34928
-7.32147 -7.32173
-7.14769 -7.1485
-7.37795 -7.37865
-7.33087 -7.33116
-7.11307 -7.11336
-7.03911 -7.03935
-7.2391 -7.24176
-7.07121 -7.0715
-6.93083 -6.92997
-6.76976 -6.77028
-7.03831 -7.0393
-7.13548 -7.13609
-7.28342 -7.28265
-7.28069 -7.28088
-7.06194 -7.06214
-7.05552 -7.05477
-7.27968 -7.27857
-7.28641 -7.287
-7.05323 -7.052
-7.02495 -7.02445
-7.24682 -7.24733
-6.61201 -6.61104
-7.28408 -7.2836
-6.906 -6.90148
-7.14351 -7.14416
-7.2678 -7.26756
-7.15055 -7.1514
-7.13584 -7.13624
-7.14461 -7.14515
-6.78263 -6.7841
-7.04189 -7.0423
-7.25283 -7.25317
-6.96153 -6.96125
-7.13023 -7.13076
-7.27194 -7.27263
-7.02059 -7.0212
-7.09191 -7.0918
-6.87614 -6.87599
-7.05487 -7.05539
-6.77593 -6.77515
-7.25776 -7.2592
-6.77851 -6.77924
-7.08559 -7.08611
-7.02 -7.02027
-7.2248 -7.22803
-7.04652 -7.04466
-7.23531 -7.23736
-7.29416 -7.29349
-7.02855 -7.0296
-6.99736 -6.99747
-7.29339 -7.29365
-7.05117 -7.05169
-7.05664 -7.05462
-6.85678 -6.85734
-7.03401 -7.03333
-6.99972 -7.00155
-6.95117 -6.95216
-7.31799 -7.31853
-7.31072 -7.31146
-6.83741 -6.83537
-7.1406 -7.14121
-7.00466 -7.00387
-7.25723 -7.25814
-7.28352 -7.28307
-6.99528 -6.9949
-6.98807 -6.98691
-7.06766 -7.067
-6.88241 -6.87946
-7.3775 -7.37819
-7.01253 -7.01378
-7.04322 -7.0416
-7.02919 -7.03231
-6.85926 -6.85789
-7.02399 -7.02386
-7.14897 -7.14979
-7.03785 -7.0397
-7.26574 -7.26592
-6.73974 -6.7385
-6.76927 -6.76704
-7.04787 -7.04963
-7.04176 -7.04093
-7.04306 -7.04295
-7.03968 -7.04035
-6.85261 -6.85238
-7.02224 -7.02247
-7.27299 -7.27155
-7.07962 -7.08028
-7.21012 -7.21336
-7.21188 -7.21176
-7.02547 -7.02244
-7.0417 -7.04291
-7.28788 -7.28742
-7.29 -7.29021
-7.04765 -7.04426
-7.08377 -7.08477
-7.24716 -7.24877
-6.93019 -6.92837
-7.03932 -7.0381
-7.32904 -7.33015
-6.93877 -6.93828
-7.23634 -7.23624
-6.85536 -6.85578
-7.2702 -7.27093
-6.87116 -6.86732
-7.25228 -7.25173
-7.28134 -7.28147
-7.33196 -7.33275
-7.03596 -7.03459
-6.74483 -6.74423
-6.73439 -6.73074
-7.27605 -7.27588
-7.01982 -7.01735
-7.0344 -7.03321
-7.27803 -7.2777
-7.26155 -7.26278
-7.28193 -7.28083
-7.02188 -7.02301
-7.09359 -7.09443
-6.99343 -6.99449
-7.02707 -7.02493
-7.29639 -7.29623
-7.23775 -7.23986
-7.0364 -7.03785
-6.6445 -6.64061
-6.70876 -6.70796
-7.25007 -7.25058
-7.2564 -7.25591
-7.25549 -7.25546
-6.80789 -6.8064
-6.6536 -6.65485
-7.05247 -7.05383
-6.9187 -6.91618
-7.02767 -7.02499
-6.85315 -6.85227
-7.23175 -7.23439
-7.28221 -7.28196
-7.01679 -7.02031
-6.85303 -6.85354
-6.62233 -6.62358
-6.91309 -6.91357
-7.27096 -7.27077
-7.13947 -7.14012
-7.05412 -7.05665
-7.2809 -7.28079
-7.27306 -7.2739
-7.23125 -7.23302
-7.2719 -7.27203
-7.01067 -7.0105
-7.27331 -7.2742
-6.94404 -6.94261
-7.35837 -7.3587
-6.91315 -6.91127
-7.09615 -7.0963
-7.04304 -7.0437
-7.26902 -7.26815
-6.71352 -6.71333
-7.11506 -7.11563
-7.22115 -7.22173
-7.27291 -7.27448
-6.93984 -6.93923
-7.01579 -7.0165
-7.05 -7.04973
-7.09753 -7.09845
-7.00345 -7.00283
-7.2518 -7.2539
-6.82349 -6.82306
-7.03659 -7.03978
-7.02418 -7.02351
-7.22144 -7.22245
-7.21672 -7.22014
-6.26847 -6.27053
-7.25172 -7.25181
-7.05234 -7.0528
-7.29818 -7.29901
-7.10407 -7.10382
-7.03902 -7.04043
-6.72034 -6.71807
-7.0487 -7.04801
-7.12196 -7.12275
-7.05506 -7.05576
-6.87951 -6.87458
-7.06477 -7.06576
-7.21794 -7.21797
-7.04422 -7.04464
-7.03251 -7.0325
-7.1368 -7.1373
-7.21275 -7.21366
-7.0718 -7.07076
-7.24804 -7.2496
-7.2928 -7.2925
-7.02102 -7.02186
-7.07301 -7.07336
-6.73111 -6.73067
-7.03564 -7.0363
-7.24324 -7.24161
-7.33782 -7.33811
-7.06335 -7.06363
-7.03265 -7.03197
-7.01753 -7.0186
-7.02472 -7.02388
-7.07644 -7.07688
-7.01229 -7.01407
-7.09172 -7.0914
-7.02418 -7.02491
-7.0139 -7.0118
-6.94061 -6.94206
-6.78161 -6.78441
-7.0693 -7.06966
-7.30942 -7.30955
-7.25145 -7.24957
-6.98717 -6.98895
-7.28453 -7.28357
-7.29066 -7.29113
-6.86309 -6.86552
-7.24384 -7.24532
-6.68371 -6.68323
-7.37373 -7.37438
-7.25881 -7.25842
-6.99367 -6.99367
-7.32238 -7.32197
-7.06579 -7.06618
-7.02841 -7.02945
-7.13873 -7.13938
-6.76751 -6.76451
-7.3558 -7.35605
-7.05784 -7.05774
-7.06165 -7.06073
-7.02903 -7.02754
-7.09923 -7.10011
-7.03959 -7.04073
-7.23507 -7.23481
-7.03611 -7.03852
-7.23075 -7.2298
-7.07897 -7.07851
-7.08662 -7.08534
-6.91309 -6.90982
-7.10291 -7.10289
-7.36631 -7.36659
-7.13233 -7.13305
-6.87949 -6.87993
-6.99926 -6.9998
-7.28101 -7.2816
-7.02408 -7.02646
-7.29189 -7.29096
-7.03872 -7.03804
-6.74633 -6.74455
-7.28198 -7.27998
-7.26031 -7.26012
-7.03831 -7.0393
-6.85813 -6.85539
-7.02582 -7.02417
-6.78041 -6.77881
-7.35441 -7.35474
-7.29218 -7.29197
-7.13741 -7.13789
-7.36031 -7.36085
-6.90552 -6.90233
-6.61499 -6.61216
-7.12349 -7.12384
-7.2103 -7.21121
-6.99036 -6.99216
-7.36816 -7.36876
-7.2124 -7.21332
-7.0634 -7.0634
-7.02764 -7.02806
-7.2713 -7.27146
-7.36987 -7.37038
-7.03935 -7.04079
-7.24305 -7.24388
-6.91853 -6.91743
-7.06122 -7.06152
-6.87465 -6.87604
-7.03897 -7.04005
-7.06191 -7.06175
-7.1393 -7.13981
-7.27579 -7.27466
-7.01087 -7.01319
-6.84531 -6.84317
-7.0987 -7.09933
-6.89057 -6.88882
-6.74848 -6.74724
-6.95979 -6.95932
-7.35362 -7.35385
-7.26187 -7.26288
-7.01577 -7.01927
-7.06109 -7.06321
-7.02881 -7.03149
-6.86016 -6.86162
-7.30566 -7.30493
-6.96969 -6.96663
-7.30568 -7.30656
-7.27057 -7.27145
-7.24383 -7.24292
-7.29208 -7.29258
-6.58273 -6.58137
-7.02918 -7.02707
-7.31042 -7.31106
-7.37505 -7.37573
-7.24005 -7.23921
-7.3574 -7.35796
-7.2147 -7.21713
-6.72889 -6.72562
-6.70981 -6.7071
-7.11687 -7.11719
-7.34107 -7.34128
-7.07977 -7.07972
-7.15085 -7.15147
-7.31766 -7.31819
-6.79278 -6.7923
-7.02271 -7.02199
-7.14716 -7.1479
-7.1119 -7.11213
-7.22786 -7.22688
-7.2659 -7.26762
-6.8458 -6.84643
-7.26134 -7.26274
-7.06088 -7.06044
-7.26618 -7.26708
-7.10038 -7.10045
-6.96198 -6.96308
-7.15366 -7.15438
-7.23259 -7.23535
-7.08599 -7.0862
-7.25188 -7.25178
-6.9314 -6.92875
-7.06383 -7.06357
-7.15282 -7.15352
-7.07284 -7.07323
-6.85186 -6.84861
-7.04439 -7.04397
-7.22512 -7.22663
-7.25218 -7.25177
-7.22772 -7.23017
-7.0448 -7.0444
-7.10625 -7.10614
-7.32758 -7.3285
-7.10161 -7.10132
-7.00758 -7.00836
-6.87263 -6.87153
-7.27099 -7.27005
-6.98129 -6.98148
-6.7664 -6.76641
-7.24108 -7.24258
-7.06165 -7.06073
-7.04953 -7.05118
-6.9734 -6.97215
-7.03823 -7.03684
-7.10065 -7.10073
-7.12132 -7.12173
-6.69659 -6.69168
-7.1295 -7.12993
-6.95921 -6.95778
-7.23916 -7.24011
-7.01601 -7.01664
-6.70861 -6.70829
-7.11394 -7.11431
-6.98533 -6.98516
-7.33447 -7.33485
-7.26381 -7.26311
-7.26872 -7.26684
-6.91346 -6.90994
-6.9503 -6.95018
-7.35844 -7.35856
-7.22674 -7.23061
-7.29511 -7.2954
-6.81832 -6.82109
-6.76874 -6.76848
-7.23337 -7.23414
-6.9746 -6.97454
-6.99883 -6.99969
-7.28386 -7.28399
-7.28398 -7.2844
-7.25697 -7.25694
-7.35814 -7.35868
-6.80749 -6.80423
-6.7731 -6.7747
-7.14343 -7.14391
-7.02671 -7.02946
-7.26923 -7.26958
-7.30944 -7.31003
-7.02304 -7.02351
-6.94483 -6.94223
-7.26918 -7.27
-7.30277 -7.3027
-7.25357 -7.25338
-7.08694 -7.08614
-7.36539 -7.3656
-7.03745 -7.03684
-6.86155 -6.85891
-7.01146 -7.00941
-6.95809 -6.95605
-7.06318 -7.06375
-6.80491 -6.80113
-7.02127 -7.02192
-7.11682 -7.1173
-6.80553 -6.80399
-7.25931 -7.25884
-6.9954 -6.99772
-7.31486 -7.31426
-6.75108 -6.7507
-7.26777 -7.26949
-7.27832 -7.27896
-7.03247 -7.0327
-7.20657 -7.20763
-6.85722 -6.85343
-7.00837 -7.00592
-7.06479 -7.06394
-7.27077 -7.26938
-7.00735 -7.00662
-7.06492 -7.06525
-7.21787 -7.21747
-7.28125 -7.28059
-7.03608 -7.03878
-6.84678 -6.84717
-7.04008 -7.03944
-7.01102 -7.01261
-7.07962 -7.08092
-7.23498 -7.23677
-7.22392 -7.22195
-7.15709 -7.1578
-6.90586 -6.90399
-6.68094 -6.68466
-7.2784 -7.27933
-7.01868 -7.01774
-6.94527 -6.94312
-6.80336 -6.80058
-7.21478 -7.21852
-7.14469 -7.14526
-7.25498 -7.25534
-6.52141 -6.52126
-7.23519 -7.23572
-6.96127 -6.95883
-7.34338 -7.34299
