-7.22277 -7.22173
-7.11185 -7.11239
-7.01978 -7.01977
-7.07725 -7.07737
-7.04316 -7.0437
-6.76883 -6.77028
-7.02371 -7.02269
-6.75187 -6.74952
-7.31485 -7.31485
-7.32234 -7.32234
-6.82985 -6.82996
-7.22828 -7.2293
-7.06208 -7.06316
-7.31815 -7.31819
-6.87489 -6.87532
-6.82277 -6.82599
-7.14322 -7.14314
-7.06096 -7.06152
-7.30417 -7.30456
-7.04885 -7.04589
-6.96136 -6.95768
-6.80538 -6.81222
-7.00413 -7.00465
-6.98741 -6.98691
-7.10594 -7.10536
-7.27937 -7.27904
-7.104 -7.10391
-7.23156 -7.23189
-7.26303 -7.26139
-6.79919 -6.79902
-7.3586 -7.35856
-7.00039 -7.00215
-7.20937 -7.21264
-7.24808 -7.24897
-6.72168 -6.71807
-6.88341 -6.88582
-6.76887 -6.77181
-6.99318 -6.99367
-7.01402 -7.01432
-6.7183 -6.7215
-6.85234 -6.85578
-7.02309 -7.02172
-7.01293 -7.01164
-7.01396 -7.01679
-7.03179 -7.03031
-6.98091 -6.98117
-7.04711 -7.0477
-7.05693 -7.05591
-7.24315 -7.2444
-7.02338 -7.025
-6.92186 -6.92288
-7.22584 -7.22488
-7.31153 -7.3111
-7.02755 -7.02743
-7.27163 -7.27203
-7.04278 -7.04242
-6.96367 -6.95968
-7.02596 -7.02536
-6.87203 -6.87155
-7.2615 -7.26259
-7.08 -7.08028
-6.77545 -6.76907
-6.58282 -6.58137
-7.3408 -7.34095
-7.03805 -7.04073
-7.07233 -7.0691
-7.34557 -7.34583
-7.25208 -7.25145
-6.94501 -6.94789
-6.95523 -6.95617
-7.04869 -7.04811
-7.27165 -7.27114
-6.94192 -6.94145
-7.08598 -7.08492
-6.97536 -6.97037
-7.02567 -7.02606
-7.07952 -7.07972
-7.06688 -7.06618
-7.04465 -7.0472
-7.23815 -7.23982
-7.25092 -7.25068
-7.14483 -7.14481
-7.0373 -7.03632
-7.04501 -7.04407
-7.23649 -7.2359
-7.36071 -7.36087
-6.79191 -6.78974
-7.29206 -7.29258
-7.28806 -7.28926
-7.27643 -7.27544
-7.06272 -7.06175
-6.97988 -6.97923
-7.05609 -7.05351
-7.04184 -7.04291
-7.20424 -7.20601
-7.09468 -7.09396
-7.02841 -7.02835
-6.99602 -6.99772
-7.04476 -7.04586
-7.0746 -7.07507
-7.30591 -7.30609
-7.27117 -7.27077
-7.02462 -7.02248
-7.24901 -7.24687
-6.8057 -6.80678
-6.7657 -6.76578
-7.25377 -7.2534
-7.10263 -7.10253
-6.77277 -6.77346
-7.07037 -7.07181
-7.31888 -7.31924
-6.91018 -6.91161
-6.58459 -6.58468
-7.15438 -7.15438
-7.21439 -7.21359
-7.21392 -7.21513
-7.03737 -7.03679
-7.08611 -7.08611
-6.67388 -6.67076
-7.02584 -7.02351
-6.98847 -6.98895
-7.03316 -7.03158
-7.00478 -7.0017
-6.51914 -6.5202
-7.02613 -7.02417
-7.30921 -7.31003
-7.08677 -7.08614
-7.07184 -7.07135
-7.02244 -7.02363
-7.23995 -7.23921
-7.27577 -7.27502
-7.02031 -7.02214
-7.23694 -7.23729
-7.10881 -7.10862
-6.74615 -6.74455
-6.70276 -6.70141
-6.83254 -6.83179
-7.14838 -7.14837
-7.0036 -7.00216
-7.01402 -7.01462
-7.03548 -7.03537
-7.1551 -7.15507
-7.20882 -7.20982
-7.02729 -7.02758
-7.08921 -7.08926
-6.99275 -6.99314
-7.25097 -7.25161
-7.23671 -7.23683
-6.83766 -6.83703
-7.10128 -7.10155
-6.95085 -6.95216
-7.24928 -7.24943
-7.04545 -7.04375
-7.06429 -7.06277
-7.10665 -7.10617
-6.6608 -6.65719
-7.2544 -7.25219
-7.34723 -7.34738
-7.32012 -7.31981
-6.84921 -6.84717
-7.36055 -7.36085
-6.64174 -6.64061
-7.01489 -7.01652
-6.93188 -6.9295
-7.05321 -7.05357
-7.03957 -7.04043
-6.98206 -6.98102
-7.10921 -7.10888
-7.04091 -7.04209
-7.02944 -7.02965
-7.0868 -7.08724
-6.85428 -6.85558
-7.04041 -7.04073
-6.98209 -6.98617
-7.03974 -7.04043
-7.26382 -7.26378
-7.14788 -7.1479
-7.25181 -7.2503
-7.06382 -7.06266
-7.05006 -7.05003
-7.36363 -7.36366
-7.22211 -7.22461
-6.75082 -6.74909
-7.25858 -7.25842
-6.72173 -6.72481
-6.75762 -6.75601
-7.31816 -7.31782
-7.28474 -7.28357
-7.06812 -7.069
-7.25245 -7.2539
-6.8297 -6.82614
-6.99333 -6.99375
-7.02469 -7.02444
-7.04175 -7.0423
-6.99859 -6.99868
-6.91108 -6.91083
-6.98525 -6.98607
-7.02346 -7.02361
-7.04374 -7.043
-7.35383 -7.35385
-7.01253 -7.013
-7.26348 -7.26376
-7.09298 -7.09305
-6.79084 -6.78909
-7.00274 -7.00283
-6.57177 -6.5673
-7.03504 -7.03651
-7.34665 -7.34641
-7.20504 -7.20425
-7.25166 -7.25213
-7.05375 -7.05383
-7.03854 -7.0397
-7.23083 -7.2291
-7.33523 -7.3357
-6.87352 -6.87477
-7.11828 -7.1179
-7.06923 -7.06813
-7.24766 -7.24688
-7.0169 -7.01777
-7.27504 -7.27418
-6.90052 -6.89754
-7.04677 -7.04848
-7.08319 -7.08354
-7.02265 -7.02199
-6.88507 -6.88227
-7.24629 -7.24626
-7.15565 -7.15561
-7.19529 -7.20031
-6.81741 -6.82109
-7.28073 -7.28079
-7.03919 -7.04097
-7.03731 -7.03681
-6.7026 -6.70454
-7.26335 -7.26256
-7.02827 -7.0296
-7.1392 -7.13911
-7.37781 -7.37819
-7.07767 -7.0774
-7.09988 -7.09973
-7.28546 -7.28703
-7.25228 -7.25104
-7.04223 -7.04198
-7.00832 -7.00577
-7.02122 -7.01735
-7.07262 -7.07252
-7.32037 -7.32073
-7.20963 -7.20815
-6.74455 -6.74351
-7.03365 -7.03178
-6.69769 -6.69839
-7.36761 -7.36796
-7.10947 -7.10905
-7.27408 -7.27453
-7.0223 -7.02179
-7.21079 -7.21205
-7.27481 -7.27297
-7.03249 -7.03321
-7.04571 -7.04592
-7.25559 -7.25459
-7.35752 -7.35767
-7.25522 -7.25708
-7.30448 -7.30433
-7.36841 -7.36876
-6.77562 -6.77713
-6.94797 -6.94865
-6.85463 -6.85573
-7.08674 -7.08534
-7.02009 -7.02006
-7.23473 -7.23481
-7.03478 -7.035
-7.04313 -7.04404
-7.06565 -7.06403
-7.27424 -7.27413
-7.24446 -7.24383
-7.24427 -7.24549
-6.97061 -6.96959
-7.06043 -7.06039
-7.31307 -7.31282
-7.26998 -7.26951
-7.0221 -7.02247
-7.283 -7.28265
-7.01352 -7.01245
-7.23443 -7.23628
-7.32123 -7.32173
-6.71619 -6.7175
-7.26544 -7.26579
-7.19396 -7.19882
-7.14834 -7.14827
-6.72791 -6.72488
-7.31823 -7.31853
-7.02566 -7.02513
-7.34998 -7.35016
-7.25933 -7.25984
-7.27157 -7.2707
-6.72996 -6.72767
-7.19639 -7.19666
-7.05044 -7.05239
-7.10743 -7.10735
-7.03057 -7.03231
-7.07086 -7.06978
-7.00622 -7.00491
-7.06312 -7.0634
-6.9946 -6.99523
-7.30381 -7.30432
-6.60155 -6.60465
-7.02198 -7.02146
-7.27797 -7.27733
-7.02417 -7.02523
-7.35838 -7.35855
-7.03408 -7.03358
-7.04358 -7.0448
-7.26742 -7.26809
-7.0866 -7.08637
-7.23245 -7.23031
-6.33805 -6.33936
-7.00609 -7.00998
-7.06272 -7.06175
-7.02635 -7.02787
-7.31165 -7.31191
-7.0324 -7.03197
-7.03166 -7.03042
-7.05652 -7.05544
-7.22902 -7.22958
-6.7024 -6.70366
-6.79586 -6.79435
-6.96974 -6.96837
-7.35876 -7.35866
-7.37547 -7.37583
-7.29815 -7.29741
-7.31877 -7.31934
-7.24763 -7.24692
-6.99677 -6.99847
-7.07783 -7.07679
-7.0401 -7.04047
-6.83095 -6.83166
-7.274 -7.2738
-7.3469 -7.34707
-6.61135 -6.61104
-7.10007 -7.09954
-7.06846 -7.06852
-6.76044 -6.75954
-7.03907 -7.03823
-7.22323 -7.22266
-7.22527 -7.22659
-7.0396 -7.0397
-6.94264 -6.94261
-7.13839 -7.13823
-7.10177 -7.10122
-6.73936 -6.73925
-7.07794 -7.07818
-6.87053 -6.86732
-7.0273 -7.02806
-6.89954 -6.89971
-6.77007 -6.76936
-6.86587 -6.86509
-7.18599 -7.19011
-6.99934 -6.9998
-7.21536 -7.21987
-7.25602 -7.25448
-6.96227 -6.96142
-7.04714 -7.04891
-7.00568 -7.00482
-7.26342 -7.26385
-7.13645 -7.13624
-7.21685 -7.21842
-7.0306 -7.03045
-6.70095 -6.70265
-7.07694 -7.07688
-7.05232 -7.05395
-7.3062 -7.30645
-7.03105 -7.03206
-7.0731 -7.07324
-6.99079 -6.9902
-7.29386 -7.29365
-7.08433 -7.084
-7.0099 -7.00698
-7.26613 -7.26602
-7.22344 -7.22338
-7.24892 -7.24836
-7.25796 -7.25591
-7.00371 -7.00425
-6.82246 -6.82261
-7.01836 -7.01803
-7.34934 -7.34928
-7.06051 -7.06058
-7.36021 -7.36027
-7.34569 -7.34559
-7.03368 -7.03375
-7.10911 -7.10928
-7.14851 -7.1485
-7.02885 -7.03149
-6.81736 -6.81835
-7.34094 -7.34086
-6.92489 -6.92464
-7.2729 -7.2724
-7.35784 -7.35796
-7.37805 -7.37844
-7.00774 -7.00821
-7.08115 -7.08072
-6.7382 -6.73508
-6.78741 -6.79157
-7.04571 -7.04592
-6.99083 -6.99087
-7.02707 -7.02499
-7.22802 -7.23112
-7.14115 -7.14121
-7.07159 -7.0715
-7.04612 -7.04854
-7.27213 -7.2742
-7.01152 -7.01104
-7.06882 -7.06849
-7.03875 -7.03944
-7.37169 -7.372
-7.25831 -7.25814
-7.05648 -7.05662
-7.22862 -7.23011
-7.00729 -7.00827
-7.06829 -7.06755
-7.22884 -7.23011
-7.03341 -7.03336
-7.25118 -7.25234
-7.02983 -7.03126
-7.00506 -7.00464
-7.06362 -7.0643
-7.06399 -7.06441
-7.22842 -7.22786
-7.0369 -7.03655
-6.8255 -6.82418
-7.23262 -7.23535
-7.26842 -7.26835
-7.33833 -7.3382
-7.23619 -7.23519
-6.80612 -6.80399
-7.03591 -7.0363
-7.02964 -7.02885
-7.01499 -7.01569
-7.06153 -7.06114
-7.2735 -7.27402
-7.02883 -7.02945
-7.27178 -7.27146
-7.27492 -7.27306
-7.06527 -7.06464
-7.30201 -7.3019
-6.98492 -6.98521
-7.07047 -7.07143
-7.02027 -7.02117
-6.85358 -6.85227
-7.06978 -7.07075
-7.24473 -7.24405
-7.06184 -7.06073
-6.75284 -6.75032
-7.34667 -7.34702
-7.13968 -7.13958
-7.24327 -7.24392
-7.20838 -7.2082
-7.36656 -7.36659
-7.07382 -7.07336
-7.03195 -7.03077
-7.15681 -7.15675
-6.85026 -6.84861
-7.27036 -7.2708
-7.13251 -7.13255
-6.86629 -6.85991
-6.74524 -6.74685
-7.25528 -7.25534
-7.04849 -7.05092
-7.24811 -7.24769
-6.84944 -6.8445
-7.37495 -7.37532
-6.77097 -6.76729
-6.98482 -6.9871
-6.96037 -6.95681
-7.09948 -7.09865
-6.96065 -6.96179
-6.76126 -6.76059
-7.28237 -7.28196
-7.31156 -7.31075
-7.25867 -7.25831
-7.33922 -7.33961
-7.24853 -7.24545
-7.00889 -7.00834
-7.06055 -7.05878
-7.06051 -7.06058
-7.02845 -7.02633
-6.75607 -6.75554
-6.97474 -6.9745
-7.30525 -7.30515
-7.01447 -7.0157
-6.64441 -6.64017
-7.28134 -7.27998
-6.6511 -6.64897
-7.23663 -7.23743
-7.2694 -7.26888
-6.52148 -6.52126
-6.88263 -6.87858
-7.25677 -7.25604
-7.04085 -7.04213
-7.26312 -7.26396
-7.12974 -7.12983
-6.7361 -6.73381
-7.11259 -7.11213
-7.02371 -7.02269
-7.05264 -7.05272
-7.05852 -7.05714
-7.35706 -7.35737
-7.09232 -7.09163
-6.87674 -6.87724
-7.08465 -7.08518
-6.80621 -6.8027
-6.97869 -6.98049
-7.27103 -7.27213
-6.95784 -6.95689
-7.24133 -7.24096
-7.00071 -6.99979
-6.84125 -6.83896
-7.30669 -7.30602
-7.03693 -7.03974
-7.13945 -7.1393
-6.3892 -6.38366
-6.93123 -6.92875
-6.99966 -7.00046
-6.81609 -6.81658
-7.10134 -7.10145
-6.86905 -6.87072
-7.09673 -7.09598
-6.94875 -6.94669
-7.0072 -7.00592
-7.0166 -7.01697
-7.04077 -7.04113
-6.70665 -6.70299
-7.07903 -7.07891
-7.28198 -7.28201
-6.98399 -6.98454
-7.13095 -7.13071
-6.77653 -6.7747
-6.95613 -6.95449
-7.09667 -7.09614
-7.15825 -7.15819
-7.0103 -7.01138
-7.27183 -7.27066
-7.09652 -7.09642
-6.82289 -6.82433
-7.06482 -7.06714
-7.37825 -7.37865
-7.04121 -7.04375
-7.05518 -7.05665
-7.28801 -7.28742
-7.04292 -7.04251
-7.26214 -7.26349
-7.26413 -7.26305
-7.19535 -7.19308
-7.06837 -7.06885
-7.21763 -7.21747
-7.03859 -7.03853
-7.00662 -7.00797
-7.03895 -7.03935
-7.35194 -7.35205
-7.23658 -7.23668
-7.08405 -7.08327
-6.96561 -6.96739
-6.90945 -6.90871
-7.03767 -7.04035
-7.07991 -7.08092
-7.14431 -7.14447
-6.73252 -6.72845
-7.05847 -7.06054
-7.29773 -7.29754
-7.26728 -7.26809
-7.24324 -7.24233
-7.23385 -7.23427
-7.34911 -7.34916
-7.22663 -7.23061
-7.03649 -7.03643
-7.03481 -7.03875
-7.25862 -7.25825
-7.32405 -7.32384
-7.12244 -7.12275
-7.00711 -7.005
-7.24606 -7.24683
-6.93817 -6.93521
-7.274 -7.27615
-7.05518 -7.05665
-6.99466 -6.99449
-6.996 -6.99873
-6.59811 -6.59864
-7.11445 -7.11431
-7.04278 -7.04242
-7.15724 -7.15719
-7.22474 -7.22803
-6.74057 -6.73633
-6.70705 -6.7071
-7.04363 -7.04389
-7.01715 -7.01809
-7.02348 -7.02388
-7.02317 -7.0218
-7.33433 -7.33485
-7.06887 -7.06834
-6.9135 -6.91089
-7.12197 -7.12182
-6.80763 -6.8071
-7.28552 -7.28521
-7.13989 -7.13981
-7.27128 -7.26908
-7.003 -7.00421
-6.83019 -6.82661
-7.02619 -7.02763
-7.04365 -7.04361
-7.06231 -7.05998
-7.27603 -7.27498
-6.75459 -6.75364
-6.55049 -6.55345
-7.07012 -7.06985
-6.86563 -6.86154
-7.24546 -7.24678
-6.5909 -6.59165
-7.00009 -6.99819
-7.03127 -7.03276
-7.23219 -7.23386
-7.02959 -7.02901
-7.20149 -7.20155
-6.7698 -6.7678
-7.24719 -7.24861
-7.02979 -7.03064
-6.71631 -6.71333
-7.01883 -7.01962
-7.04381 -7.04397
-7.03326 -7.03335
-7.2706 -7.27058
-6.7085 -6.70783
-6.97576 -6.97491
-7.02413 -7.02626
-7.27993 -7.27907
-7.2778 -7.277
-6.61547 -6.61471
-7.32313 -7.32379
-7.05512 -7.056
-6.80897 -6.80525
-7.02793 -7.02809
-7.04328 -7.04342
-7.03733 -7.03809
-7.2638 -7.26405
-6.59953 -6.5978
-6.97916 -6.97668
-7.01828 -7.02007
-7.11563 -7.11563
-7.00927 -7.00802
-6.97486 -6.97539
-7.06513 -7.06724
-6.69715 -6.69168
-7.01396 -7.01679
-7.23031 -7.23006
-6.8344 -6.83564
-6.75402 -6.7534
-6.95157 -6.95244
-7.15646 -7.15639
-6.72779 -6.73061
-7.1536 -7.15352
-7.04558 -7.0472
-7.25022 -7.25076
-7.04285 -7.04497
-6.78212 -6.77912
-7.03377 -7.03392
-7.03454 -7.03459
-7.00393 -7.00451
-6.69192 -6.68794
-7.23061 -7.22784
-7.27091 -7.27142
-7.32107 -7.32126
-7.06944 -7.06976
-7.23107 -7.22975
-6.98796 -6.98801
-7.05772 -7.05626
-6.96708 -6.96349
-7.24537 -7.24631
-7.01097 -7.01261
-6.67036 -6.66746
-7.14026 -7.14012
-6.56001 -6.5568
-6.7279 -6.73098
-7.12164 -7.12212
-6.52041 -6.51802
-7.34535 -7.34555
-7.25722 -7.25709
-7.33103 -7.33116
-7.27324 -7.27342
-6.97445 -6.97454
-7.22888 -7.23079
-7.0211 -7.02275
-6.8411 -6.84163
-7.12293 -7.12285
-7.1959 -7.19872
-7.08218 -7.08227
-7.02895 -7.0272
-7.03705 -7.03693
-6.89761 -6.89947
-7.00657 -7.00635
-7.14406 -7.14391
-7.06587 -7.06576
-7.05925 -7.05813
-7.27921 -7.27838
-7.08611 -7.08611
-6.94569 -6.94223
-7.13348 -7.13298
-7.20938 -7.2144
-6.83189 -6.83098
-6.57305 -6.57061
-7.056 -7.05644
-7.06659 -7.06737
-7.27158 -7.27205
-7.06658 -7.06805
-7.35845 -7.35869
-7.3011 -7.30063
-7.04734 -7.04426
-7.27998 -7.27919
-7.30061 -7.30067
-7.0278 -7.02922
-7.23639 -7.23696
-7.01742 -7.01688
-7.19723 -7.19663
-7.09404 -7.09331
-7.33173 -7.33255
-6.86547 -6.86145
-7.22984 -7.23215
-7.02313 -7.02248
-7.08031 -7.07905
-6.83264 -6.83216
-6.82972 -6.82861
-6.92117 -6.92215
-7.08042 -7.07999
-6.9865 -6.98516
-7.02537 -7.02628
-7.29707 -7.29526
-7.25457 -7.25476
-7.12867 -7.12842
-6.71088 -6.71123
-7.11357 -7.11308
-7.32872 -7.32849
-7.13604 -7.13587
-7.01158 -7.01142
-6.87762 -6.88081
-6.99042 -6.99216
-7.02525 -7.02615
-7.02899 -7.03027
-7.04246 -7.04256
-6.8832 -6.88289
-6.74495 -6.7428
-7.04253 -7.04217
-7.07273 -7.07272
-7.2571 -7.25814
-6.95692 -6.95778
-7.34138 -7.34153
-7.22506 -7.22667
-7.01374 -7.01191
-7.01701 -7.0186
-7.08034 -7.08046
-7.0282 -7.02788
-6.71413 -6.71291
-7.07429 -7.07422
-6.77333 -6.77515
-6.73333 -6.73067
-6.68337 -6.68466
-6.98024 -6.98168
-7.33471 -7.3348
-7.10698 -7.10664
-7.34758 -7.34775
-6.88724 -6.88682
-7.0299 -7.02858
-7.00809 -7.01057
-7.23684 -7.23787
-6.96273 -6.96158
-7.05412 -7.05576
-7.08326 -7.08347
-7.02128 -7.02101
-7.27121 -7.27214
-6.8326 -6.83032
-6.74632 -6.74784
-6.71442 -6.71414
-7.36063 -7.36064
-6.66705 -6.66045
-7.24952 -7.25058
-6.99391 -6.9934
-6.6883 -6.6815
-6.64448 -6.64437
-7.09393 -7.09323
-7.2689 -7.26714
-6.86916 -6.86616
-7.37574 -7.3761
-7.0964 -7.0963
-7.02187 -7.02438
-7.08946 -7.0902
-7.36776 -7.3681
-7.25426 -7.25409
-7.0395 -7.04023
-7.24458 -7.24521
-6.6994 -6.69851
-7.24313 -7.24161
-7.06414 -7.06375
-7.04213 -7.0416
-7.05872 -7.05878
-7.02745 -7.02591
-7.03677 -7.03785
-6.90196 -6.90157
-6.85321 -6.85354
-7.14756 -7.14753
-7.12531 -7.12506
-7.00683 -7.0083
-7.07081 -7.07184
-7.1095 -7.10913
-7.28404 -7.28636
-7.24134 -7.24158
-7.01941 -7.02253
-7.11136 -7.11097
-7.03102 -7.03186
-7.25666 -7.25582
-7.05877 -7.05774
-7.35524 -7.35528
-6.68831 -6.69039
-6.9033 -6.90148
-7.09725 -7.09709
-7.23424 -7.23414
-7.37825 -7.37865
-7.27044 -7.26891
-7.03404 -7.03421
-7.05794 -7.05666
-6.75778 -6.7567
-7.22145 -7.22245
-7.05 -7.05029
-7.0329 -7.0355
-6.80572 -6.80629
-7.06931 -7.06966
-7.05261 -7.05525
-7.26628 -7.26673
-7.25031 -7.25015
-7.36577 -7.36573
-7.31368 -7.31411
-7.21272 -7.21366
-7.2056 -7.20524
-7.06213 -7.05891
-6.78879 -6.78746
-6.83261 -6.83367
-7.10075 -7.10094
-7.22873 -7.23027
-6.98468 -6.9844
-7.12841 -7.12804
-6.7253 -6.72562
-7.07093 -7.07165
-7.26859 -7.26808
-7.06538 -7.06496
-6.83426 -6.83488
-7.26593 -7.26727
-7.25837 -7.25857
-6.91846 -6.91891
-7.25145 -7.25191
-7.3653 -7.36532
-7.28578 -7.28629
-7.03703 -7.03691
-6.6807 -6.68002
-6.59331 -6.59402
-7.27507 -7.27427
-7.07661 -7.07633
-7.23959 -7.23769
-7.08353 -7.08372
-6.96418 -6.96573
-7.11354 -7.11336
-7.25653 -7.25694
-7.04767 -7.04674
-6.69018 -6.69156
-7.02022 -7.01954
-7.2413 -7.23899
-7.13343 -7.13282
-6.80881 -6.80738
-7.26329 -7.2628
-7.06856 -7.06784
-7.04421 -7.0453
-6.99664 -6.99568
-7.01868 -7.0161
-7.31111 -7.31146
-7.24144 -7.24258
-7.13339 -7.13294
-6.99846 -6.99905
-7.0395 -7.04028
-6.84171 -6.84137
-6.92557 -6.92837
-7.33309 -7.33434
-7.03841 -7.0403
-7.37202 -7.37235
-7.23487 -7.23652
-7.25225 -7.25241
-7.01723 -7.0177
-7.27012 -7.2698
-7.03635 -7.03852
-7.05601 -7.0539
-7.27319 -7.27179
-7.07872 -7.07851
-6.86453 -6.86283
-6.93428 -6.93347
-7.05867 -7.06019
-7.07369 -7.07345
-7.01357 -7.01244
-6.71202 -6.71076
-7.04306 -7.04591
-7.26792 -7.26756
-7.0268 -7.02493
-6.95981 -6.95932
-7.23768 -7.23895
-6.81458 -6.8137
-7.37537 -7.37573
-7.01027 -7.00957
-7.05203 -7.05079
-7.25085 -7.25133
-6.94765 -6.94661
-7.05276 -7.05319
-7.23268 -7.23284
-7.11882 -7.11839
-7.00658 -7.00556
-7.0492 -7.0498
-7.25359 -7.25266
-7.03315 -7.03319
-7.04503 -7.04609
-6.88501 -6.88376
-7.12758 -7.12781
-7.01725 -7.01706
-7.28484 -7.2855
-7.01186 -7.01298
-7.14591 -7.14593
-7.13155 -7.13178
-7.07397 -7.07532
-7.04714 -7.04891
-7.01521 -7.01607
-7.05925 -7.05813
-7.00386 -7.00285
-6.93812 -6.93392
-7.24077 -7.24088
-7.24472 -7.24292
-7.31904 -7.31913
-6.97261 -6.97109
-6.99909 -7.00055
-7.11544 -7.11521
-7.10436 -7.10382
-6.742 -6.74119
-7.28641 -7.287
-6.89989 -6.90023
-7.01489 -7.0152
-7.02379 -7.02406
-7.05396 -7.05285
-7.28882 -7.28943
-6.69742 -6.69866
-7.23221 -7.23213
-7.28321 -7.2827
-7.34632 -7.34658
-7.01097 -7.01261
-7.08951 -7.08883
-6.90375 -6.90589
-7.21708 -7.21851
-7.37037 -7.37068
-7.01426 -7.01594
-7.30284 -7.30321
-7.24942 -7.24928
-7.07816 -7.07783
-7.06041 -7.05992
-7.2687 -7.26815
-6.83728 -6.83881
-6.74304 -6.74159
-7.03744 -7.03978
-6.92687 -6.92394
-7.14218 -7.14206
-7.03182 -7.03077
-7.06803 -7.067
-6.54276 -6.54076
-7.29205 -7.29185
-6.6237 -6.62358
-6.76582 -6.76464
-6.65436 -6.65487
-7.29618 -7.29623
-7.11697 -7.11719
-7.03278 -7.03286
-7.03055 -7.0315
-6.82794 -6.82967
-6.99912 -6.99969
-7.26926 -7.26949
-7.03004 -7.03088
-6.77232 -6.7711
-7.13194 -7.13196
-7.04486 -7.04485
-7.27805 -7.27933
-6.78827 -6.78903
-7.0617 -7.06214
-7.09885 -7.09786
-7.35869 -7.35884
-7.21653 -7.21665
-7.28417 -7.28392
-6.96071 -6.96303
-7.02961 -7.03016
-7.04903 -7.04955
-7.23125 -7.23302
-7.27815 -7.2777
-7.14363 -7.1434
-7.31695 -7.31707
-7.03819 -7.03784
-7.06885 -7.06846
-7.13056 -7.13097
-6.79849 -6.79715
-7.05496 -7.05553
-6.69344 -6.69027
-7.26356 -7.26493
-7.23978 -7.24011
-7.15723 -7.15716
-6.88992 -6.88754
-6.75203 -6.7527
-7.35687 -7.35663
-7.00981 -7.01062
-7.06538 -7.06496
-7.26007 -7.26231
-7.05264 -7.05469
-7.24475 -7.24471
-7.03166 -7.03042
-7.34958 -7.34979
-7.27142 -7.27032
-7.31573 -7.31483
-7.08643 -7.0862
-7.37403 -7.37438
-7.06978 -7.07075
-7.27348 -7.2739
-7.01782 -7.01704
-7.05587 -7.05521
-7.02234 -7.02301
-7.30314 -7.30266
-7.13108 -7.13131
-6.76971 -6.76704
-7.01032 -7.00941
-7.07524 -7.07456
-7.36875 -7.36907
-7.26431 -7.2647
-6.82671 -6.82771
-7.01274 -7.01324
-7.2783 -7.27896
-6.86394 -6.86375
-7.01979 -7.02192
-7.0358 -7.0345
-7.06975 -7.06902
-7.04652 -7.04567
-6.80366 -6.80113
-7.31966 -7.31962
-6.98704 -6.98683
-7.32392 -7.32389
-7.34131 -7.34095
-7.24468 -7.24619
-7.01586 -7.01927
-6.8287 -6.82816
-7.00187 -7.0033
-7.04967 -7.04978
-7.25439 -7.25636
-7.32808 -7.32789
-7.14688 -7.14681
-7.0165 -7.01794
-7.32514 -7.32529
-7.00651 -7.00473
-7.04671 -7.04679
-7.03643 -7.03698
-7.23539 -7.23572
-7.12405 -7.12384
-7.2731 -7.27351
-6.74014 -6.7385
-6.74098 -6.74182
-7.21882 -7.21905
-7.24781 -7.24783
-6.81299 -6.81274
-7.03153 -7.03272
-7.2391 -7.23986
-6.82358 -6.82021
-7.29187 -7.29112
-7.26952 -7.26831
-7.26923 -7.26906
-7.27104 -7.27212
-7.20639 -7.20763
-7.30246 -7.30122
-7.085 -7.08526
-7.26329 -7.26263
-6.78195 -6.78441
-7.2092 -7.21082
-7.24629 -7.24603
-6.34183 -6.34098
-7.02344 -7.02434
-7.06741 -7.06746
-7.02051 -7.02
-7.02935 -7.0283
-7.13738 -7.13753
-7.31942 -7.31942
-7.30241 -7.30236
-6.77834 -6.77735
-7.03068 -7.03162
-6.70375 -6.7022
-7.01739 -7.02031
-6.52636 -6.52368
-6.75379 -6.75585
-7.21452 -7.21764
-7.37007 -7.37038
-7.36835 -7.36868
-7.02114 -7.02186
-7.25862 -7.2592
-7.03502 -7.03539
-6.9273 -6.93119
-7.27756 -7.27754
-7.15048 -7.15054
-6.73588 -6.73278
-7.31956 -7.3195
-7.02702 -7.02703
-6.94656 -6.94373
-6.87736 -6.87599
-7.03216 -7.03183
-7.10074 -7.10089
-7.2706 -7.27145
-7.24428 -7.24388
-7.2478 -7.24783
-7.10076 -7.1
-6.68251 -6.68306
-7.07336 -7.07146
-6.85921 -6.85781
-7.0451 -7.04425
-7.37319 -7.37347
-7.09163 -7.09169
-7.31592 -7.31515
-7.28176 -7.28147
-7.35598 -7.35605
-7.07912 -7.07894
-7.07484 -7.07462
-6.84414 -6.84248
-7.00475 -7.00334
-7.06312 -7.0619
-6.99796 -6.99686
-7.36496 -7.36499
-7.24572 -7.24594
-6.76658 -6.76711
-7.03122 -7.03199
-7.04303 -7.04401
-7.36073 -7.36094
-6.97387 -6.97215
-6.65511 -6.65574
-7.07688 -7.07721
-7.35307 -7.35338
-7.2639 -7.264
-7.04306 -7.04741
-7.06565 -7.06403
-7.22851 -7.22988
-7.22237 -7.22195
-7.23278 -7.23053
-7.0544 -7.05289
-7.09302 -7.09336
-7.07972 -7.0798
-7.20475 -7.20535
-7.14059 -7.14061
-7.31233 -7.31167
-7.05845 -7.05559
-7.28073 -7.2816
-7.20869 -7.21238
-7.02407 -7.02491
-6.74175 -6.74189
-6.90613 -6.90554
-6.85961 -6.85789
-7.00771 -7.00836
-7.02625 -7.02666
-7.05906 -7.05936
-7.37615 -7.3765
-6.95461 -6.95354
-7.00752 -7.00692
-7.25559 -7.25537
-7.07406 -7.07282
-7.03308 -7.03295
-7.23102 -7.23206
-7.14333 -7.14317
-7.29261 -7.29375
-7.24715 -7.24732
-7.06836 -7.06756
-6.71192 -6.71445
-7.37418 -7.37454
-7.0301 -7.02971
-7.27606 -7.27702
-6.83568 -6.83516
-7.36993 -7.37022
-7.02583 -7.02302
-7.05358 -7.0539
-7.28842 -7.28741
-7.04711 -7.0465
-7.30489 -7.30446
-6.9824 -6.98083
-7.00111 -7.00365
-7.25707 -7.25771
-7.08944 -7.08938
-7.08388 -7.08477
-7.05351 -7.05494
-7.06312 -7.0634
-7.14579 -7.14576
-7.03957 -7.04043
-7.24308 -7.24433
-7.05229 -7.0528
-7.11599 -7.1156
-7.246 -7.24491
-7.08453 -7.0842
-6.97968 -6.97943
-7.04612 -7.04854
-7.04382 -7.04022
-7.24609 -7.24727
-7.12464 -7.12463
-7.15692 -7.15686
-7.13785 -7.13807
-7.02961 -7.02944
-7.23429 -7.23606
-6.83066 -6.8307
-7.13876 -7.1387
-7.03696 -7.03684
-7.27277 -7.27155
-7.35027 -7.34994
-7.36849 -7.36875
-7.26311 -7.26423
-7.2304 -7.22929
-7.36029 -7.36034
-7.22459 -7.22466
-7.27965 -7.27793
-7.07592 -7.07625
-6.99434 -6.99364
-7.0763 -7.07617
-7.04063 -7.04158
-7.13011 -7.12993
-7.0305 -7.03022
-7.08856 -7.08826
-7.35357 -7.35359
-6.93992 -6.94173
-6.98927 -6.9877
-7.27194 -7.27263
-7.06453 -7.06394
-7.20067 -7.20361
-7.06688 -7.06618
-7.24506 -7.24527
-7.01167 -7.01343
-7.15244 -7.15241
-7.26661 -7.26592
-6.94082 -6.94206
-6.60414 -6.60555
-7.12462 -7.12474
-6.99721 -6.99816
-7.28436 -7.28581
-7.12654 -7.12647
-7.28355 -7.2836
-7.23351 -7.23316
-7.26033 -7.26274
-7.32911 -7.32979
-7.35838 -7.35868
-7.03195 -7.0327
-7.00978 -7.01199
-6.82875 -6.82603
-7.03734 -7.03657
-7.33811 -7.33777
-7.32336 -7.32357
-7.02382 -7.02478
-7.25934 -7.25936
-7.02001 -7.02005
-7.01754 -7.01836
-6.93665 -6.93698
-7.32179 -7.32148
-7.026 -7.02673
-7.03282 -7.03294
-6.90508 -6.90186
-7.21742 -7.22019
-7.02613 -7.02762
-7.37342 -7.37373
-7.24701 -7.247
-7.2744 -7.27462
-7.25441 -7.25368
-7.27497 -7.27466
-7.36738 -7.36754
-7.01484 -7.01547
-7.04774 -7.04963
-7.06567 -7.06571
-7.01542 -7.01535
-6.63697 -6.63972
-6.84584 -6.84299
-7.05599 -7.05477
-6.81454 -6.81359
-7.14719 -7.14722
-7.15785 -7.1578
-7.2114 -7.21177
-7.24792 -7.2469
-7.31257 -7.31234
-7.31266 -7.31222
-7.2673 -7.26708
-6.97745 -6.97958
-7.21534 -7.21622
-7.32113 -7.32105
-7.09953 -7.09891
-7.24287 -7.24303
-7.03807 -7.03996
-6.81816 -6.81885
-7.34357 -7.34299
-7.25952 -7.25866
-7.23402 -7.23301
-6.62414 -6.6262
-6.95267 -6.952
-7.04462 -7.0447
-7.04947 -7.04967
-7.27591 -7.27465
-7.03683 -7.03662
-7.252 -7.25197
-7.14325 -7.14311
-7.3546 -7.35491
-7.12218 -7.12218
-7.10106 -7.10073
-6.80054 -6.79844
-7.04274 -7.04093
-7.21112 -7.21332
-7.33664 -7.33611
-7.15622 -7.1562
-7.3111 -7.31033
-7.22623 -7.23042
-7.21838 -7.21971
-7.03598 -7.03491
-7.26124 -7.26068
-6.63535 -6.63316
-7.10599 -7.10523
-7.2436 -7.2421
-6.73181 -6.72792
-7.05389 -7.05243
-7.05281 -7.05354
-7.19797 -7.2011
-7.03696 -7.03684
-6.57744 -6.57977
-6.94408 -6.94418
-7.06017 -7.05984
-7.23978 -7.24048
-7.07047 -7.06949
-7.04864 -7.0493
-7.04175 -7.0423
-6.75309 -6.75172
-7.01212 -7.01338
-7.02302 -7.02117
-7.05867 -7.05971
-7.26206 -7.26278
-7.05275 -7.05353
-6.88001 -6.88148
-7.16044 -7.1634
-7.27057 -7.27005
-6.81929 -6.81281
-7.28371 -7.2832
-7.03413 -7.03318
-7.23228 -7.2326
-6.71669 -6.71632
-7.32005 -7.31945
-6.53332 -6.53262
-7.24734 -7.24636
-7.07266 -7.07206
-6.83398 -6.83343
-7.04153 -7.04009
-7.14048 -7.14047
-7.26588 -7.26541
-6.98058 -6.98122
-6.70635 -6.70796
-7.03481 -7.03875
-7.21936 -7.21797
-7.29421 -7.29501
-7.06297 -7.06087
-6.62656 -6.6242
-7.3501 -7.3502
-7.3433 -7.34336
-7.02015 -7.0212
-6.97061 -6.97032
-6.71319 -6.70909
-7.06885 -7.06849
-7.02301 -7.02242
-7.278 -7.27834
-7.23065 -7.22978
-7.00463 -7.00409
-6.86108 -6.86162
-7.04639 -7.04854
-7.23525 -7.23553
-6.73373 -6.73074
-7.23514 -7.23509
-6.99215 -6.99292
-7.00916 -7.00945
-7.24432 -7.24724
-7.29485 -7.29479
-7.36982 -7.3701
-7.21831 -7.22014
-7.32803 -7.3285
-6.78058 -6.77881
-7.07863 -7.07735
-7.05977 -7.06005
-7.00043 -7.00179
-7.26968 -7.27022
-7.01647 -7.01587
-7.21497 -7.2155
-7.00155 -7.00111
-7.29106 -7.29113
-7.10318 -7.10289
-7.26213 -7.26175
-6.9767 -6.97573
-6.69515 -6.69637
-6.84387 -6.84373
-7.13257 -7.13287
-7.13612 -7.13609
-7.08083 -7.08168
-6.92058 -6.91698
-7.15135 -7.1514
-6.79903 -6.7983
-7.03733 -7.03809
-6.87709 -6.87458
-6.97823 -6.97637
-6.89721 -6.89422
-7.02455 -7.02351
-7.06184 -7.06073
-7.0686 -7.06952
-7.01465 -7.01586
-7.0101 -7.01319
-7.02996 -7.02931
-6.89044 -6.88882
-7.27483 -7.27722
-7.27355 -7.27408
-7.28071 -7.27965
-7.02955 -7.02726
-6.77961 -6.77924
-7.24724 -7.24896
-7.04266 -7.04291
-7.0306 -7.03221
-6.61321 -6.61216
-7.23913 -7.23915
-7.25151 -7.24957
-6.62047 -6.61474
-7.04849 -7.05092
-6.90064 -6.8974
-7.2724 -7.27452
-7.04374 -7.043
-6.9058 -6.90399
-6.99943 -7.00252
-7.27383 -7.27486
-7.03883 -7.04005
-7.02209 -7.02089
-7.04758 -7.04903
-7.0133 -7.01234
-7.05806 -7.05793
-7.25562 -7.25591
-6.80959 -6.80443
-7.28383 -7.2844
-7.06739 -7.06778
-7.10554 -7.10536
-6.83697 -6.83647
-7.2009 -7.20221
-7.35812 -7.35815
-7.27402 -7.27327
-7.27046 -7.26851
-7.25131 -7.25102
-7.25749 -7.25816
-7.26011 -7.26012
-7.02164 -7.02343
-7.32496 -7.32543
-7.04772 -7.04801
-7.03546 -7.03712
-7.15185 -7.15179
-7.35114 -7.35088
-7.26901 -7.26885
-7.09126 -7.09071
-6.97902 -6.98208
-7.09213 -7.0918
-7.01221 -7.0118
-7.04198 -7.04171
-6.90704 -6.90376
-7.01361 -7.01471
-7.35057 -7.3507
-7.05077 -7.05208
-7.15808 -7.15802
-7.27026 -7.27097
-7.23168 -7.2298
-7.02458 -7.02244
-7.26436 -7.26311
-6.63971 -6.63913
-7.06163 -7.06321
-7.03415 -7.03347
-6.9927 -6.99278
-7.36704 -7.36704
-6.49323 -6.49505
-7.21023 -7.21172
-7.24059 -7.23979
-7.04783 -7.04869
-7.04285 -7.04497
-7.14625 -7.14626
-7.24667 -7.24697
-7.0354 -7.03548
-7.05686 -7.05462
-6.81137 -6.81388
-7.22897 -7.22934
-7.36508 -7.36513
-7.36825 -7.3686
-7.10486 -7.10479
-7.30441 -7.30488
-6.99895 -6.99822
-7.27224 -7.27148
-7.05375 -7.05352
-7.01989 -7.02102
-7.04638 -7.04609
-6.89426 -6.89618
-7.0059 -7.00662
-7.36429 -7.36447
-7.26918 -7.26972
-6.85172 -6.8503
-7.02277 -7.02345
-7.27671 -7.27694
-7.02778 -7.02707
-6.66875 -6.66545
-7.00658 -7.00755
-7.05367 -7.05176
-7.05587 -7.05521
-7.30526 -7.30493
-7.35379 -7.3538
-7.00885 -7.00899
-6.78224 -6.7841
-7.30961 -7.31024
-6.94482 -6.94219
-7.02476 -7.02265
-7.05006 -7.05003
-7.35776 -7.35772
-7.02577 -7.02946
-7.3438 -7.34383
-7.03408 -7.03333
-7.07726 -7.07757
-6.70715 -6.70682
-7.27065 -7.26938
-7.14092 -7.14073
-7.03677 -7.03785
-6.98137 -6.98145
-7.25571 -7.25546
-7.27894 -7.28027
-7.34067 -7.34092
-7.3746 -7.375
-7.01638 -7.01721
-6.99509 -6.99592
-7.37103 -7.37132
-6.26957 -6.27053
-7.25575 -7.25528
-7.15532 -7.1553
-7.15378 -7.15383
-7.23901 -7.23938
-7.37678 -7.37715
-6.76645 -6.76451
-7.01705 -7.01431
-7.25735 -7.25669
-7.00123 -6.99791
-7.05382 -7.052
-6.69754 -6.6987
-7.23885 -7.2423
-6.63653 -6.63963
-7.05293 -7.05139
-7.03164 -7.03382
-6.94972 -6.95018
-7.01534 -7.0165
-6.64219 -6.64249
-7.31071 -7.31162
-7.24384 -7.24417
-6.80511 -6.80337
-6.82147 -6.81645
-7.09982 -7.10011
-6.57516 -6.57756
-6.95245 -6.9522
-6.70244 -6.69929
-7.03774 -7.03908
-7.08417 -7.08478
-7.06474 -7.06525
-7.34582 -7.34547
-7.06226 -7.06263
-6.70117 -6.70009
-7.03682 -7.03878
-7.23093 -7.23108
-6.9337 -6.92997
-7.05001 -7.04978
-7.04999 -7.04922
-7.05314 -7.05393
-7.15579 -7.15575
-7.26889 -7.26684
-7.03119 -7.0325
-7.26887 -7.2691
-6.78026 -6.77728
-7.02914 -7.02752
-7.15334 -7.1533
-7.04709 -7.04776
-7.05445 -7.05539
-7.14224 -7.1422
-6.80807 -6.80423
-7.24262 -7.24303
-6.99227 -6.99133
-7.13085 -7.13076
-6.71394 -6.7112
-7.23606 -7.2356
-7.05749 -7.05892
-6.64371 -6.64484
-6.65413 -6.65374
-7.05115 -7.05169
-7.30256 -7.3027
-6.99975 -7.00155
-7.26374 -7.26341
-6.93815 -6.93923
-7.02285 -7.02136
-7.23227 -7.23439
-7.03261 -7.03275
-6.9621 -6.96308
-7.15157 -7.15149
-7.03664 -7.0402
-7.21138 -7.21406
-7.00798 -7.00744
-6.82351 -6.82137
-7.15426 -7.15425
-7.06417 -7.06456
-7.22778 -7.22829
-7.30604 -7.30656
-7.24958 -7.24972
-7.05367 -7.05461
-7.05192 -7.05291
-7.09232 -7.0918
-6.9247 -6.92476
-7.02286 -7.02191
-6.91274 -6.90982
-7.1027 -7.10216
-7.28079 -7.27975
-6.83105 -6.82829
-7.2403 -7.24289
-7.0003 -7.00043
-6.63697 -6.6402
-7.35288 -7.35308
-6.65781 -6.65577
-7.31589 -7.31536
-7.03795 -7.0393
-7.05852 -7.05714
-7.04327 -7.04342
-7.01023 -7.00887
-7.28014 -7.28088
-7.37719 -7.37757
-7.35241 -7.35238
-7.3069 -7.30658
-6.64038 -6.64084
-7.04988 -7.05118
-7.03941 -7.03875
-6.80384 -6.80306
-7.02595 -7.02602
-6.76134 -6.76151
-7.28826 -7.28813
-6.89026 -6.89015
-7.04329 -7.04142
-7.12224 -7.12173
-7.0496 -7.04973
-7.02903 -7.02947
-7.23712 -7.23646
-7.34312 -7.34333
-6.80614 -6.8064
-6.94595 -6.94396
-7.10703 -7.10748
-7.05174 -7.05194
-6.96508 -6.95993
-7.04722 -7.04586
-7.03895 -7.03671
-7.33524 -7.3355
-7.00265 -7.00523
-7.12122 -7.12144
-6.79249 -6.79058
-6.96912 -6.97085
-7.04212 -7.04052
-7.34656 -7.34624
-7.0675 -7.0671
-7.03886 -7.03727
-7.00233 -7.00218
-7.02792 -7.02777
-7.09999 -7.09972
-7.024 -7.02445
-6.91809 -6.9181
-7.04645 -7.04772
-7.3485 -7.349
-7.02457 -7.02386
-7.00261 -7.00375
-7.00599 -7.00415
-7.02543 -7.02558
-7.0853 -7.08568
-7.10855 -7.10891
-7.09203 -7.0914
-7.35556 -7.35566
-7.25059 -7.2507
-7.05631 -7.05672
-7.03105 -7.03324
-7.05009 -7.04925
-7.37322 -7.37351
-7.02485 -7.0234
-6.7244 -6.72076
-7.28323 -7.28399
-6.79234 -6.7923
-7.01297 -7.01649
-7.23503 -7.23517
-7.22656 -7.22815
-7.32327 -7.32304
-7.09343 -7.09256
-7.27923 -7.27857
-6.69458 -6.69289
-7.28643 -7.28673
-7.08651 -7.08615
-6.8161 -6.81756
-6.34025 -6.34315
-7.0019 -7.00365
-7.15467 -7.15463
-7.27242 -7.27448
-7.2983 -7.29901
-7.15149 -7.1515
-7.04402 -7.04464
-6.59226 -6.59035
-6.80392 -6.80058
-7.10274 -7.10306
-6.99001 -6.99093
-7.01401 -7.01453
-6.89462 -6.89283
-7.25376 -7.25462
-7.25677 -7.25559
-6.87151 -6.87153
-7.3754 -7.37574
-6.91285 -6.91357
-7.03441 -7.03332
-7.23688 -7.23892
-7.09846 -7.09845
-7.25205 -7.25178
-7.04366 -7.04592
-7.0371 -7.03607
-6.76456 -6.76542
-7.29258 -7.29356
-6.78149 -6.77716
-7.23279 -7.23228
-7.00551 -7.00387
-7.0387 -7.0396
-7.26957 -7.27
-7.14518 -7.14515
-7.01674 -7.01541
-7.12511 -7.12515
-7.32241 -7.32197
-7.06221 -7.06081
-7.32337 -7.32382
-7.09379 -7.09443
-7.26783 -7.2685
-6.83237 -6.83301
-7.26936 -7.27009
-6.9575 -6.95605
-7.15038 -7.15029
-7.34114 -7.34069
-6.6457 -6.64358
-7.10111 -7.10138
-7.03758 -7.0381
-7.11292 -7.11273
-7.03761 -7.03804
-7.36864 -7.36889
-7.07303 -7.07379
-7.07985 -7.07864
-6.9907 -6.99131
-7.23859 -7.23848
-7.36277 -7.36281
-7.04512 -7.04748
-7.02945 -7.03037
-6.78944 -6.79063
-7.05762 -7.0567
-7.2559 -7.25499
-7.09965 -7.09933
-6.84922 -6.85007
-6.88974 -6.88743
-6.78438 -6.78603
-6.85434 -6.85069
-7.06163 -7.06321
-7.25454 -7.25723
-7.33806 -7.33848
-7.24471 -7.24397
-7.01369 -7.01809
-6.91053 -6.90718
-7.08064 -7.08042
-7.0389 -7.04048
-7.05174 -7.05194
-7.07188 -7.07076
-7.20379 -7.20467
-7.27579 -7.27588
-7.2374 -7.23815
-7.01176 -7.01344
-6.97519 -6.97514
-7.26992 -7.26941
-6.73829 -6.73563
-7.02503 -7.02646
-7.22495 -7.22593
-7.021 -7.02002
-7.24291 -7.24228
-7.28332 -7.28307
-7.02084 -7.02364
-7.03077 -7.03427
-7.36566 -7.3656
-7.27068 -7.27315
-6.99937 -7.00165
-7.12944 -7.12941
-7.33308 -7.33339
-7.24679 -7.2496
-7.04957 -7.0482
-7.22145 -7.2234
-7.31492 -7.31461
-6.87374 -6.87035
-7.0687 -7.06985
-7.25371 -7.25273
-6.72272 -6.72101
-7.12967 -7.12995
-6.77226 -6.77252
-7.03091 -7.03124
-7.05436 -7.05437
-7.29353 -7.2925
-7.35642 -7.35661
-7.23891 -7.23904
-7.0445 -7.04848
-6.63137 -6.63042
-6.70704 -6.70829
-7.03909 -7.03883
-7.03098 -7.03127
-6.89192 -6.89027
-7.3148 -7.31426
-7.02632 -7.02644
-7.33777 -7.33782
-7.23261 -7.23143
-7.28832 -7.2897
-7.26124 -7.26145
-7.26897 -7.26917
-7.22761 -7.22756
-7.0495 -7.05031
-6.70579 -6.70625
-7.2608 -7.25979
-7.00055 -7.00112
-7.26769 -7.26689
-7.07465 -7.07372
-7.29031 -7.29075
-6.9042 -6.90233
-7.27439 -7.27532
-7.26765 -7.26826
-7.34145 -7.34128
-7.34204 -7.34204
-7.05096 -7.04849
-7.039 -7.03938
-7.13806 -7.13789
-7.03829 -7.03621
-6.87425 -6.87254
-6.8639 -6.86552
-6.84095 -6.84179
-7.04824 -7.04766
-7.0187 -7.0187
-7.32561 -7.32574
-7.03096 -7.03008
-7.04177 -7.04073
-6.97049 -6.96786
-7.22071 -7.22219
-7.02946 -7.03032
-7.05968 -7.06052
-7.18544 -7.18968
-7.31275 -7.31255
-6.91962 -6.92136
-7.0258 -7.02564
-7.12125 -7.12117
-7.26136 -7.26233
-6.99612 -7.0002
-7.23909 -7.23926
-7.06385 -7.06593
-6.81205 -6.81068
-7.142 -7.14186
-7.25274 -7.25173
-7.21007 -7.21121
-6.76047 -6.75831
-6.81266 -6.80862
-7.24067 -7.24176
-7.27021 -7.27093
-7.26426 -7.26431
-7.0617 -7.06214
-7.26137 -7.26047
-7.2125 -7.21506
-7.03033 -7.03036
-7.07052 -7.06956
-7.00653 -7.00693
-7.27202 -7.27057
-7.35514 -7.35515
-7.0376 -7.03824
-7.25949 -7.25858
-7.28528 -7.28525
-6.53876 -6.53643
-7.13759 -7.1373
-7.23494 -7.23654
-7.26487 -7.26612
-7.24577 -7.24355
-7.37749 -7.37788
-6.8323 -6.83049
-6.85729 -6.85734
-7.12617 -7.12603
-7.22354 -7.22512
-7.22446 -7.22519
-6.99714 -6.99769
-7.23763 -7.23897
-7.30959 -7.30955
-7.29963 -7.30042
-7.02314 -7.02427
-6.80474 -6.80702
-7.3608 -7.36082
-7.36014 -7.36031
-7.01516 -7.01552
-7.26154 -7.26231
-7.24355 -7.245
-7.00882 -7.00823
-7.00941 -7.00683
-7.27051 -7.27007
-7.04592 -7.04708
-6.91946 -6.92034
-7.07042 -7.06707
-7.2419 -7.23954
-6.7828 -6.77867
-7.3248 -7.324
-7.2214 -7.2231
-7.25985 -7.26123
-7.12835 -7.12874
-6.56438 -6.55984
-6.9769 -6.97686
-7.23454 -7.23631
-7.09114 -7.08939
-7.02094 -7.02163
-7.23553 -7.23679
-7.00535 -7.00468
-7.06164 -7.06153
-6.74986 -6.7507
-7.26995 -7.27
-7.35864 -7.3587
-7.35083 -7.35107
-7.37649 -7.37685
-7.33083 -7.33158
-7.02772 -7.02754
-7.06331 -7.06363
-7.11778 -7.1173
-7.08892 -7.08835
-7.27355 -7.27409
-6.81845 -6.81887
-6.88052 -6.87731
-7.13618 -7.13621
-7.0564 -7.05454
-7.21041 -7.21336
-7.04476 -7.04586
-7.02028 -7.01931
-7.27759 -7.27794
-7.2831 -7.28339
-7.15458 -7.1546
-7.29951 -7.30009
-7.14677 -7.14684
-6.84564 -6.84317
-7.01234 -7.01187
-7.37044 -7.37075
-6.74979 -6.74724
-7.26553 -7.26762
-6.97577 -6.97232
-7.01556 -7.01675
-7.25285 -7.25317
-7.23232 -7.23098
-7.01747 -7.01656
-7.3288 -7.32954
-6.93171 -6.93181
-6.56569 -6.56488
-7.04411 -7.04295
-7.06804 -7.06863
-7.3225 -7.32338
-7.02153 -7.02302
-7.31961 -7.319
-7.1064 -7.10614
-7.26011 -7.25884
-7.27287 -7.27256
-7.23888 -7.23951
-7.02043 -7.02143
-7.06132 -7.06357
-7.26314 -7.26475
-7.33814 -7.33811
-7.19828 -7.19916
-7.0416 -7.04034
-7.22688 -7.22751
-7.10382 -7.10411
-6.71318 -6.71534
-7.09571 -7.09614
-7.3158 -7.31532
-6.95687 -6.95621
-6.76504 -6.76641
-6.99648 -6.9926
-7.00151 -7.00332
-7.34751 -7.34747
-7.24645 -7.24733
-7.3716 -7.37187
-6.76859 -6.76565
-7.28986 -7.29021
-6.88424 -6.88516
-7.23417 -7.23972
-7.25369 -7.2527
-7.07391 -7.07337
-7.31971 -7.32014
-6.98055 -6.98103
-7.02785 -7.02907
-7.13939 -7.13938
-6.97778 -6.97774
-7.33257 -7.3329
-7.08736 -7.08595
-7.04445 -7.04587
-7.07416 -7.07351
-7.01369 -7.01809
-7.3768 -7.37717
-6.77966 -6.7811
