-6.97706 -6.97686
-6.84292 -6.84317
-7.09951 -7.10011
-7.08658 -7.08534
-6.7381 -6.73563
-7.11235 -7.11273
-7.27069 -7.27213
-7.24322 -7.24161
-7.23899 -7.23769
-7.07306 -7.07324
-7.07117 -7.07184
-7.04023 -7.04028
-7.37631 -7.37685
-6.72291 -6.72076
-7.13103 -7.13131
-7.21622 -7.21665
-7.04389 -7.04389
-7.05169 -7.05079
-7.25693 -7.25669
-7.34524 -7.34583
-6.61382 -6.61471
-7.22579 -7.22488
-7.26197 -7.26231
-7.04187 -7.04093
-7.03632 -7.03698
-7.09384 -7.09443
-7.23914 -7.23848
-7.31925 -7.319
-7.2344 -7.23414
-7.01912 -7.0161
-7.10688 -7.10735
-7.31899 -7.31934
-6.78089 -6.77735
-7.24635 -7.24733
-6.5879 -6.59165
-7.25678 -7.25709
-7.34995 -7.3502
-6.80517 -6.8064
-7.23943 -7.23951
-7.23839 -7.23986
-6.60484 -6.60555
-7.25348 -7.25462
-6.98799 -6.98801
-6.70713 -6.70682
-6.96009 -6.95681
-7.05819 -7.05774
-7.26004 -7.25884
-7.15625 -7.15675
-7.07382 -7.07345
-7.00664 -7.00482
-7.0317 -7.03031
-6.694 -6.68794
-7.1356 -7.13609
-7.06187 -7.06175
-7.235 -7.23572
-7.14639 -7.14681
-7.27865 -7.27857
-6.64598 -6.64437
-6.81583 -6.81835
-7.06561 -7.06618
-6.55288 -6.55345
-7.03199 -7.03127
-7.02667 -7.02946
-6.86841 -6.86616
-7.29294 -7.2925
-7.07909 -7.07735
-7.07306 -7.07379
-6.88015 -6.87731
-7.34996 -7.34994
-7.13221 -7.13287
-6.86072 -6.85781
-7.36543 -7.3656
-7.02338 -7.02265
-7.01424 -7.01679
-7.22619 -7.22667
-7.02419 -7.02406
-7.113 -7.11308
-7.02879 -7.02947
-7.27118 -7.27142
-7.35183 -7.35205
-7.20507 -7.20601
-6.95674 -6.95621
-6.77196 -6.76907
-7.01825 -7.01794
-7.04162 -7.04073
-7.23686 -7.23787
-7.01254 -7.01187
-7.02791 -7.02499
-6.97905 -6.97774
-7.2645 -7.26305
-7.03949 -7.04073
-7.033 -7.03158
-6.77539 -6.7747
-6.81399 -6.8137
-7.03024 -7.03045
-7.24207 -7.24303
-6.99358 -6.99314
-7.03909 -7.04043
-7.07152 -7.07076
-6.96297 -6.96158
-7.03731 -7.03632
-6.99161 -6.99133
-6.94211 -6.94418
-7.27511 -7.27306
-7.01718 -7.01541
-6.75547 -6.75364
-7.37402 -7.37454
-7.06224 -7.06321
-7.24519 -7.24405
-7.23256 -7.23228
-7.02431 -7.02626
-7.05524 -7.05665
-7.0215 -7.02089
-6.98424 -6.9844
-6.90454 -6.90589
-7.27087 -7.2708
-7.24504 -7.24631
-7.24514 -7.24417
-7.03183 -7.03199
-7.02988 -7.02965
-6.75471 -6.75585
-7.37531 -7.37583
-7.2296 -7.22978
-6.9895 -6.9877
-7.26912 -7.26949
-7.04183 -7.04009
-6.73363 -6.73067
-7.03278 -7.03183
-7.14995 -7.15054
-6.71407 -6.71414
-6.71221 -6.7112
-7.03015 -7.0315
-6.7135 -6.70909
-7.3242 -7.32384
-6.9967 -6.99449
-7.12731 -7.12781
-7.06 -7.06005
-7.01494 -7.01809
-7.02119 -7.02002
-6.9107 -6.90718
-7.03881 -7.03823
-6.83512 -6.83516
-7.03474 -7.03392
-7.22279 -7.2231
-7.08934 -7.08926
-7.36743 -7.36796
-7.13317 -7.13298
-7.26834 -7.26941
-7.22371 -7.22338
-7.24517 -7.24521
-7.10207 -7.10253
-7.24654 -7.24636
-7.02355 -7.02434
-6.80425 -6.80058
-7.23821 -7.23926
-6.74292 -6.74351
-7.26641 -7.26592
-7.04077 -7.04209
-7.01752 -7.0177
-6.88587 -6.88682
-7.37808 -7.37865
-6.58583 -6.58468
-7.25992 -7.26012
-7.3031 -7.30266
-7.27043 -7.27093
-7.01354 -7.01245
-6.85162 -6.85069
-7.03008 -7.03027
-7.26048 -7.26123
-7.00926 -7.01199
-7.09259 -7.09336
-7.23382 -7.23316
-7.07559 -7.07507
-7.25029 -7.25068
-7.3234 -7.32382
-7.15769 -7.15819
-7.03137 -7.02726
-7.31241 -7.31234
-7.2433 -7.245
-6.80565 -6.80629
-7.06239 -7.0619
-7.2881 -7.28742
-7.14044 -7.14073
-7.02619 -7.02536
-7.2624 -7.26145
-6.88556 -6.88582
-7.28522 -7.28525
-6.98456 -6.98607
-7.05828 -7.05626
-6.98585 -6.98516
-7.32932 -7.32979
-7.03994 -7.03944
-6.95716 -6.95605
-7.0366 -7.0345
-7.04415 -7.04464
-7.00092 -7.00179
-6.74092 -6.74182
-7.34883 -7.34916
-7.32237 -7.32234
-7.11102 -7.11097
-7.27862 -7.27933
-6.9985 -6.99769
-6.78859 -6.79063
-6.83437 -6.83367
-7.35761 -7.35796
-6.63673 -6.6402
-7.2517 -7.25161
-7.26006 -7.25984
-7.25552 -7.25559
-7.24644 -7.24471
-6.97887 -6.98049
-7.08912 -7.08938
-7.2281 -7.22958
-7.01151 -7.01062
-7.06181 -7.06081
-7.15371 -7.15425
-7.3604 -7.36085
-7.00546 -7.00425
-7.15453 -7.15507
-7.31237 -7.31167
-6.6724 -6.67076
-7.21681 -7.22019
-7.23841 -7.23904
-7.15668 -7.15719
-7.03371 -7.03197
-7.03399 -7.03347
-7.08326 -7.08347
-7.22973 -7.23112
-6.93732 -6.93521
-7.06545 -7.06403
-7.02393 -7.0234
-7.24791 -7.24692
-7.15081 -7.1514
-7.32344 -7.32304
-7.04222 -7.0416
-7.26972 -7.2698
-7.14284 -7.14314
-6.83204 -6.83179
-7.0892 -7.08883
-7.0245 -7.02427
-7.20514 -7.20535
-6.99643 -6.99772
-7.10373 -7.10391
-7.30421 -7.30488
-7.00477 -7.00464
-7.03882 -7.04073
-7.0858 -7.08492
-7.03974 -7.03875
-7.21277 -7.21332
-7.04954 -7.04973
-6.87106 -6.87254
-7.08625 -7.08611
-7.23077 -7.23108
-6.84636 -6.84299
-7.27714 -7.27754
-7.04266 -7.04034
-7.03294 -7.03294
-7.03387 -7.03286
-7.04737 -7.04708
-7.07792 -7.0774
-7.05569 -7.05521
-7.31851 -7.31853
-7.07258 -7.07272
-6.9073 -6.90376
-7.0491 -7.05092
-7.02721 -7.02763
-7.26353 -7.2628
-6.87755 -6.87724
-7.20128 -7.20361
-6.78155 -6.77716
-6.71657 -6.71291
-7.08292 -7.08354
-6.91005 -6.91083
-7.10114 -7.10155
-6.83002 -6.82861
-6.57851 -6.57756
-7.24718 -7.24727
-7.23964 -7.24176
-7.27963 -7.27904
-7.35028 -7.3507
-7.04605 -7.04854
-7.23111 -7.23098
-6.71115 -6.71076
-7.00923 -7.00802
-7.33177 -7.33255
-6.969 -6.97032
-7.03753 -7.03878
-7.13883 -7.13911
-7.05402 -7.05576
-7.04355 -7.04342
-6.83314 -6.83216
-7.03712 -7.03662
-7.02673 -7.02558
-7.34338 -7.34383
-6.71336 -6.71333
-6.84282 -6.84163
-7.25585 -7.25582
-7.04118 -7.04497
-6.77255 -6.77346
-7.03786 -7.03938
-6.95128 -6.95216
-7.09831 -7.09786
-7.00196 -6.99791
-7.09556 -7.09614
-7.18677 -7.18968
-7.03926 -7.0396
-7.34103 -7.34153
-7.34548 -7.34547
-7.02726 -7.02788
-7.23744 -7.23982
-7.37191 -7.37235
-6.78742 -6.78746
-6.94542 -6.94373
-7.26676 -7.26541
-7.01288 -7.01191
-7.35373 -7.3538
-7.0589 -7.05813
-7.27231 -7.27146
-6.96148 -6.95968
-7.11689 -7.1173
-7.02614 -7.02806
-6.85883 -6.85789
-7.03146 -7.02971
-7.25549 -7.25528
-6.7009 -6.70009
-7.03548 -7.03539
-7.02466 -7.02386
-7.02482 -7.02615
-7.24266 -7.24303
-6.85073 -6.85007
-7.03957 -7.03935
-6.6666 -6.66045
-7.2132 -7.21506
-7.02339 -7.02248
-7.04962 -7.04811
-6.70371 -6.70454
-6.75609 -6.75601
-7.35667 -7.35663
-6.88315 -6.87858
-7.0676 -7.069
-7.08566 -7.08568
-7.12233 -7.12275
-7.2729 -7.2724
-7.13888 -7.1393
-6.58218 -6.58137
-7.30469 -7.30446
-7.03028 -7.02931
-7.02885 -7.02633
-7.26257 -7.26233
-7.23952 -7.23954
-7.008 -7.00899
-7.01499 -7.01586
-7.3433 -7.34333
-7.21798 -7.21971
-7.27098 -7.27066
-7.36055 -7.36087
-7.26466 -7.26431
-7.24765 -7.24732
-6.99504 -6.9934
-7.2631 -7.26385
-6.93187 -6.93181
-7.08411 -7.0842
-7.02705 -7.02743
-7.04821 -7.04848
-6.73939 -6.73925
-7.03217 -7.03276
-6.97794 -6.97637
-6.74676 -6.74909
-7.06433 -7.06496
-7.27721 -7.27794
-7.24578 -7.24678
-7.02395 -7.02363
-7.30375 -7.30456
-7.02701 -7.02591
-7.00888 -7.00683
-7.11849 -7.11839
-6.83103 -6.82816
-7.23723 -7.23646
-7.24468 -7.24397
-7.25102 -7.25191
-7.03284 -7.03324
-7.24166 -7.24258
-7.037 -7.03785
-6.98116 -6.98122
-7.05277 -7.05354
-6.79146 -6.79058
-7.27307 -7.27448
-7.0232 -7.02172
-6.89852 -6.89422
-6.79894 -6.7983
-7.28535 -7.28581
-7.03378 -7.03319
-7.37385 -7.37438
-6.95192 -6.952
-6.76754 -6.76704
-7.35334 -7.35359
-7.04767 -7.04674
-7.09642 -7.09598
-7.27608 -7.27544
-7.01246 -7.01164
-7.15475 -7.1553
-7.27207 -7.27057
-7.08112 -7.08168
-7.23701 -7.23897
-7.00992 -7.00834
-7.02686 -7.02564
-7.25781 -7.25857
-6.95767 -6.95778
-7.02119 -7.02192
-7.35075 -7.35088
-7.0423 -7.04052
-7.21086 -7.21082
-7.13939 -7.13981
-7.02203 -7.02146
-7.03861 -7.0381
-7.27433 -7.27532
-7.03139 -7.03382
-6.92438 -6.92464
-7.25648 -7.25448
-7.26794 -7.26809
-7.01614 -7.01656
-7.22052 -7.22173
-7.31631 -7.31515
-6.85389 -6.85354
-7.06729 -7.06863
-6.90321 -6.90186
-7.23589 -7.23679
-7.25848 -7.25842
-7.28326 -7.28399
-7.00577 -7.00635
-7.01994 -7.02007
-6.74663 -6.74685
-6.68403 -6.68466
-6.86263 -6.86552
-7.0784 -7.07891
-7.3072 -7.30658
-7.06745 -7.067
-7.03011 -7.0296
-7.02854 -7.02944
-6.98156 -6.98103
-7.26216 -7.26349
-7.35826 -7.35868
-7.08597 -7.08615
-7.24751 -7.24683
-7.25265 -7.25266
-7.3191 -7.31913
-7.21642 -7.21622
-7.23836 -7.2423
-7.04866 -7.0482
-6.86409 -6.86375
-7.20926 -7.21238
-7.28464 -7.28357
-6.87042 -6.87155
-7.03068 -7.03231
-7.33777 -7.33782
-7.01021 -7.00698
-7.35505 -7.35515
-7.31319 -7.31222
-6.74993 -6.7507
-7.2312 -7.2291
-6.78144 -6.78441
-6.72442 -6.72562
-7.30393 -7.30432
-7.20965 -7.20815
-7.25907 -7.2592
-7.00932 -7.01261
-7.27309 -7.27408
-7.23287 -7.23439
-7.22901 -7.23079
-6.94471 -6.94219
-7.28112 -7.2816
-7.27903 -7.27793
-7.07008 -7.06707
-7.36354 -7.36366
-7.23341 -7.23427
-7.35544 -7.35566
-7.30577 -7.30645
-7.02325 -7.02136
-7.10092 -7.10138
-7.04474 -7.0447
-7.06924 -7.06985
-6.75003 -6.74952
-7.30548 -7.30515
-7.09736 -7.09709
-7.02825 -7.02703
-7.02072 -7.02117
-7.10818 -7.10862
-7.03939 -7.03671
-7.10113 -7.10122
-7.05298 -7.05469
-7.2475 -7.2469
-6.7784 -6.77924
-7.02058 -7.01977
-7.23293 -7.23031
-7.02558 -7.02606
-7.05306 -7.05243
-7.29025 -7.29075
-7.0463 -7.04567
-7.03959 -7.04048
-7.23033 -7.23215
-7.02997 -7.03032
-7.24719 -7.24896
-6.7744 -6.77515
-7.10923 -7.10913
-7.06494 -7.06464
-7.01817 -7.02031
-7.37478 -7.37532
-7.09886 -7.09933
-7.27364 -7.2738
-6.34309 -6.34315
-7.00385 -7.00218
-6.76163 -6.75954
-7.04934 -7.04925
-7.06804 -7.06784
-7.32277 -7.32338
-7.22839 -7.23011
-7.12159 -7.12212
-7.02112 -7.02
-7.02272 -7.02269
-7.01324 -7.01244
-7.04335 -7.0448
-7.0718 -7.0691
-7.01846 -7.01704
-6.89923 -6.90023
-7.22298 -7.22245
-7.21351 -7.21359
-6.9287 -6.93119
-6.82343 -6.82433
-7.37522 -7.37574
-7.2711 -7.27214
-7.09186 -7.09163
-7.04917 -7.05003
-7.20557 -7.20524
-6.99865 -6.99868
-7.31099 -7.31162
-6.80362 -6.80306
-7.28633 -7.28703
-7.02228 -7.02478
-7.04748 -7.0465
-7.02661 -7.02787
-7.24729 -7.24783
-7.24668 -7.24603
-6.98728 -6.98683
-7.36706 -7.36754
-7.22445 -7.22466
-7.12148 -7.12173
-7.29299 -7.29375
-7.06446 -7.06441
-7.3582 -7.35855
-7.23948 -7.23938
-6.80085 -6.80113
-7.24626 -7.247
-7.10052 -7.10073
-7.03814 -7.03684
-7.07472 -7.07372
-7.03873 -7.03621
-7.00215 -7.00112
-7.37029 -7.37068
-7.03916 -7.0397
-7.02803 -7.02758
-6.98283 -6.98102
-7.13915 -7.13958
-6.93071 -6.92875
-7.08474 -7.084
-6.94783 -6.94865
-6.99559 -6.99592
-6.85595 -6.85558
-7.32065 -7.32073
-6.9018 -6.89754
-6.63745 -6.63913
-6.93933 -6.93923
-7.03998 -7.04023
-6.86415 -6.86154
-7.19552 -7.19882
-7.21069 -7.2144
-6.85058 -6.84861
-7.05569 -7.05521
-7.36052 -7.36094
-7.0024 -7.00365
-7.25535 -7.25591
-6.97217 -6.97109
-7.36632 -7.36659
-6.82759 -6.82967
-7.15306 -7.15352
-6.80662 -6.80443
-7.27949 -7.28027
-7.03368 -7.03321
-7.03057 -7.03008
-7.00637 -7.00998
-6.79062 -6.7923
-7.05225 -7.05357
-6.98792 -6.98895
-7.19631 -7.20031
-7.30173 -7.3019
-7.0449 -7.04401
-7.09207 -7.0918
-7.22122 -7.2234
-6.57338 -6.57061
-7.37808 -7.37865
-7.0196 -7.02253
-7.26829 -7.26756
-7.10038 -7.1
-7.25307 -7.25317
-7.29425 -7.29501
-7.26875 -7.26917
-7.28006 -7.28088
-7.06915 -7.06846
-7.25712 -7.25591
-6.99921 -6.99819
-6.87154 -6.86732
-7.25003 -7.25058
-6.80621 -6.80423
-6.62681 -6.6262
-6.65585 -6.65577
-7.00529 -7.00409
-7.06286 -7.06363
-7.16011 -7.1634
-7.27623 -7.27588
-7.34119 -7.34128
-7.31799 -7.31819
-7.36553 -7.36573
-6.9343 -6.93392
-7.09966 -7.09973
-7.03604 -7.0402
-7.25959 -7.25831
-7.2405 -7.23915
-7.31588 -7.31536
-7.04842 -7.04963
-7.13752 -7.13807
-7.24983 -7.24957
-7.25056 -7.25102
-7.06969 -7.06966
-7.05051 -7.0498
-7.10014 -7.10094
-7.03547 -7.03375
-7.00339 -7.00334
-7.06545 -7.06403
-7.25488 -7.25499
-7.01788 -7.01697
-7.03726 -7.03681
-6.56145 -6.5568
-6.98454 -6.9871
-6.99958 -6.9998
-7.07141 -7.07135
-7.00186 -7.00043
-6.79873 -6.79715
-6.98949 -6.98691
-7.18752 -7.19011
-7.11543 -7.1156
-6.97332 -6.97037
-7.10817 -7.10891
-7.05819 -7.05878
-6.99383 -6.99367
-6.98248 -6.98083
-7.03162 -7.03088
-7.37443 -7.375
-6.9586 -6.95689
-7.23267 -7.23301
-7.35273 -7.35338
-7.03923 -7.04005
-7.15523 -7.15575
-7.26517 -7.26612
-7.08134 -7.08072
-6.63077 -6.63042
-7.2369 -7.23892
-7.06177 -7.06316
-6.69365 -6.69289
-7.03729 -7.0393
-6.9811 -6.97668
-7.37145 -7.37187
-7.08834 -7.08835
-7.02906 -7.02754
-7.27212 -7.2707
-7.24643 -7.24861
-7.33825 -7.33848
-7.01635 -7.01431
-7.09207 -7.09169
-7.0534 -7.05352
-7.05588 -7.05477
-7.28374 -7.2844
-7.34061 -7.34095
-7.27471 -7.27615
-7.32329 -7.32357
-6.74042 -6.7385
-6.73716 -6.73508
-7.04432 -7.04587
-6.91334 -6.90982
-7.09047 -7.08939
-7.00037 -7.00252
-7.06883 -7.06834
-6.68523 -6.6815
-7.35592 -7.35605
-7.24831 -7.24688
-7.00524 -7.00473
-6.95137 -6.95244
-7.04199 -7.04291
-7.24629 -7.24626
-6.9449 -6.94261
-7.05889 -7.05936
-7.04507 -7.04609
-7.36808 -7.3686
-7.03842 -7.03784
-7.12502 -7.12506
-7.11397 -7.11431
-7.24099 -7.23899
-7.27834 -7.27838
-7.03628 -7.03548
-7.04265 -7.04375
-7.25245 -7.2503
-7.2827 -7.28339
-7.06245 -7.05891
-7.32084 -7.32126
-6.682 -6.68002
-7.1052 -7.10536
-7.00932 -7.01261
-7.00032 -7.00155
-7.03451 -7.03318
-7.01823 -7.01809
-7.24976 -7.2507
-7.24627 -7.2496
-6.59817 -6.59864
-7.14318 -7.1434
-7.26383 -7.26341
-7.36414 -7.36447
-6.8203 -6.81645
-7.35224 -7.35238
-7.02928 -7.03037
-7.22691 -7.22815
-7.03309 -7.03275
-7.05701 -7.05544
-7.25785 -7.25825
-6.76493 -6.76578
-6.95049 -6.95018
-6.83454 -6.83564
-7.05971 -7.06019
-6.84862 -6.8445
-7.23007 -7.22975
-7.19621 -7.19872
-7.27769 -7.2777
-7.01418 -7.01462
-7.19436 -7.19308
-7.03662 -7.03643
-7.04583 -7.04772
-7.04896 -7.04801
-7.23701 -7.23729
-6.71027 -6.70829
-6.94159 -6.94173
-7.02764 -7.02666
-7.22888 -7.22786
-7.23302 -7.23189
-7.00816 -7.00797
-7.0678 -7.06756
-7.13043 -7.13097
-7.15637 -7.15686
-7.31814 -7.31782
-6.6431 -6.64249
-7.33543 -7.3357
-6.56367 -6.55984
-7.07225 -7.07146
-7.03947 -7.03996
-7.10213 -7.10306
-7.13198 -7.13255
-6.99526 -6.99375
-7.26449 -7.2647
-7.33337 -7.33434
-6.71905 -6.71807
-7.05372 -7.05494
-7.12437 -7.12474
-7.07904 -7.07894
-6.6978 -6.69866
-7.04526 -7.04591
-6.7685 -6.7678
-7.03257 -7.03077
-7.23476 -7.23553
-6.83688 -6.83881
-7.23065 -7.23143
-6.52262 -6.52126
-6.83066 -6.83301
-7.05424 -7.05461
-7.09588 -7.09614
-7.08034 -7.08028
-6.99874 -6.99905
-7.32773 -7.32789
-7.31881 -7.31924
-6.98483 -6.98454
-7.02221 -7.02302
-7.34085 -7.34095
-7.06224 -7.06321
-7.31996 -7.3195
-7.24962 -7.24836
-6.80139 -6.79902
-6.92043 -6.92136
-7.02279 -7.02199
-7.3493 -7.34979
-7.02583 -7.02646
-7.00742 -7.00821
-7.02061 -7.01931
-6.97278 -6.97215
-6.94784 -6.94669
-7.28105 -7.27975
-7.36824 -7.36868
-7.07792 -7.07679
-7.02158 -7.02186
-7.31986 -7.31981
-7.02902 -7.02901
-7.0499 -7.05118
-6.95481 -6.95354
-7.08082 -7.0798
-7.03687 -7.03691
-6.88963 -6.88743
-7.07426 -7.07422
-7.27276 -7.27179
-7.07646 -7.07737
-6.76778 -6.76565
-6.63986 -6.64017
-7.14714 -7.14753
-6.87589 -6.87599
-7.27297 -7.27148
-6.99717 -7.0002
-7.05624 -7.05462
-7.27096 -7.27077
-7.01877 -7.0212
-6.80938 -6.81068
-7.02647 -7.02602
-7.03087 -7.03022
-7.27139 -7.27205
-7.12128 -7.12182
-7.21906 -7.21797
-7.0491 -7.05092
-7.0538 -7.05176
-7.0998 -7.09954
-6.85641 -6.85734
-7.15566 -7.1562
-7.31508 -7.31485
-7.07131 -7.07165
-7.03116 -7.03186
-7.08048 -7.07999
-7.03139 -7.0325
-7.13998 -7.14061
-7.00878 -7.00662
-7.0361 -7.03459
-7.01429 -7.01649
-7.36837 -7.36875
-7.20968 -7.21177
-7.04118 -7.04497
-7.03623 -7.03655
-7.30303 -7.30321
-7.02464 -7.02388
-7.00033 -7.00165
-6.82781 -6.82771
-6.92063 -6.91698
-7.27791 -7.27834
-7.26843 -7.26815
-7.34625 -7.34658
-6.67061 -6.66746
-7.01564 -7.01652
-6.99666 -6.99568
-7.01398 -7.01453
-7.23142 -7.23053
-7.00501 -7.00523
-7.14987 -7.15029
-7.32495 -7.32543
-7.13715 -7.1373
-6.80534 -6.80399
-7.29101 -7.29112
-7.0417 -7.04113
-7.02494 -7.02445
-7.05074 -7.05194
-7.21083 -7.21121
-7.11781 -7.1179
-7.04383 -7.04741
-7.26986 -7.26851
-7.03247 -7.03295
-7.34668 -7.34707
-7.32012 -7.31945
-7.25757 -7.25771
-7.37556 -7.3761
-7.2696 -7.27022
-7.1464 -7.14684
-6.94571 -6.94223
-7.02589 -7.02244
-7.10274 -7.10289
-7.29834 -7.29901
-7.19943 -7.19916
-7.24551 -7.24619
-7.23564 -7.23519
-6.90388 -6.90148
-7.1528 -7.1533
-6.78233 -6.7841
-7.0098 -7.00887
-6.74348 -6.74189
-6.70522 -6.70299
-7.28673 -7.287
-7.06696 -7.06778
-7.06382 -7.06277
-6.81899 -6.81281
-6.86691 -6.86509
-7.09979 -7.09891
-6.86479 -6.86145
-7.05965 -7.06058
-6.98098 -6.97943
-7.36759 -7.3681
-7.02156 -7.02005
-7.22442 -7.22512
-7.00317 -7.00285
-7.25936 -7.25816
-7.04516 -7.0453
-7.24564 -7.24491
-7.02915 -7.02752
-7.37663 -7.37717
-7.26738 -7.26684
-7.26967 -7.26891
-7.00981 -7.00577
-7.29307 -7.29356
-6.99454 -6.99523
-6.96163 -6.96303
-7.36676 -7.36704
-7.08623 -7.08724
-7.13307 -7.13294
-7.0242 -7.02491
-7.06519 -7.06394
-7.02383 -7.02345
-7.25312 -7.25368
-7.24651 -7.24697
-7.10668 -7.10748
-7.04488 -7.04375
-7.04162 -7.04291
-7.27801 -7.27733
-6.7137 -6.71534
-6.72141 -6.72481
-7.10581 -7.10617
-7.36863 -7.36907
-6.63927 -6.63972
-7.04492 -7.04586
-7.21061 -7.21264
-7.37087 -7.37132
-7.02292 -7.02364
-6.82793 -6.82614
-6.82351 -6.82261
-7.02382 -7.02361
-7.35842 -7.3587
-7.04625 -7.04854
-6.98269 -6.98117
-7.06809 -7.06755
-7.2596 -7.25866
-6.56557 -6.56488
-7.03327 -7.03178
-6.83201 -6.82996
-7.01968 -7.01962
-7.0915 -7.0918
-7.32495 -7.32529
-6.76712 -6.77028
-7.15404 -7.1546
-7.26292 -7.26256
-7.25238 -7.25173
-7.08357 -7.08327
-7.05878 -7.05971
-6.83724 -6.83647
-6.9419 -6.94206
-7.06187 -7.06175
-6.99578 -6.99873
-7.04166 -7.04242
-7.02357 -7.0218
-7.05965 -7.06058
-7.0638 -7.0643
-7.04861 -7.05031
-7.31158 -7.31191
-7.13601 -7.13624
-7.24251 -7.2444
-7.22975 -7.23206
-7.26307 -7.26396
-7.23688 -7.23815
-7.25488 -7.25537
-7.0577 -7.05666
-6.92966 -6.92837
-7.04828 -7.04766
-7.07583 -7.07625
-7.09971 -7.09972
-6.97212 -6.9745
-7.00347 -7.00387
-7.05433 -7.05553
-7.23936 -7.24011
-7.25292 -7.2539
-7.04782 -7.04586
-6.8257 -6.82418
-6.83167 -6.83049
-6.6424 -6.64358
-7.12171 -7.12218
-6.95622 -6.95617
-7.13779 -7.13823
-6.75231 -6.7527
-7.32867 -7.32849
-7.29153 -7.29185
-7.02806 -7.02922
-6.96331 -6.96142
-7.3455 -7.34559
-7.21235 -7.21406
-6.52772 -6.52368
-7.06131 -7.06073
-7.05832 -7.05559
-7.3463 -7.34624
-7.03049 -7.03427
-7.22568 -7.22593
-6.65396 -6.65487
-7.25343 -7.25409
-7.24307 -7.24292
-6.8326 -6.82829
-6.86332 -6.86162
-6.84388 -6.84248
-7.14283 -7.14311
-7.0496 -7.04955
-7.0058 -7.00465
-6.8764 -6.88081
-7.06151 -7.06263
-6.76429 -6.76711
-6.53514 -6.53262
-7.22283 -7.22461
-7.03483 -7.035
-7.13069 -7.13071
-7.02115 -7.02163
-7.14788 -7.14837
-6.89205 -6.89618
-7.23168 -7.23302
-7.25322 -7.25145
-7.2837 -7.2836
-7.14003 -7.14047
-7.27425 -7.27418
-6.96621 -6.96349
-7.21879 -7.22014
-6.95585 -6.95449
-7.14166 -7.14206
-7.13052 -7.13076
-7.20455 -7.20467
-7.06668 -7.06746
-7.05566 -7.0539
-6.88472 -6.88376
-7.36977 -7.3701
-7.03911 -7.03679
-7.1513 -7.15179
-7.21779 -7.21905
-6.99126 -6.99131
-6.91855 -6.9181
-7.34084 -7.34086
-7.07457 -7.07456
-7.07856 -7.07851
-6.78429 -6.78603
-7.23474 -7.23628
-7.07834 -7.07818
-7.02576 -7.02444
-7.05703 -7.05454
-7.03836 -7.04043
-6.90997 -6.90554
-6.97455 -6.97539
-7.28458 -7.28636
-7.0164 -7.01607
-7.28873 -7.2897
-6.90149 -6.90157
-7.23539 -7.23652
-7.04707 -7.0477
-7.06925 -7.07075
-6.80592 -6.80738
-7.04595 -7.04397
-6.97684 -6.97573
-7.23764 -7.23895
-7.02423 -7.02191
-6.96356 -6.95993
-7.06433 -7.06496
-7.27071 -7.27032
-6.70416 -6.7022
-7.2757 -7.27502
-7.37028 -7.37075
-6.81429 -6.81756
-7.24253 -7.24233
-7.06189 -7.05998
-7.13561 -7.13621
-7.03725 -7.03491
-7.11315 -7.11336
-7.05182 -7.05291
-7.10601 -7.10614
-6.33876 -6.33936
-7.12562 -7.12603
-7.02272 -7.02269
-7.22444 -7.22519
-7.07999 -7.07864
-6.80568 -6.80702
-7.05656 -7.05591
-7.26112 -7.26068
-7.05919 -7.06054
-7.14398 -7.14447
-6.81852 -6.81887
-7.05329 -7.05353
-7.02217 -7.02275
-7.04274 -7.043
-7.29395 -7.29365
-7.31017 -7.30955
-7.0395 -7.0403
-7.06911 -7.06849
-7.00239 -7.00111
-7.26725 -7.26708
-6.75013 -6.74724
-7.01783 -7.01836
-6.91193 -6.90871
-7.05785 -7.05793
-7.03442 -7.03333
-7.01809 -7.0187
-6.99627 -6.9926
-7.04421 -7.04142
-7.27199 -7.27212
-7.02954 -7.02809
-7.28112 -7.27998
-7.30431 -7.30433
-7.05111 -7.05169
-6.88979 -6.88882
-6.92431 -6.92476
-7.1262 -7.12647
-6.78847 -6.78974
-6.74467 -6.74455
-6.7698 -6.76936
-7.2125 -7.21513
-6.9172 -6.91891
-7.12941 -7.12995
-6.77746 -6.77912
-7.2634 -7.26311
-7.31556 -7.31483
-7.28199 -7.28196
-7.02566 -7.02351
-7.35724 -7.35767
-7.02149 -7.02301
-7.26161 -7.25979
-7.07094 -7.06978
-7.07166 -7.07252
-7.27262 -7.27256
-6.84155 -6.84373
-7.33539 -7.3355
-7.22703 -7.22829
-7.01379 -7.01338
-7.25668 -7.25694
-6.61325 -6.61104
-7.01624 -7.01471
-7.19847 -7.2011
-7.02638 -7.02777
-7.0655 -7.06576
-6.70619 -6.70796
-7.04492 -7.04586
-7.00083 -7.00215
-7.05322 -7.05395
-7.13153 -7.13196
-7.15187 -7.15241
-7.35856 -7.35866
-7.056 -7.05662
-7.02481 -7.02351
-7.34303 -7.34299
-6.67036 -6.66545
-7.20983 -7.20982
-7.05636 -7.05644
-7.01699 -7.01675
-7.063 -7.06375
-7.23401 -7.23213
-7.26964 -7.26714
-7.32734 -7.3285
-7.037 -7.03785
-7.27246 -7.27263
-6.8215 -6.82137
-7.2847 -7.2855
-7.25217 -7.25213
-7.02093 -7.01954
-6.81874 -6.81885
-7.24619 -7.24594
-7.11201 -7.11213
-6.60422 -6.60465
-7.00705 -7.00592
-6.98075 -6.98168
-7.2354 -7.23481
-6.61379 -6.61216
-7.37765 -7.37819
-7.28027 -7.27919
-6.83498 -6.83488
-7.00301 -7.00216
-7.26859 -7.26835
-7.14538 -7.14576
-7.06031 -7.05992
-7.26751 -7.26689
-6.80748 -6.81222
-7.0328 -7.03272
-7.23473 -7.23606
-7.11482 -7.11563
-7.27475 -7.27462
-7.22923 -7.22934
-7.26926 -7.2691
-7.24032 -7.24289
-7.05582 -7.0567
-7.03564 -7.03537
-7.27089 -7.27097
-7.32192 -7.32148
-7.23948 -7.24048
-7.04634 -7.04891
-7.3346 -7.33485
-7.13703 -7.13753
-7.32347 -7.32379
-6.95156 -6.9522
-7.27015 -7.26831
-6.73161 -6.73098
-7.33921 -7.33961
-6.73591 -6.73074
-7.27085 -7.27145
-6.71219 -6.71445
-7.262 -7.26263
-6.39199 -6.38366
-7.26421 -7.264
-7.26049 -7.25936
-7.37005 -7.37038
-7.27373 -7.2739
-6.83174 -6.83166
-7.074 -7.07282
-7.06462 -7.06593
-6.99952 -6.99969
-7.0898 -7.0902
-6.96317 -6.96308
-7.14678 -7.14722
-7.31461 -7.31426
-7.33262 -7.3329
-7.121 -7.12144
-7.15507 -7.15561
-7.27409 -7.27486
-7.2993 -7.30009
-6.88559 -6.88227
-7.07834 -7.07783
-6.83189 -6.83032
-7.24522 -7.24724
-7.3115 -7.31075
-7.37788 -7.37844
-7.02268 -7.02438
-6.73881 -6.74159
-7.13564 -7.13587
-7.37733 -7.37788
-7.24108 -7.24158
-7.26244 -7.26139
-7.23048 -7.22929
-6.91217 -6.91357
-7.08565 -7.0862
-6.69332 -6.69637
-7.2723 -7.27452
-7.03576 -7.0363
-7.24936 -7.25015
-7.01515 -7.01547
-7.04042 -7.0397
-7.06291 -7.06266
-7.34296 -7.34336
-6.53928 -6.53643
-6.77034 -6.76729
-7.23787 -7.23696
-7.28415 -7.28392
-7.029 -7.03016
-7.09389 -7.09396
-7.22152 -7.22219
-7.01521 -7.01535
-6.83161 -6.8307
-6.87021 -6.87072
-6.89808 -6.8974
-7.04854 -7.0493
-6.89825 -6.89971
-6.84994 -6.84717
-7.10842 -7.10928
-6.59515 -6.59402
-7.02328 -7.02117
-7.35827 -7.35869
-7.35805 -7.35815
-7.15753 -7.15802
-7.03096 -7.03206
-7.26993 -7.26888
-6.94577 -6.94789
-7.37597 -7.3765
-7.01301 -7.0118
-7.04295 -7.0437
-7.25034 -7.25133
-7.03441 -7.03421
-7.31018 -7.31024
-7.08053 -7.08046
-7.37519 -7.37573
-6.99276 -6.99292
-7.0215 -7.02214
-6.70481 -6.70141
-7.10638 -7.10664
-7.06879 -7.06952
-7.04601 -7.04609
-7.01073 -7.01298
-7.06174 -7.06214
-7.03497 -7.03335
-7.1455 -7.14593
-7.06817 -7.06849
-6.69896 -6.69839
-7.12811 -7.12804
-7.22732 -7.23061
-7.04986 -7.04849
-7.02617 -7.02945
-7.37659 -7.37715
-7.36065 -7.36082
-7.15383 -7.15438
-7.37325 -7.37373
-7.14802 -7.1485
-7.26822 -7.2685
-6.78235 -6.7811
-7.06925 -7.07075
-7.0418 -7.0423
-7.2817 -7.28147
-6.34237 -6.34098
-7.07402 -7.07351
-7.25137 -7.25104
-7.23093 -7.2298
-7.15728 -7.1578
-6.87495 -6.87477
-6.63649 -6.64084
-7.12436 -7.12463
-7.25412 -7.25219
-7.11508 -7.11521
-7.04274 -7.043
-7.28877 -7.28926
-7.31475 -7.31461
-6.74016 -6.74119
-7.22825 -7.23011
-7.27621 -7.27465
-7.06622 -7.06737
-6.97026 -6.97085
-7.31406 -7.31411
-7.07439 -7.07532
-6.95899 -6.95932
-7.06496 -7.06724
-7.01494 -7.01809
-7.33488 -7.3348
-7.00263 -7.00283
-7.01047 -7.01138
-7.03807 -7.03607
-7.34903 -7.34928
-7.37306 -7.37351
-7.36486 -7.36513
-7.03808 -7.04035
-6.70773 -6.70783
-7.25484 -7.25476
-7.05518 -7.05539
-7.01686 -7.01721
-7.00682 -7.00491
-7.10911 -7.10905
-6.83554 -6.83343
-6.8158 -6.82109
-7.35747 -7.35772
-7.01812 -7.01587
-7.00337 -7.0033
-6.52009 -6.51802
-7.00822 -7.00823
-7.3466 -7.34702
-6.80671 -6.80678
-7.14057 -7.14121
-7.10209 -7.10216
-7.04482 -7.04592
-7.10838 -7.10888
-7.2754 -7.27498
-7.03666 -7.03809
-7.24808 -7.24769
-7.0589 -7.05813
-7.12947 -7.12993
-7.05355 -7.05383
-7.07026 -7.06985
-7.08625 -7.08611
-7.35841 -7.35856
-6.98138 -6.98145
-7.00653 -7.00468
-6.84009 -6.83896
-6.99649 -6.99816
-7.00004 -6.99822
-7.00689 -7.01057
-6.77658 -6.77881
-7.35854 -7.35884
-6.86241 -6.85991
-7.26624 -7.26602
-7.34068 -7.34092
-7.02111 -7.02102
-7.04017 -7.04043
-7.09796 -7.09845
-6.74152 -6.73633
-7.00682 -7.00755
-7.24266 -7.24228
-7.12243 -7.12285
-6.94841 -6.94661
-6.96786 -6.96786
-7.06368 -7.06456
-7.21135 -7.21366
-7.20514 -7.20425
-6.6878 -6.69039
-7.29719 -7.29754
-7.2397 -7.23921
-7.15409 -7.15463
-6.81266 -6.81388
-7.21588 -7.21987
-7.06994 -7.06949
-7.12341 -7.12384
-7.08632 -7.08637
-7.23627 -7.2356
-6.99223 -6.99278
-6.71625 -6.71632
-6.93046 -6.9295
-7.0354 -7.03852
-7.01795 -7.01688
-7.27642 -7.27722
-7.02348 -7.02179
-7.15094 -7.1515
-6.99484 -6.99364
-7.06124 -7.06153
-7.27971 -7.27907
-6.92373 -6.92394
-6.72567 -6.73061
-7.05914 -7.06039
-7.25595 -7.25459
-6.99035 -6.9902
-7.01498 -7.0165
-7.11136 -7.11239
-7.24051 -7.24088
-7.15667 -7.15716
-6.73205 -6.72792
-7.00543 -7.00415
-7.31711 -7.31707
-6.70878 -6.70625
-7.08209 -7.08227
-7.12483 -7.12515
-7.2622 -7.26278
-6.81184 -6.81274
-6.59175 -6.59035
-7.36825 -7.36876
-7.23443 -7.23517
-7.01175 -7.00941
-7.03099 -7.03162
-7.26158 -7.26231
-7.19743 -7.19663
-7.22635 -7.22751
-7.22929 -7.22784
-7.10409 -7.10382
-7.04401 -7.04361
-6.73603 -6.73278
-7.02487 -7.02523
-6.73056 -6.72845
-6.78994 -6.79157
-7.02582 -7.02302
-7.28985 -7.29021
-7.07122 -7.06956
-7.04917 -7.05003
-6.9463 -6.94396
-7.02467 -7.02762
-7.02599 -7.02493
-6.97459 -6.97454
-7.3599 -7.36027
-7.29266 -7.29258
-7.00689 -7.00556
-7.34094 -7.34069
-7.06174 -7.06214
-7.12915 -7.12941
-7.04883 -7.04903
-6.70237 -6.70265
-7.26716 -7.26673
-7.05757 -7.05714
-6.87499 -6.87532
-6.9238 -6.92288
-6.69001 -6.69156
-7.04592 -7.04748
-7.35063 -7.35107
-6.88937 -6.89015
-7.26794 -7.26826
-7.28273 -7.28265
-7.2503 -7.25076
-7.34611 -7.34641
-6.76528 -6.76451
-7.04607 -7.0472
-7.04368 -7.04404
-6.70567 -6.71123
-7.28592 -7.28629
-6.77978 -6.77728
-7.00557 -7.00421
-6.54185 -6.54076
-6.78913 -6.78903
-7.2511 -7.25234
-7.00912 -7.00744
-7.09352 -7.09256
-7.0449 -7.04592
-7.05456 -7.05437
-7.00779 -7.00693
-6.69468 -6.69168
-7.03951 -7.04158
-7.07304 -7.07337
-7.13772 -7.13789
-7.07998 -7.08092
-7.07747 -7.07721
-6.70181 -6.69929
-7.02271 -7.02101
-7.15325 -7.15383
-6.82578 -6.82603
-7.14177 -7.1422
-7.24478 -7.2421
-7.05474 -7.056
-7.24024 -7.23979
-7.10084 -7.10145
-7.32211 -7.32197
-7.05376 -7.052
-7.27312 -7.27342
-7.34517 -7.34555
-7.03233 -7.03042
-7.01773 -7.01803
-7.0348 -7.03336
-7.14573 -7.14626
-7.12836 -7.12842
-7.29511 -7.29479
-7.00623 -7.00827
-7.32926 -7.32954
-7.28334 -7.2832
-6.69297 -6.69027
-6.96667 -6.96739
-7.23567 -7.23631
-6.62546 -6.6242
-7.21861 -7.21851
-7.28945 -7.28943
-7.30969 -7.31003
-6.9836 -6.98617
-6.7758 -6.77713
-6.72678 -6.72488
-7.30112 -7.30067
-7.03973 -7.03727
-7.236 -7.23668
-7.32101 -7.32105
-7.07685 -7.07688
-7.05151 -7.05208
-7.25694 -7.25814
-7.26193 -7.26259
-7.13984 -7.14012
-6.8244 -6.82021
-7.06431 -7.06525
-7.05417 -7.05272
-7.33609 -7.33611
-7.01265 -7.013
-6.72279 -6.72101
-7.05404 -7.05525
-6.99797 -6.99847
-7.06535 -7.06714
-7.04463 -7.04407
-6.26053 -6.27053
-7.28797 -7.28741
-6.57616 -6.57977
-6.89398 -6.89283
-7.35702 -7.35737
-7.27351 -7.27327
-7.26765 -7.26809
-6.69885 -6.6987
-7.05368 -7.05139
-7.03525 -7.03875
-7.22957 -7.23027
-7.27562 -7.27466
-7.02534 -7.02417
-6.90545 -6.90399
-7.24255 -7.24392
-6.975 -6.97232
-6.87639 -6.87458
-7.06924 -7.06813
-7.00694 -7.005
-7.24674 -7.24545
-7.36001 -7.36031
-7.08036 -7.07972
-7.02683 -7.02628
-6.97969 -6.98208
-7.03798 -7.03974
-7.25197 -7.25241
-7.01754 -7.01706
-7.04916 -7.05029
-7.00635 -7.0083
-7.04831 -7.04589
-7.24721 -7.24783
-7.10052 -7.10089
-7.26313 -7.26423
-7.31966 -7.32014
-6.64623 -6.64484
-7.20209 -7.20221
-7.01379 -7.01344
-6.98536 -6.98521
-7.05714 -7.05892
-6.65787 -6.65574
-7.05074 -7.05194
-6.49548 -6.49505
-7.28296 -7.28307
-7.30598 -7.30609
-7.06675 -7.0671
-7.27296 -7.27402
-7.2701 -7.26951
-6.75251 -6.75172
-7.03036 -7.02885
-7.21202 -7.21336
-7.28335 -7.2827
-6.61818 -6.61474
-7.36047 -7.36064
-7.25431 -7.25723
-7.34974 -7.35016
-7.23226 -7.2326
-7.25197 -7.25197
-7.01565 -7.01552
-6.99987 -7.00046
-7.28494 -7.28521
-6.73537 -6.73381
-6.76192 -6.76059
-7.01791 -7.01777
-6.91199 -6.91089
-6.82486 -6.82599
-7.00452 -7.00451
-7.28112 -7.27965
-7.14747 -7.1479
-7.0838 -7.08478
-6.91152 -6.91161
-6.98961 -6.99093
-6.7608 -6.76151
-6.80935 -6.80525
-7.24449 -7.24355
-7.02313 -7.02343
-7.26971 -7.26885
-7.33109 -7.33116
-7.04752 -7.04869
-7.12071 -7.12117
-7.05433 -7.05393
-7.26385 -7.26493
-7.09413 -7.09331
-6.93208 -6.92997
-6.7892 -6.78909
-7.30223 -7.30236
-7.0009 -7.00055
-7.34167 -7.34204
-7.04997 -7.04978
-6.93669 -6.93698
-6.61993 -6.62358
-6.79816 -6.79844
-7.30667 -7.30602
-7.27179 -7.27203
-7.35264 -7.35308
-7.03098 -7.03064
-7.32171 -7.32173
-7.0418 -7.0423
-7.22553 -7.22756
-7.09597 -7.09642
-7.04362 -7.04295
-7.32392 -7.32389
-6.84034 -6.84179
-7.26398 -7.26378
-7.0428 -7.04342
-6.7024 -6.70366
-7.22304 -7.22266
-7.02862 -7.02707
-7.24475 -7.24388
-7.14133 -7.14186
-7.04966 -7.05239
-6.76432 -6.76464
-6.78144 -6.77867
-7.14788 -7.14827
-7.26447 -7.26405
-7.29746 -7.29741
-6.6341 -6.63316
-7.03877 -7.03804
-7.04638 -7.0472
-7.04238 -7.04171
-7.05961 -7.05984
-7.30607 -7.30656
-7.01187 -7.01142
-7.05101 -7.04967
-7.01568 -7.01927
-6.85492 -6.85578
-7.26186 -7.26274
-7.36467 -7.36499
-7.26175 -7.26175
-7.24468 -7.24527
-7.03814 -7.03684
-7.03008 -7.0283
-6.76372 -6.76542
-7.27358 -7.27351
-7.33309 -7.33339
-6.86997 -6.87035
-6.81281 -6.80862
-7.00811 -7.00692
-7.14439 -7.14481
-6.94139 -6.94145
-7.35501 -7.35528
-7.04605 -7.04848
-7.06212 -7.06357
-7.07647 -7.07757
-7.05312 -7.05319
-7.02902 -7.02835
-7.35366 -7.35385
-7.10386 -7.10411
-7.06848 -7.06885
-7.04322 -7.04217
-7.20938 -7.2082
-7.08461 -7.08518
-6.76456 -6.76641
-7.08476 -7.08526
-6.71824 -6.7215
-6.77162 -6.77181
-7.27302 -7.2742
-7.20172 -7.20155
-7.24505 -7.24549
-7.05605 -7.05672
-6.56878 -6.5673
-7.05624 -7.05351
-6.86477 -6.86283
-7.02705 -7.02644
-7.37302 -7.37347
-7.04605 -7.04854
-7.31037 -7.31146
-7.06796 -7.06852
-7.06131 -7.06073
-7.03012 -7.02858
-7.25536 -7.25708
-7.2708 -7.27005
-7.27179 -7.27315
-7.27685 -7.27694
-6.51801 -6.5202
-7.28682 -7.28673
-7.09076 -7.09071
-7.30542 -7.30493
-6.98982 -6.99216
-6.72825 -6.72767
-7.27034 -7.26972
-7.03212 -7.03077
-7.25938 -7.25858
-7.29067 -7.29113
-7.00376 -7.00375
-7.26076 -7.26047
-7.09124 -7.0914
-7.1314 -7.13178
-7.06165 -7.0634
-7.25377 -7.2527
-7.09922 -7.09865
-7.02191 -7.01735
-6.77368 -6.77252
-7.35999 -7.36034
-7.03832 -7.03657
-7.22376 -7.22195
-7.27088 -7.26938
-7.28269 -7.28201
-7.0362 -7.03651
-7.0304 -7.03149
-7.04907 -7.04978
-7.02187 -7.02006
-7.03937 -7.03853
-7.08709 -7.08595
-7.06984 -7.06902
-7.21357 -7.2155
-7.07357 -7.07336
-7.21116 -7.21172
-7.04041 -7.04047
-7.03829 -7.03824
-6.71872 -6.7175
-7.26642 -7.26762
-7.04183 -7.04198
-6.7079 -6.7071
-7.09234 -7.09305
-7.31585 -7.31532
-6.80435 -6.8027
-7.02178 -7.02143
-6.85518 -6.85573
-7.03263 -7.0327
-6.9706 -6.96837
-7.24341 -7.24433
-7.2304 -7.23006
-7.35623 -7.35661
-7.23738 -7.23683
-7.14478 -7.14515
-7.24798 -7.24687
-7.0504 -7.04922
-7.36513 -7.36532
-6.77228 -6.7711
-7.10557 -7.10536
-7.00143 -7.00365
-7.06297 -7.06087
-7.06713 -7.06805
-7.27343 -7.27413
-6.80716 -6.8071
-6.89144 -6.88754
-7.34723 -7.34775
-7.21537 -7.21764
-7.27449 -7.27297
-7.1429 -7.14317
-7.04634 -7.04891
-7.25443 -7.25534
-7.01436 -7.0157
-7.05212 -7.0528
-7.2351 -7.23972
-7.10466 -7.10479
-7.02281 -7.02247
-7.26963 -7.27009
-7.05757 -7.05714
-7.13895 -7.13938
-7.31976 -7.31962
-6.82907 -6.82661
-7.22715 -7.22659
-7.03233 -7.03042
-7.24796 -7.24943
-7.33103 -7.33158
-7.08675 -7.08614
-7.04711 -7.04426
-7.03501 -7.03332
-6.75795 -6.75554
-7.04726 -7.04679
-7.05976 -7.05878
-7.14365 -7.14391
-7.04514 -7.04485
-6.74569 -6.7428
-7.0135 -7.01432
-7.09357 -7.09323
-7.27077 -7.27007
-7.22766 -7.2293
-7.2697 -7.26908
-6.76318 -6.75831
-7.08007 -7.07905
-6.83985 -6.84137
-7.0741 -7.07462
-7.028 -7.02673
-6.89692 -6.89947
-7.22913 -7.22988
-7.02361 -7.02248
-6.92108 -6.92034
-7.24809 -7.24897
-7.21789 -7.21747
-7.0112 -7.01104
-7.31192 -7.3111
-7.26961 -7.27
-6.60086 -6.5978
-6.97316 -6.96959
-7.20662 -7.20763
-7.28802 -7.28813
-6.6519 -6.64897
-7.23688 -7.23743
-7.25276 -7.25273
-7.27219 -7.27155
-7.05524 -7.05665
-7.00925 -7.00945
-6.80747 -6.80337
-7.06561 -7.06618
-6.75822 -6.7567
-7.22619 -7.23042
-7.03606 -7.03712
-6.75419 -6.7534
-7.27134 -7.27114
-7.07164 -7.0715
-7.21729 -7.21842
-7.31913 -7.31942
-7.2328 -7.23284
-6.85232 -6.8503
-7.30135 -7.30063
-7.11659 -7.11719
-7.24349 -7.24383
-7.15105 -7.15149
-6.97532 -6.97514
-7.26494 -7.26579
-7.25326 -7.2534
-7.05393 -7.05285
-7.25458 -7.25636
-6.90288 -6.90233
-7.03689 -7.03693
-7.00289 -7.0017
-6.85359 -6.85227
-6.96129 -6.96179
-7.23221 -7.23386
-7.02582 -7.02513
-7.29666 -7.29526
-7.00965 -7.01319
-7.03666 -7.03809
-7.26306 -7.26475
-7.36978 -7.37022
-7.01365 -7.01324
-7.01122 -7.00957
-7.12813 -7.12874
-7.26626 -7.26727
-7.02325 -7.025
-7.08061 -7.08042
-6.8864 -6.88516
-7.04321 -7.04256
-6.96641 -6.96573
-7.07112 -7.07181
-7.37152 -7.372
-6.98165 -6.97923
-7.00008 -6.99979
-6.75228 -6.75032
-7.08316 -7.08372
-7.27535 -7.27427
-7.23607 -7.2359
-7.1383 -7.1387
-7.22585 -7.22803
-7.0449 -7.04592
-7.00827 -7.00836
-7.04096 -7.04213
-7.37701 -7.37757
-7.04045 -7.03883
-6.66004 -6.65719
-7.06084 -7.06114
-6.65416 -6.65374
-7.19622 -7.19666
-7.31306 -7.31282
-7.01283 -7.01234
-7.24967 -7.24928
-7.0289 -7.03126
-7.06165 -7.0634
-7.23552 -7.23509
-7.3252 -7.32574
-7.01424 -7.01679
-6.88065 -6.88148
-7.36852 -7.36889
-7.23296 -7.23535
-6.74826 -6.74784
-7.24964 -7.24972
-7.21137 -7.21205
-7.08814 -7.08826
-6.88158 -6.88289
-6.69764 -6.69851
-7.03851 -7.03978
-6.81467 -6.81359
-6.87092 -6.87153
-7.34682 -7.34738
-6.92326 -6.92215
-7.27694 -7.27702
-7.25628 -7.25604
-7.04093 -7.04097
-7.01755 -7.0186
-7.27116 -7.27058
-7.3483 -7.349
-6.64531 -6.64061
-7.05999 -7.06152
-7.02944 -7.0272
-7.06024 -7.06052
-7.07724 -7.07633
-7.31306 -7.31255
-7.03816 -7.03908
-7.07196 -7.07206
-7.28139 -7.28079
-7.30234 -7.30122
-7.26931 -7.27
-7.03106 -7.03124
-7.2576 -7.25814
-7.33799 -7.33811
-7.26977 -7.26906
-6.99732 -6.99686
-6.89451 -6.89027
-7.30273 -7.3027
-6.96107 -6.95768
-7.35438 -7.35491
-7.33773 -7.33777
-7.07649 -7.07617
-7.02432 -7.02242
-7.27429 -7.27453
-7.29657 -7.29623
-7.02811 -7.02907
-7.06503 -7.06571
-7.25124 -7.25178
-7.04284 -7.04251
-7.29954 -7.30042
-7.13308 -7.13282
-7.01494 -7.01569
-7.01515 -7.0152
-7.34713 -7.34747
-7.25536 -7.25546
-7.23524 -7.23654
-7.04434 -7.04022
-6.97828 -6.97958
-7.26855 -7.26808
-7.08411 -7.08477
-7.03525 -7.03875
-7.27319 -7.27409
-6.97693 -6.97491
-6.63868 -6.63963
-6.93439 -6.93347
-7.03054 -7.03036
-7.12926 -7.12983
-7.07108 -7.07143
-7.15589 -7.15639
-7.06887 -7.06976
-7.04551 -7.04425
-7.2412 -7.24096
-6.796 -6.79435
-7.03462 -7.03358
-6.83188 -6.83098
-7.09597 -7.0963
-7.31105 -7.31033
-7.04166 -7.04242
-7.01121 -7.01343
-7.04763 -7.04776
-7.05399 -7.0539
-7.36259 -7.36281
-7.03462 -7.0355
-7.00232 -7.00332
-7.33834 -7.3382
-6.83667 -6.83703
-7.27769 -7.277
-7.05463 -7.05289
-7.27861 -7.27896
-7.03255 -7.03221
-6.68252 -6.68306
-6.81615 -6.81658
-7.32465 -7.324
-6.99061 -6.99087
-7.01498 -7.01594
-7.10541 -7.10523
-7.26355 -7.26376
